<!doctype html>

<meta charset="utf-8">
<meta name="viewport" content="width=device-width, initial-scale=1" />
<title>Experiment results</title>
<style>
* {
    box-sizing: border-box;
}

html {
    line-height: 1.15;
}

body {
    font-family: sans-serif;
    font-size: 16px;
}

table {
    border-collapse: collapse;
    border-spacing: 0;
}

td, th {
    border-right: 1px #dedede solid;
    border-bottom: 1px #dedede solid;
    padding: 5px;
    text-align: left;
}
td:first-child, th:first-child {
    border-left: 1px #dedede solid;
}
th {
    border-top: 1px #dedede solid;
}

tbody tr:nth-child(odd) {
    background-color: #f4f5ff;
}

.chat_prompt {
    background-color: #fff7f2;
    max-width: 50%;
    overflow: scroll;
}

.chat_response {
    background-color: #fcfff2;
    max-width: 50%;
    overflow: scroll;
    margin-left: auto;
}
</style>
<body>
    LLM: 
    
<h1>output-xpdf-_zn6pdfdoc12displaypagesep9outputdeviiddiiiipfipves2_ / 01</h1>
Bug: False
<br>
Crash reason: -
<br>
<br>









<h3>Final code</h3>

<pre>
#include &lt;fuzzer/FuzzedDataProvider.h&gt;
#include &#34;PDFDoc.h&#34;
#include &#34;OutputDev.h&#34;

class DummyOutputDev : public OutputDev {
public:
    GBool upsideDown() override { return false; }
    GBool useDrawChar() override { return false; }
    GBool interpretType3Chars() override { return false; }
};

// Define the dummy abort check function outside the LLVMFuzzerTestOneInput function
GBool dummyAbortCheck(void* data) { return false; }

extern &#34;C&#34; int LLVMFuzzerTestOneInput(const uint8_t *data, size_t size) {
    FuzzedDataProvider stream(data, size);

    // Initialize parameters for PDFDoc::displayPages
    DummyOutputDev outputDev;
    int pageNum = stream.ConsumeIntegral&lt;int&gt;();
    int numPages = stream.ConsumeIntegral&lt;int&gt;();
    double scaleX = stream.ConsumeFloatingPoint&lt;double&gt;();
    double scaleY = stream.ConsumeFloatingPoint&lt;double&gt;();
    int rotation = stream.ConsumeIntegral&lt;int&gt;();
    GBool useMediaBox = static_cast&lt;GBool&gt;(stream.ConsumeBool());
    GBool crop = static_cast&lt;GBool&gt;(stream.ConsumeBool());
    GBool printing = static_cast&lt;GBool&gt;(stream.ConsumeBool());
    GBool abort = static_cast&lt;GBool&gt;(stream.ConsumeBool());
    void *abortData = nullptr;

    // Call the function-under-test
    PDFDoc pdfDoc(nullptr, nullptr, nullptr, nullptr, dummyAbortCheck); // Use the constructor that accepts an abort check function
    pdfDoc.displayPages(&amp;outputDev, pageNum, numPages, scaleX, scaleY, rotation, useMediaBox, crop, printing, abort, abortData);

    return 0;
}
</pre>


<h3>Fixer prompt #1</h3>
<pre>

Given the following C++ fuzz harness and its build error message, fix the code to make it build for fuzzing.

If there is undeclared identifier or unknown type name error, fix it by finding and including the related libraries.

MUST RETURN THE FULL CODE, INCLUDING UNCHANGED PARTS.

Below is the code needs to be built:
&lt;code&gt;
#include &lt;fuzzer/FuzzedDataProvider.h&gt;
#include &#34;PDFDoc.h&#34;

extern &#34;C&#34; int LLVMFuzzerTestOneInput(const uint8_t *data, size_t size) {
    FuzzedDataProvider stream(data, size);

    // Initialize parameters for PDFDoc::displayPages
    OutputDev outputDev;
    int pageNum = stream.ConsumeIntegral&lt;int&gt;();
    int numPages = stream.ConsumeIntegral&lt;int&gt;();
    double scaleX = stream.ConsumeFloatingPoint&lt;double&gt;();
    double scaleY = stream.ConsumeFloatingPoint&lt;double&gt;();
    int rotation = stream.ConsumeIntegral&lt;int&gt;();
    GBool useMediaBox = static_cast&lt;GBool&gt;(stream.ConsumeBool());
    GBool crop = static_cast&lt;GBool&gt;(stream.ConsumeBool());
    GBool printing = static_cast&lt;GBool&gt;(stream.ConsumeBool());
    DW_TAG_subroutine_typeInfinite loop *abort = nullptr;
    void *abortData = nullptr;

    // Call the function-under-test
    PDFDoc::displayPages(&amp;outputDev, pageNum, numPages, scaleX, scaleY, rotation, useMediaBox, crop, printing, abort, abortData);

    return 0;
}
&lt;/code&gt;

Below is the error to fix:
The code has the following build issues:
&lt;error&gt;
fuzz_zxdoc.cc:8:15: error: variable has incomplete type &#39;OutputDev&#39;
    8 |     OutputDev outputDev;
      |               ^
../xpdf/Page.h:19:7: note: forward declaration of &#39;OutputDev&#39;
   19 | class OutputDev;
      |       ^
fuzz_zxdoc.cc:17:5: error: unknown type name &#39;DW_TAG_subroutine_typeInfinite&#39;
   17 |     DW_TAG_subroutine_typeInfinite loop *abort = nullptr;
      |     ^
fuzz_zxdoc.cc:17:40: error: expected &#39;;&#39; at end of declaration
   17 |     DW_TAG_subroutine_typeInfinite loop *abort = nullptr;
      |                                        ^
      |                                        ;
fuzz_zxdoc.cc:21:13: error: call to non-static member function without an object argument
   21 |     PDFDoc::displayPages(&amp;outputDev, pageNum, numPages, scaleX, scaleY, rotation, useMediaBox, crop, printing, abort, abortData);
      |     ~~~~~~~~^~~~~~~~~~~~
&lt;/error&gt;


Below are instructions to assist you in fixing the error.
&lt;instruction&gt;
IMPORTANT: ALWAYS INCLUDE STANDARD LIBRARIES BEFORE PROJECT-SPECIFIC (xpdf) LIBRARIES. This order prevents errors like &#34;unknown type name&#34; for basic types. Additionally, include project-specific libraries that contain declarations before those thatuse these declared symbols.
&lt;/instruction&gt;

Fix code:
1. Consider possible solutions for the issues listed above.
2. Choose a solution that can maximize fuzzing result, which is utilizing the function under test and feeding it not null input.
3. Apply the solutions to the original code.
It&#39;s important to show the complete code, not only the fixed line.
&lt;solution&gt;
</pre>



<h3>Code #1</h3>

<pre>
```cpp
#include &lt;fuzzer/FuzzedDataProvider.h&gt;
#include &#34;PDFDoc.h&#34;
#include &#34;OutputDev.h&#34;

extern &#34;C&#34; int LLVMFuzzerTestOneInput(const uint8_t *data, size_t size) {
    FuzzedDataProvider stream(data, size);

    // Initialize parameters for PDFDoc::displayPages
    OutputDev outputDev;
    int pageNum = stream.ConsumeIntegral&lt;int&gt;();
    int numPages = stream.ConsumeIntegral&lt;int&gt;();
    double scaleX = stream.ConsumeFloatingPoint&lt;double&gt;();
    double scaleY = stream.ConsumeFloatingPoint&lt;double&gt;();
    int rotation = stream.ConsumeIntegral&lt;int&gt;();
    GBool useMediaBox = static_cast&lt;GBool&gt;(stream.ConsumeBool());
    GBool crop = static_cast&lt;GBool&gt;(stream.ConsumeBool());
    GBool printing = static_cast&lt;GBool&gt;(stream.ConsumeBool());
    GBool abort = static_cast&lt;GBool&gt;(stream.ConsumeBool());
    void *abortData = nullptr;

    // Call the function-under-test
    PDFDoc::displayPages(&amp;outputDev, pageNum, numPages, scaleX, scaleY, rotation, useMediaBox, crop, printing, abort, abortData);

    return 0;
}
```
</pre>


<h3>Fixer prompt #2</h3>
<pre>

Given the following C++ fuzz harness and its build error message, fix the code to make it build for fuzzing.

If there is undeclared identifier or unknown type name error, fix it by finding and including the related libraries.

MUST RETURN THE FULL CODE, INCLUDING UNCHANGED PARTS.

Below is the code needs to be built:
&lt;code&gt;
#include &lt;fuzzer/FuzzedDataProvider.h&gt;
#include &#34;PDFDoc.h&#34;
#include &#34;OutputDev.h&#34;

extern &#34;C&#34; int LLVMFuzzerTestOneInput(const uint8_t *data, size_t size) {
    FuzzedDataProvider stream(data, size);

    // Initialize parameters for PDFDoc::displayPages
    OutputDev outputDev;
    int pageNum = stream.ConsumeIntegral&lt;int&gt;();
    int numPages = stream.ConsumeIntegral&lt;int&gt;();
    double scaleX = stream.ConsumeFloatingPoint&lt;double&gt;();
    double scaleY = stream.ConsumeFloatingPoint&lt;double&gt;();
    int rotation = stream.ConsumeIntegral&lt;int&gt;();
    GBool useMediaBox = static_cast&lt;GBool&gt;(stream.ConsumeBool());
    GBool crop = static_cast&lt;GBool&gt;(stream.ConsumeBool());
    GBool printing = static_cast&lt;GBool&gt;(stream.ConsumeBool());
    GBool abort = static_cast&lt;GBool&gt;(stream.ConsumeBool());
    void *abortData = nullptr;

    // Call the function-under-test
    PDFDoc::displayPages(&amp;outputDev, pageNum, numPages, scaleX, scaleY, rotation, useMediaBox, crop, printing, abort, abortData);

    return 0;
}
&lt;/code&gt;

Below is the error to fix:
The code has the following build issues:
&lt;error&gt;
fuzz_zxdoc.cc:9:15: error: variable type &#39;OutputDev&#39; is an abstract class
    9 |     OutputDev outputDev;
      |               ^
../xpdf/OutputDev.h:48:17: note: unimplemented pure virtual method &#39;upsideDown&#39; in &#39;OutputDev&#39;
   48 |   virtual GBool upsideDown() = 0;
      |                 ^
../xpdf/OutputDev.h:51:17: note: unimplemented pure virtual method &#39;useDrawChar&#39; in &#39;OutputDev&#39;
   51 |   virtual GBool useDrawChar() = 0;
      |                 ^
../xpdf/OutputDev.h:64:17: note: unimplemented pure virtual method &#39;interpretType3Chars&#39; in &#39;OutputDev&#39;
   64 |   virtual GBool interpretType3Chars() = 0;
      |                 ^
fuzz_zxdoc.cc:22:13: error: call to non-static member function without an object argument
   22 |     PDFDoc::displayPages(&amp;outputDev, pageNum, numPages, scaleX, scaleY, rotation, useMediaBox, crop, printing, abort, abortData);
      |     ~~~~~~~~^~~~~~~~~~~~
&lt;/error&gt;




Fix code:
1. Consider possible solutions for the issues listed above.
2. Choose a solution that can maximize fuzzing result, which is utilizing the function under test and feeding it not null input.
3. Apply the solutions to the original code.
It&#39;s important to show the complete code, not only the fixed line.
&lt;solution&gt;
</pre>



<h3>Code #2</h3>

<pre>
```cpp
#include &lt;fuzzer/FuzzedDataProvider.h&gt;
#include &#34;PDFDoc.h&#34;
#include &#34;OutputDev.h&#34;

class DummyOutputDev : public OutputDev {
public:
    GBool upsideDown() override { return false; }
    GBool useDrawChar() override { return false; }
    GBool interpretType3Chars() override { return false; }
};

extern &#34;C&#34; int LLVMFuzzerTestOneInput(const uint8_t *data, size_t size) {
    FuzzedDataProvider stream(data, size);

    // Initialize parameters for PDFDoc::displayPages
    DummyOutputDev outputDev;
    int pageNum = stream.ConsumeIntegral&lt;int&gt;();
    int numPages = stream.ConsumeIntegral&lt;int&gt;();
    double scaleX = stream.ConsumeFloatingPoint&lt;double&gt;();
    double scaleY = stream.ConsumeFloatingPoint&lt;double&gt;();
    int rotation = stream.ConsumeIntegral&lt;int&gt;();
    GBool useMediaBox = static_cast&lt;GBool&gt;(stream.ConsumeBool());
    GBool crop = static_cast&lt;GBool&gt;(stream.ConsumeBool());
    GBool printing = static_cast&lt;GBool&gt;(stream.ConsumeBool());
    GBool abort = static_cast&lt;GBool&gt;(stream.ConsumeBool());
    void *abortData = nullptr;

    // Call the function-under-test
    PDFDoc::displayPages(&amp;outputDev, pageNum, numPages, scaleX, scaleY, rotation, useMediaBox, crop, printing, abort, abortData);

    return 0;
}
```
</pre>


<h3>Fixer prompt #3</h3>
<pre>

Given the following C++ fuzz harness and its build error message, fix the code to make it build for fuzzing.

If there is undeclared identifier or unknown type name error, fix it by finding and including the related libraries.

MUST RETURN THE FULL CODE, INCLUDING UNCHANGED PARTS.

Below is the code needs to be built:
&lt;code&gt;
#include &lt;fuzzer/FuzzedDataProvider.h&gt;
#include &#34;PDFDoc.h&#34;
#include &#34;OutputDev.h&#34;

class DummyOutputDev : public OutputDev {
public:
    GBool upsideDown() override { return false; }
    GBool useDrawChar() override { return false; }
    GBool interpretType3Chars() override { return false; }
};

extern &#34;C&#34; int LLVMFuzzerTestOneInput(const uint8_t *data, size_t size) {
    FuzzedDataProvider stream(data, size);

    // Initialize parameters for PDFDoc::displayPages
    DummyOutputDev outputDev;
    int pageNum = stream.ConsumeIntegral&lt;int&gt;();
    int numPages = stream.ConsumeIntegral&lt;int&gt;();
    double scaleX = stream.ConsumeFloatingPoint&lt;double&gt;();
    double scaleY = stream.ConsumeFloatingPoint&lt;double&gt;();
    int rotation = stream.ConsumeIntegral&lt;int&gt;();
    GBool useMediaBox = static_cast&lt;GBool&gt;(stream.ConsumeBool());
    GBool crop = static_cast&lt;GBool&gt;(stream.ConsumeBool());
    GBool printing = static_cast&lt;GBool&gt;(stream.ConsumeBool());
    GBool abort = static_cast&lt;GBool&gt;(stream.ConsumeBool());
    void *abortData = nullptr;

    // Call the function-under-test
    PDFDoc::displayPages(&amp;outputDev, pageNum, numPages, scaleX, scaleY, rotation, useMediaBox, crop, printing, abort, abortData);

    return 0;
}
&lt;/code&gt;

Below is the error to fix:
The code has the following build issues:
&lt;error&gt;
fuzz_zxdoc.cc:29:13: error: call to non-static member function without an object argument
   29 |     PDFDoc::displayPages(&amp;outputDev, pageNum, numPages, scaleX, scaleY, rotation, useMediaBox, crop, printing, abort, abortData);
      |     ~~~~~~~~^~~~~~~~~~~~
&lt;/error&gt;




Fix code:
1. Consider possible solutions for the issues listed above.
2. Choose a solution that can maximize fuzzing result, which is utilizing the function under test and feeding it not null input.
3. Apply the solutions to the original code.
It&#39;s important to show the complete code, not only the fixed line.
&lt;solution&gt;
</pre>



<h3>Code #3</h3>

<pre>
```cpp
#include &lt;fuzzer/FuzzedDataProvider.h&gt;
#include &#34;PDFDoc.h&#34;
#include &#34;OutputDev.h&#34;

class DummyOutputDev : public OutputDev {
public:
    GBool upsideDown() override { return false; }
    GBool useDrawChar() override { return false; }
    GBool interpretType3Chars() override { return false; }
};

extern &#34;C&#34; int LLVMFuzzerTestOneInput(const uint8_t *data, size_t size) {
    FuzzedDataProvider stream(data, size);

    // Initialize parameters for PDFDoc::displayPages
    DummyOutputDev outputDev;
    int pageNum = stream.ConsumeIntegral&lt;int&gt;();
    int numPages = stream.ConsumeIntegral&lt;int&gt;();
    double scaleX = stream.ConsumeFloatingPoint&lt;double&gt;();
    double scaleY = stream.ConsumeFloatingPoint&lt;double&gt;();
    int rotation = stream.ConsumeIntegral&lt;int&gt;();
    GBool useMediaBox = static_cast&lt;GBool&gt;(stream.ConsumeBool());
    GBool crop = static_cast&lt;GBool&gt;(stream.ConsumeBool());
    GBool printing = static_cast&lt;GBool&gt;(stream.ConsumeBool());
    GBool abort = static_cast&lt;GBool&gt;(stream.ConsumeBool());
    void *abortData = nullptr;

    // Call the function-under-test
    PDFDoc pdfDoc;
    pdfDoc.displayPages(&amp;outputDev, pageNum, numPages, scaleX, scaleY, rotation, useMediaBox, crop, printing, abort, abortData);

    return 0;
}
```
</pre>


<h3>Fixer prompt #4</h3>
<pre>

Given the following C++ fuzz harness and its build error message, fix the code to make it build for fuzzing.

If there is undeclared identifier or unknown type name error, fix it by finding and including the related libraries.

MUST RETURN THE FULL CODE, INCLUDING UNCHANGED PARTS.

Below is the code needs to be built:
&lt;code&gt;
#include &lt;fuzzer/FuzzedDataProvider.h&gt;
#include &#34;PDFDoc.h&#34;
#include &#34;OutputDev.h&#34;

class DummyOutputDev : public OutputDev {
public:
    GBool upsideDown() override { return false; }
    GBool useDrawChar() override { return false; }
    GBool interpretType3Chars() override { return false; }
};

extern &#34;C&#34; int LLVMFuzzerTestOneInput(const uint8_t *data, size_t size) {
    FuzzedDataProvider stream(data, size);

    // Initialize parameters for PDFDoc::displayPages
    DummyOutputDev outputDev;
    int pageNum = stream.ConsumeIntegral&lt;int&gt;();
    int numPages = stream.ConsumeIntegral&lt;int&gt;();
    double scaleX = stream.ConsumeFloatingPoint&lt;double&gt;();
    double scaleY = stream.ConsumeFloatingPoint&lt;double&gt;();
    int rotation = stream.ConsumeIntegral&lt;int&gt;();
    GBool useMediaBox = static_cast&lt;GBool&gt;(stream.ConsumeBool());
    GBool crop = static_cast&lt;GBool&gt;(stream.ConsumeBool());
    GBool printing = static_cast&lt;GBool&gt;(stream.ConsumeBool());
    GBool abort = static_cast&lt;GBool&gt;(stream.ConsumeBool());
    void *abortData = nullptr;

    // Call the function-under-test
    PDFDoc pdfDoc;
    pdfDoc.displayPages(&amp;outputDev, pageNum, numPages, scaleX, scaleY, rotation, useMediaBox, crop, printing, abort, abortData);

    return 0;
}
&lt;/code&gt;

Below is the error to fix:
The code has the following build issues:
&lt;error&gt;
fuzz_zxdoc.cc:29:12: error: no matching constructor for initialization of &#39;PDFDoc&#39;
   29 |     PDFDoc pdfDoc;
      |            ^
../xpdf/PDFDoc.h:35:7: note: candidate constructor (the implicit copy constructor) not viable: requires 1 argument, but 0 were provided
   35 | class PDFDoc {
      |       ^~~~~~
../xpdf/PDFDoc.h:38:3: note: candidate constructor not viable: requires at least argument &#39;fileNameA&#39;, but no arguments were provided
   38 |   PDFDoc(GString *fileNameA, GString *ownerPassword = NULL,
      |   ^      ~~~~~~~~~~~~~~~~~~~~~~~~~~~~~~~~~~~~~~~~~~~~~~~~~~
   39 |          GString *userPassword = NULL, PDFCore *coreA = NULL);
      |          ~~~~~~~~~~~~~~~~~~~~~~~~~~~~~~~~~~~~~~~~~~~~~~~~~~~
../xpdf/PDFDoc.h:48:3: note: candidate constructor not viable: requires at least argument &#39;fileNameA&#39;, but no arguments were provided
   48 |   PDFDoc(char *fileNameA, GString *ownerPassword = NULL,
      |   ^      ~~~~~~~~~~~~~~~~~~~~~~~~~~~~~~~~~~~~~~~~~~~~~~~
   49 |          GString *userPassword = NULL, PDFCore *coreA = NULL);
      |          ~~~~~~~~~~~~~~~~~~~~~~~~~~~~~~~~~~~~~~~~~~~~~~~~~~~
../xpdf/PDFDoc.h:51:3: note: candidate constructor not viable: requires at least argument &#39;strA&#39;, but no arguments were provided
   51 |   PDFDoc(BaseStream *strA, GString *ownerPassword = NULL,
      |   ^      ~~~~~~~~~~~~~~~~~~~~~~~~~~~~~~~~~~~~~~~~~~~~~~~~
   52 |          GString *userPassword = NULL, PDFCore *coreA = NULL);
      |          ~~~~~~~~~~~~~~~~~~~~~~~~~~~~~~~~~~~~~~~~~~~~~~~~~~~
fuzz_zxdoc.cc:30:111: error: cannot initialize a parameter of type &#39;GBool (*)(void *)&#39; (aka &#39;int (*)(void *)&#39;) with an lvalue of type &#39;GBool&#39; (aka &#39;int&#39;)
   30 |     pdfDoc.displayPages(&amp;outputDev, pageNum, numPages, scaleX, scaleY, rotation, useMediaBox, crop, printing, abort, abortData);
      |                                                                                                               ^~~~~
../xpdf/PDFDoc.h:113:15: note: passing argument to parameter &#39;abortCheckCbk&#39; here
  113 |                     GBool (*abortCheckCbk)(void *data) = NULL,
      |                             ^
&lt;/error&gt;




Fix code:
1. Consider possible solutions for the issues listed above.
2. Choose a solution that can maximize fuzzing result, which is utilizing the function under test and feeding it not null input.
3. Apply the solutions to the original code.
It&#39;s important to show the complete code, not only the fixed line.
&lt;solution&gt;
</pre>



<h3>Code #4</h3>

<pre>
```cpp
#include &lt;fuzzer/FuzzedDataProvider.h&gt;
#include &#34;PDFDoc.h&#34;
#include &#34;OutputDev.h&#34;

class DummyOutputDev : public OutputDev {
public:
    GBool upsideDown() override { return false; }
    GBool useDrawChar() override { return false; }
    GBool interpretType3Chars() override { return false; }
};

extern &#34;C&#34; int LLVMFuzzerTestOneInput(const uint8_t *data, size_t size) {
    FuzzedDataProvider stream(data, size);

    // Initialize parameters for PDFDoc::displayPages
    DummyOutputDev outputDev;
    int pageNum = stream.ConsumeIntegral&lt;int&gt;();
    int numPages = stream.ConsumeIntegral&lt;int&gt;();
    double scaleX = stream.ConsumeFloatingPoint&lt;double&gt;();
    double scaleY = stream.ConsumeFloatingPoint&lt;double&gt;();
    int rotation = stream.ConsumeIntegral&lt;int&gt;();
    GBool useMediaBox = static_cast&lt;GBool&gt;(stream.ConsumeBool());
    GBool crop = static_cast&lt;GBool&gt;(stream.ConsumeBool());
    GBool printing = static_cast&lt;GBool&gt;(stream.ConsumeBool());
    GBool abort = static_cast&lt;GBool&gt;(stream.ConsumeBool());
    void *abortData = nullptr;

    // Call the function-under-test
    GBool dummyAbortCheck(void* data) { return false; } // Define a dummy abort check function
    PDFDoc pdfDoc(nullptr, nullptr, nullptr, nullptr, dummyAbortCheck); // Use the constructor that accepts an abort check function
    pdfDoc.displayPages(&amp;outputDev, pageNum, numPages, scaleX, scaleY, rotation, useMediaBox, crop, printing, abort, abortData);

    return 0;
}
```  
</pre>


<h3>Fixer prompt #5</h3>
<pre>

Given the following C++ fuzz harness and its build error message, fix the code to make it build for fuzzing.

If there is undeclared identifier or unknown type name error, fix it by finding and including the related libraries.

MUST RETURN THE FULL CODE, INCLUDING UNCHANGED PARTS.

Below is the code needs to be built:
&lt;code&gt;
#include &lt;fuzzer/FuzzedDataProvider.h&gt;
#include &#34;PDFDoc.h&#34;
#include &#34;OutputDev.h&#34;

class DummyOutputDev : public OutputDev {
public:
    GBool upsideDown() override { return false; }
    GBool useDrawChar() override { return false; }
    GBool interpretType3Chars() override { return false; }
};

extern &#34;C&#34; int LLVMFuzzerTestOneInput(const uint8_t *data, size_t size) {
    FuzzedDataProvider stream(data, size);

    // Initialize parameters for PDFDoc::displayPages
    DummyOutputDev outputDev;
    int pageNum = stream.ConsumeIntegral&lt;int&gt;();
    int numPages = stream.ConsumeIntegral&lt;int&gt;();
    double scaleX = stream.ConsumeFloatingPoint&lt;double&gt;();
    double scaleY = stream.ConsumeFloatingPoint&lt;double&gt;();
    int rotation = stream.ConsumeIntegral&lt;int&gt;();
    GBool useMediaBox = static_cast&lt;GBool&gt;(stream.ConsumeBool());
    GBool crop = static_cast&lt;GBool&gt;(stream.ConsumeBool());
    GBool printing = static_cast&lt;GBool&gt;(stream.ConsumeBool());
    GBool abort = static_cast&lt;GBool&gt;(stream.ConsumeBool());
    void *abortData = nullptr;

    // Call the function-under-test
    GBool dummyAbortCheck(void* data) { return false; } // Define a dummy abort check function
    PDFDoc pdfDoc(nullptr, nullptr, nullptr, nullptr, dummyAbortCheck); // Use the constructor that accepts an abort check function
    pdfDoc.displayPages(&amp;outputDev, pageNum, numPages, scaleX, scaleY, rotation, useMediaBox, crop, printing, abort, abortData);

    return 0;
}
&lt;/code&gt;

Below is the error to fix:
The code has the following build issues:
&lt;error&gt;
fuzz_zxdoc.cc:29:39: error: function definition is not allowed here
   29 |     GBool dummyAbortCheck(void* data) { return false; } // Define a dummy abort check function
      |                                       ^
fuzz_zxdoc.cc:30:55: error: use of undeclared identifier &#39;dummyAbortCheck&#39;
   30 |     PDFDoc pdfDoc(nullptr, nullptr, nullptr, nullptr, dummyAbortCheck); // Use the constructor that accepts an abort check function
      |                                                       ^
fuzz_zxdoc.cc:31:111: error: cannot initialize a parameter of type &#39;GBool (*)(void *)&#39; (aka &#39;int (*)(void *)&#39;) with an lvalue of type &#39;GBool&#39; (aka &#39;int&#39;)
   31 |     pdfDoc.displayPages(&amp;outputDev, pageNum, numPages, scaleX, scaleY, rotation, useMediaBox, crop, printing, abort, abortData);
      |                                                                                                               ^~~~~
../xpdf/PDFDoc.h:113:15: note: passing argument to parameter &#39;abortCheckCbk&#39; here
  113 |                     GBool (*abortCheckCbk)(void *data) = NULL,
      |                             ^
&lt;/error&gt;




Fix code:
1. Consider possible solutions for the issues listed above.
2. Choose a solution that can maximize fuzzing result, which is utilizing the function under test and feeding it not null input.
3. Apply the solutions to the original code.
It&#39;s important to show the complete code, not only the fixed line.
&lt;solution&gt;
</pre>



<h3>Code #5</h3>

<pre>
```cpp
#include &lt;fuzzer/FuzzedDataProvider.h&gt;
#include &#34;PDFDoc.h&#34;
#include &#34;OutputDev.h&#34;

class DummyOutputDev : public OutputDev {
public:
    GBool upsideDown() override { return false; }
    GBool useDrawChar() override { return false; }
    GBool interpretType3Chars() override { return false; }
};

// Define the dummy abort check function outside the LLVMFuzzerTestOneInput function
GBool dummyAbortCheck(void* data) { return false; }

extern &#34;C&#34; int LLVMFuzzerTestOneInput(const uint8_t *data, size_t size) {
    FuzzedDataProvider stream(data, size);

    // Initialize parameters for PDFDoc::displayPages
    DummyOutputDev outputDev;
    int pageNum = stream.ConsumeIntegral&lt;int&gt;();
    int numPages = stream.ConsumeIntegral&lt;int&gt;();
    double scaleX = stream.ConsumeFloatingPoint&lt;double&gt;();
    double scaleY = stream.ConsumeFloatingPoint&lt;double&gt;();
    int rotation = stream.ConsumeIntegral&lt;int&gt;();
    GBool useMediaBox = static_cast&lt;GBool&gt;(stream.ConsumeBool());
    GBool crop = static_cast&lt;GBool&gt;(stream.ConsumeBool());
    GBool printing = static_cast&lt;GBool&gt;(stream.ConsumeBool());
    GBool abort = static_cast&lt;GBool&gt;(stream.ConsumeBool());
    void *abortData = nullptr;

    // Call the function-under-test
    PDFDoc pdfDoc(nullptr, nullptr, nullptr, nullptr, dummyAbortCheck); // Use the constructor that accepts an abort check function
    pdfDoc.displayPages(&amp;outputDev, pageNum, numPages, scaleX, scaleY, rotation, useMediaBox, crop, printing, abort, abortData);

    return 0;
}
```  
</pre>


<h2>Logs</h2>

<pre >
Fixing /home/chyun/oss-fuzz-gen4/results7/output-xpdf-_zn6pdfdoc12displaypagesep9outputdeviiddiiiipfipves2_/fixed_targets/01.cc with gpt-3.5-turbo, attempt 1.
Fixing /home/chyun/oss-fuzz-gen4/results7/output-xpdf-_zn6pdfdoc12displaypagesep9outputdeviiddiiiipfipves2_/fixed_targets/01.cc with gpt-3.5-turbo, attempt 2.
Fixing /home/chyun/oss-fuzz-gen4/results7/output-xpdf-_zn6pdfdoc12displaypagesep9outputdeviiddiiiipfipves2_/fixed_targets/01.cc with gpt-3.5-turbo, attempt 3.
Fixing /home/chyun/oss-fuzz-gen4/results7/output-xpdf-_zn6pdfdoc12displaypagesep9outputdeviiddiiiipfipves2_/fixed_targets/01.cc with gpt-3.5-turbo, attempt 4.
Fixing /home/chyun/oss-fuzz-gen4/results7/output-xpdf-_zn6pdfdoc12displaypagesep9outputdeviiddiiiipfipves2_/fixed_targets/01.cc with gpt-3.5-turbo, attempt 5.
Failed to build /home/chyun/oss-fuzz-gen4/results7/output-xpdf-_zn6pdfdoc12displaypagesep9outputdeviiddiiiipfipves2_/fixed_targets/01.cc with gpt-3.5-turbo in 5 iterations of fixing.

</pre>


<h2>Run logs</h2>
<pre>

</pre>


</body>