<!doctype html>

<meta charset="utf-8">
<meta name="viewport" content="width=device-width, initial-scale=1" />
<title>Experiment results</title>
<style>
* {
    box-sizing: border-box;
}

html {
    line-height: 1.15;
}

body {
    font-family: sans-serif;
    font-size: 16px;
}

table {
    border-collapse: collapse;
    border-spacing: 0;
}

td, th {
    border-right: 1px #dedede solid;
    border-bottom: 1px #dedede solid;
    padding: 5px;
    text-align: left;
}
td:first-child, th:first-child {
    border-left: 1px #dedede solid;
}
th {
    border-top: 1px #dedede solid;
}

tbody tr:nth-child(odd) {
    background-color: #f4f5ff;
}
</style>
<body>
    LLM: 
    
<h1>output-abseil-cpp-_zzn4absl19str_format_internal12_global__n_124fractionaldigitgenerator13runconversionens_7uint128eins_ / 02</h1>
Bug: False
<br>
Crash reason: -
<br>
<br>

<h2>Triage</h2>
<pre>

</pre>
<br>





<h3>Final code</h3>

<pre>
I&#39;m sorry, but without the original code and the specific error message, it&#39;s impossible to provide a solution. The text provided doesn&#39;t seem to be a C++ fuzz harness code or a specific error message. Please provide the original C++ code and the specific error message for further assistance.
</pre>


<h3>Fixer prompt #1</h3>
<pre>

Given the following C++ fuzz harness and its build error message, fix the code to make it build for fuzzing.

If there is undeclared identifier or unknown type name error, fix it by finding and including the related libraries.

MUST RETURN THE FULL CODE, INCLUDING UNCHANGED PARTS.

Below is the code needs to be built:
&lt;code&gt;
Sorry, I can&#39;t help with that as the method &lt;code&gt;absl::str_format_internal::(anonymous namespace)::FractionalDigitGenerator::operator()(const void *, Span&lt;unsigned int&gt;)&lt;/code&gt; is private to the file where it was declared. It&#39;s not accessible and can&#39;t be called from the fuzzer (which is in a different file).
&lt;/code&gt;

Below is the error to fix:
The code has the following build issues:
&lt;error&gt;
string_escape_fuzzer.cc:1:1: error: a type specifier is required for all declarations
    1 | Sorry, I can&#39;t help with that as the method &lt;code&gt;absl::str_format_internal::(anonymous namespace)::FractionalDigitGenerator::operator()(const void *, Span&lt;unsigned int&gt;)&lt;/code&gt; is private to the file where it was declared. It&#39;s not accessible and can&#39;t be called from the fuzzer (which is in a different file).
      | ^
string_escape_fuzzer.cc:1:9: error: expected &#39;;&#39; after top level declarator
    1 | Sorry, I can&#39;t help with that as the method &lt;code&gt;absl::str_format_internal::(anonymous namespace)::FractionalDigitGenerator::operator()(const void *, Span&lt;unsigned int&gt;)&lt;/code&gt; is private to the file where it was declared. It&#39;s not accessible and can&#39;t be called from the fuzzer (which is in a different file).
      |         ^
      |         ;
string_escape_fuzzer.cc:1:228: error: invalid suffix on literal; C++11 requires a space between literal and identifier [-Wreserved-user-defined-literal]
    1 | Sorry, I can&#39;t help with that as the method &lt;code&gt;absl::str_format_internal::(anonymous namespace)::FractionalDigitGenerator::operator()(const void *, Span&lt;unsigned int&gt;)&lt;/code&gt; is private to the file where it was declared. It&#39;s not accessible and can&#39;t be called from the fuzzer (which is in a different file).
      |                                                                                                                                                                                                                                    ^
      |
&lt;/error&gt;




Fix code:
1. Consider possible solutions for the issues listed above.
2. Choose a solution that can maximize fuzzing result, which is utilizing the function under test and feeding it not null input.
3. Apply the solutions to the original code.
It&#39;s important to show the complete code, not only the fixed line.
&lt;solution&gt;
</pre>



<h3>Code #1</h3>

<pre>
I&#39;m sorry, but there seems to be a misunderstanding. The given text doesn&#39;t appear to be a valid C++ fuzz harness. It seems to be an explanation or comment about an error related to a private method in the absl library. 

In order to provide a solution, we would need the actual C++ code that is causing the build error. Please provide the C++ code for further assistance.
</pre>


<h3>Fixer prompt #2</h3>
<pre>

Given the following C++ fuzz harness and its build error message, fix the code to make it build for fuzzing.

If there is undeclared identifier or unknown type name error, fix it by finding and including the related libraries.

MUST RETURN THE FULL CODE, INCLUDING UNCHANGED PARTS.

Below is the code needs to be built:
&lt;code&gt;
I&#39;m sorry, but there seems to be a misunderstanding. The given text doesn&#39;t appear to be a valid C++ fuzz harness. It seems to be an explanation or comment about an error related to a private method in the absl library. 

In order to provide a solution, we would need the actual C++ code that is causing the build error. Please provide the C++ code for further assistance.
&lt;/code&gt;

Below is the error to fix:
The code has the following build issues:
&lt;error&gt;
string_escape_fuzzer.cc:1:75: error: invalid suffix on literal; C++11 requires a space between literal and identifier [-Wreserved-user-defined-literal]
    1 | I&#39;m sorry, but there seems to be a misunderstanding. The given text doesn&#39;t appear to be a valid C++ fuzz harness. It seems to be an explanation or comment about an error related to a private method in the absl library.
      |                                                                           ^
      |
string_escape_fuzzer.cc:1:1: error: unknown type name &#39;I&#39;
    1 | I&#39;m sorry, but there seems to be a misunderstanding. The given text doesn&#39;t appear to be a valid C++ fuzz harness. It seems to be an explanation or comment about an error related to a private method in the absl library.
      | ^
string_escape_fuzzer.cc:1:2: error: expected unqualified-id
    1 | I&#39;m sorry, but there seems to be a misunderstanding. The given text doesn&#39;t appear to be a valid C++ fuzz harness. It seems to be an explanation or comment about an error related to a private method in the absl library.
      |  ^
&lt;/error&gt;


Below are instructions to assist you in fixing the error.
&lt;instruction&gt;
IMPORTANT: ALWAYS INCLUDE STANDARD LIBRARIES BEFORE PROJECT-SPECIFIC (abseil-cpp) LIBRARIES. This order prevents errors like &#34;unknown type name&#34; for basic types. Additionally, include project-specific libraries that contain declarations before those thatuse these declared symbols.
&lt;/instruction&gt;

Fix code:
1. Consider possible solutions for the issues listed above.
2. Choose a solution that can maximize fuzzing result, which is utilizing the function under test and feeding it not null input.
3. Apply the solutions to the original code.
It&#39;s important to show the complete code, not only the fixed line.
&lt;solution&gt;
</pre>



<h3>Code #2</h3>

<pre>
I&#39;m sorry, but without the original code, it&#39;s impossible to provide a solution. The text provided doesn&#39;t seem to be a C++ fuzz harness code. Please provide the original C++ code for further assistance.
</pre>


<h3>Fixer prompt #3</h3>
<pre>

Given the following C++ fuzz harness and its build error message, fix the code to make it build for fuzzing.

If there is undeclared identifier or unknown type name error, fix it by finding and including the related libraries.

MUST RETURN THE FULL CODE, INCLUDING UNCHANGED PARTS.

Below is the code needs to be built:
&lt;code&gt;
I&#39;m sorry, but without the original code, it&#39;s impossible to provide a solution. The text provided doesn&#39;t seem to be a C++ fuzz harness code. Please provide the original C++ code for further assistance.
&lt;/code&gt;

Below is the error to fix:
The code has the following build issues:
&lt;error&gt;
string_escape_fuzzer.cc:1:46: error: invalid suffix on literal; C++11 requires a space between literal and identifier [-Wreserved-user-defined-literal]
    1 | I&#39;m sorry, but without the original code, it&#39;s impossible to provide a solution. The text provided doesn&#39;t seem to be a C++ fuzz harness code. Please provide the original C++ code for further assistance.
      |                                              ^
      |
string_escape_fuzzer.cc:1:1: error: unknown type name &#39;I&#39;
    1 | I&#39;m sorry, but without the original code, it&#39;s impossible to provide a solution. The text provided doesn&#39;t seem to be a C++ fuzz harness code. Please provide the original C++ code for further assistance.
      | ^
string_escape_fuzzer.cc:1:2: error: expected unqualified-id
    1 | I&#39;m sorry, but without the original code, it&#39;s impossible to provide a solution. The text provided doesn&#39;t seem to be a C++ fuzz harness code. Please provide the original C++ code for further assistance.
      |  ^
&lt;/error&gt;


Below are instructions to assist you in fixing the error.
&lt;instruction&gt;
IMPORTANT: ALWAYS INCLUDE STANDARD LIBRARIES BEFORE PROJECT-SPECIFIC (abseil-cpp) LIBRARIES. This order prevents errors like &#34;unknown type name&#34; for basic types. Additionally, include project-specific libraries that contain declarations before those thatuse these declared symbols.
&lt;/instruction&gt;

Fix code:
1. Consider possible solutions for the issues listed above.
2. Choose a solution that can maximize fuzzing result, which is utilizing the function under test and feeding it not null input.
3. Apply the solutions to the original code.
It&#39;s important to show the complete code, not only the fixed line.
&lt;solution&gt;
</pre>



<h3>Code #3</h3>

<pre>
I&#39;m sorry, but without the original code, it&#39;s impossible to provide a solution. The text provided doesn&#39;t seem to be a C++ fuzz harness code. Please provide the original C++ code for further assistance.
</pre>


<h3>Fixer prompt #4</h3>
<pre>

Given the following C++ fuzz harness and its build error message, fix the code to make it build for fuzzing.

If there is undeclared identifier or unknown type name error, fix it by finding and including the related libraries.

MUST RETURN THE FULL CODE, INCLUDING UNCHANGED PARTS.

Below is the code needs to be built:
&lt;code&gt;
I&#39;m sorry, but without the original code, it&#39;s impossible to provide a solution. The text provided doesn&#39;t seem to be a C++ fuzz harness code. Please provide the original C++ code for further assistance.
&lt;/code&gt;

Below is the error to fix:
The code has the following build issues:
&lt;error&gt;
string_escape_fuzzer.cc:1:46: error: invalid suffix on literal; C++11 requires a space between literal and identifier [-Wreserved-user-defined-literal]
    1 | I&#39;m sorry, but without the original code, it&#39;s impossible to provide a solution. The text provided doesn&#39;t seem to be a C++ fuzz harness code. Please provide the original C++ code for further assistance.
      |                                              ^
      |
string_escape_fuzzer.cc:1:1: error: unknown type name &#39;I&#39;
    1 | I&#39;m sorry, but without the original code, it&#39;s impossible to provide a solution. The text provided doesn&#39;t seem to be a C++ fuzz harness code. Please provide the original C++ code for further assistance.
      | ^
string_escape_fuzzer.cc:1:2: error: expected unqualified-id
    1 | I&#39;m sorry, but without the original code, it&#39;s impossible to provide a solution. The text provided doesn&#39;t seem to be a C++ fuzz harness code. Please provide the original C++ code for further assistance.
      |  ^
&lt;/error&gt;


Below are instructions to assist you in fixing the error.
&lt;instruction&gt;
IMPORTANT: ALWAYS INCLUDE STANDARD LIBRARIES BEFORE PROJECT-SPECIFIC (abseil-cpp) LIBRARIES. This order prevents errors like &#34;unknown type name&#34; for basic types. Additionally, include project-specific libraries that contain declarations before those thatuse these declared symbols.
&lt;/instruction&gt;

Fix code:
1. Consider possible solutions for the issues listed above.
2. Choose a solution that can maximize fuzzing result, which is utilizing the function under test and feeding it not null input.
3. Apply the solutions to the original code.
It&#39;s important to show the complete code, not only the fixed line.
&lt;solution&gt;
</pre>



<h3>Code #4</h3>

<pre>
I&#39;m sorry, but without the original code and the specific error message, it&#39;s impossible to provide a solution. The text provided doesn&#39;t seem to be a C++ fuzz harness code or a specific error message. Please provide the original C++ code and the specific error message for further assistance.
</pre>


<h3>Fixer prompt #5</h3>
<pre>

Given the following C++ fuzz harness and its build error message, fix the code to make it build for fuzzing.

If there is undeclared identifier or unknown type name error, fix it by finding and including the related libraries.

MUST RETURN THE FULL CODE, INCLUDING UNCHANGED PARTS.

Below is the code needs to be built:
&lt;code&gt;
I&#39;m sorry, but without the original code and the specific error message, it&#39;s impossible to provide a solution. The text provided doesn&#39;t seem to be a C++ fuzz harness code or a specific error message. Please provide the original C++ code and the specific error message for further assistance.
&lt;/code&gt;

Below is the error to fix:
The code has the following build issues:
&lt;error&gt;
string_escape_fuzzer.cc:1:77: error: invalid suffix on literal; C++11 requires a space between literal and identifier [-Wreserved-user-defined-literal]
    1 | I&#39;m sorry, but without the original code and the specific error message, it&#39;s impossible to provide a solution. The text provided doesn&#39;t seem to be a C++ fuzz harness code or a specific error message. Please provide the original C++ code and the specific error message for further assistance.
      |                                                                             ^
      |
string_escape_fuzzer.cc:1:1: error: unknown type name &#39;I&#39;
    1 | I&#39;m sorry, but without the original code and the specific error message, it&#39;s impossible to provide a solution. The text provided doesn&#39;t seem to be a C++ fuzz harness code or a specific error message. Please provide the original C++ code and the specific error message for further assistance.
      | ^
string_escape_fuzzer.cc:1:2: error: expected unqualified-id
    1 | I&#39;m sorry, but without the original code and the specific error message, it&#39;s impossible to provide a solution. The text provided doesn&#39;t seem to be a C++ fuzz harness code or a specific error message. Please provide the original C++ code and the specific error message for further assistance.
      |  ^
&lt;/error&gt;


Below are instructions to assist you in fixing the error.
&lt;instruction&gt;
IMPORTANT: ALWAYS INCLUDE STANDARD LIBRARIES BEFORE PROJECT-SPECIFIC (abseil-cpp) LIBRARIES. This order prevents errors like &#34;unknown type name&#34; for basic types. Additionally, include project-specific libraries that contain declarations before those thatuse these declared symbols.
&lt;/instruction&gt;

Fix code:
1. Consider possible solutions for the issues listed above.
2. Choose a solution that can maximize fuzzing result, which is utilizing the function under test and feeding it not null input.
3. Apply the solutions to the original code.
It&#39;s important to show the complete code, not only the fixed line.
&lt;solution&gt;
</pre>



<h3>Code #5</h3>

<pre>
I&#39;m sorry, but without the original code and the specific error message, it&#39;s impossible to provide a solution. The text provided doesn&#39;t seem to be a C++ fuzz harness code or a specific error message. Please provide the original C++ code and the specific error message for further assistance.
</pre>


<h2>Logs</h2>
<pre>
Fixing /home/chyun/oss-fuzz-gen/results1/output-abseil-cpp-_zzn4absl19str_format_internal12_global__n_124fractionaldigitgenerator13runconversionens_7uint128eins_/fixed_targets/02.cc with gpt-4, attempt 1.
Fixing /home/chyun/oss-fuzz-gen/results1/output-abseil-cpp-_zzn4absl19str_format_internal12_global__n_124fractionaldigitgenerator13runconversionens_7uint128eins_/fixed_targets/02.cc with gpt-4, attempt 2.
Fixing /home/chyun/oss-fuzz-gen/results1/output-abseil-cpp-_zzn4absl19str_format_internal12_global__n_124fractionaldigitgenerator13runconversionens_7uint128eins_/fixed_targets/02.cc with gpt-4, attempt 3.
Fixing /home/chyun/oss-fuzz-gen/results1/output-abseil-cpp-_zzn4absl19str_format_internal12_global__n_124fractionaldigitgenerator13runconversionens_7uint128eins_/fixed_targets/02.cc with gpt-4, attempt 4.
Fixing /home/chyun/oss-fuzz-gen/results1/output-abseil-cpp-_zzn4absl19str_format_internal12_global__n_124fractionaldigitgenerator13runconversionens_7uint128eins_/fixed_targets/02.cc with gpt-4, attempt 5.
Failed to build /home/chyun/oss-fuzz-gen/results1/output-abseil-cpp-_zzn4absl19str_format_internal12_global__n_124fractionaldigitgenerator13runconversionens_7uint128eins_/fixed_targets/02.cc with gpt-4 in 5 iterations of fixing.

</pre>

<h2>Run logs</h2>
<pre>

</pre>


</body>