<!doctype html>

<meta charset="utf-8">
<meta name="viewport" content="width=device-width, initial-scale=1" />
<title>Experiment results</title>
<style>
* {
    box-sizing: border-box;
}

html {
    line-height: 1.15;
}

body {
    font-family: sans-serif;
    font-size: 16px;
}

table {
    border-collapse: collapse;
    border-spacing: 0;
}

td, th {
    border-right: 1px #dedede solid;
    border-bottom: 1px #dedede solid;
    padding: 5px;
    text-align: left;
}
td:first-child, th:first-child {
    border-left: 1px #dedede solid;
}
th {
    border-top: 1px #dedede solid;
}

tbody tr:nth-child(odd) {
    background-color: #f4f5ff;
}

.chat_prompt {
    background-color: #fff7f2;
    max-width: 50%;
    overflow: scroll;
}

.chat_response {
    background-color: #fcfff2;
    max-width: 50%;
    overflow: scroll;
    margin-left: auto;
}
</style>
<body>
    LLM: 
    
<h1>output-xpdf-_zn3gfx14opsetextgstateep6objecti / 02</h1>
Bug: False
<br>
Crash reason: -
<br>
<br>









<h3>Final code</h3>

<pre>
#include &lt;fuzzer/FuzzedDataProvider.h&gt;
#include &#34;/src/xpdf-4.05/xpdf/Gfx.h&#34;
#include &#34;/src/xpdf-4.05/xpdf/PDFDoc.h&#34;
#include &#34;/src/xpdf-4.05/xpdf/OutputDev.h&#34;
#include &#34;/src/xpdf-4.05/xpdf/GlobalParams.h&#34;

extern &#34;C&#34; int LLVMFuzzerTestOneInput(const uint8_t *data, size_t size) {
    FuzzedDataProvider stream(data, size);

    // Initialize parameters for opSetExtGState function
    Object obj;
    int value = stream.ConsumeIntegral&lt;int&gt;();

    // Create necessary objects for Gfx constructor
    GlobalParams *globalParams = new GlobalParams(&#34;/src/xpdf-4.05/xpdf&#34;);
    PDFDoc *doc = new PDFDoc(globalParams);
    OutputDev *out = nullptr; // Change to pointer to avoid abstract class issue

    // Call the function-under-test
    Gfx gfx(doc, out);
    gfx.opSetExtGState(&amp;obj, value);

    delete globalParams;
    delete doc;

    return 0;
}
</pre>


<h3>Fixer prompt #1</h3>
<pre>

Given the following C++ fuzz harness and its build error message, fix the code to make it build for fuzzing.

If there is undeclared identifier or unknown type name error, fix it by finding and including the related libraries.

MUST RETURN THE FULL CODE, INCLUDING UNCHANGED PARTS.

Below is the code needs to be built:
&lt;code&gt;
#include &lt;fuzzer/FuzzedDataProvider.h&gt;
#include &#34;gfx.h&#34;

extern &#34;C&#34; int LLVMFuzzerTestOneInput(const uint8_t *data, size_t size) {
    FuzzedDataProvider stream(data, size);

    // Initialize parameters for opSetExtGState function
    Object obj;
    int value = stream.ConsumeIntegral&lt;int&gt;();

    // Call the function-under-test
    Gfx::opSetExtGState(&amp;obj, value);

    return 0;
}
&lt;/code&gt;

Below is the error to fix:
The code has the following build issues:
&lt;error&gt;
fuzz_zxdoc.cc:16:10: error: call to non-static member function without an object argument
   16 |     Gfx::opSetExtGState(obj_ptr, value);
      |     ~~~~~^~~~~~~~~~~~~~
fuzz_zxdoc.cc:16:10: error: &#39;opSetExtGState&#39; is a private member of &#39;Gfx&#39;
../xpdf/Gfx.h:233:8: note: declared private here
  233 |   void opSetExtGState(Object args[], int numArgs);
      |        ^
&lt;/error&gt;




Fix code:
1. Consider possible solutions for the issues listed above.
2. Choose a solution that can maximize fuzzing result, which is utilizing the function under test and feeding it not null input.
3. Apply the solutions to the original code.
It&#39;s important to show the complete code, not only the fixed line.
&lt;solution&gt;
</pre>



<h3>Code #1</h3>

<pre>
```cpp
#include &lt;fuzzer/FuzzedDataProvider.h&gt;
#include &#34;gfx.h&#34;

extern &#34;C&#34; int LLVMFuzzerTestOneInput(const uint8_t *data, size_t size) {
    FuzzedDataProvider stream(data, size);

    // Initialize parameters for opSetExtGState function
    Object obj;
    int value = stream.ConsumeIntegral&lt;int&gt;();

    // Call the function-under-test
    Gfx gfx;
    gfx.opSetExtGState(&amp;obj, value);

    return 0;
}
```
</pre>


<h3>Fixer prompt #2</h3>
<pre>

Given the following C++ fuzz harness and its build error message, fix the code to make it build for fuzzing.

If there is undeclared identifier or unknown type name error, fix it by finding and including the related libraries.

MUST RETURN THE FULL CODE, INCLUDING UNCHANGED PARTS.

Below is the code needs to be built:
&lt;code&gt;
#include &lt;fuzzer/FuzzedDataProvider.h&gt;
#include &#34;gfx.h&#34;

extern &#34;C&#34; int LLVMFuzzerTestOneInput(const uint8_t *data, size_t size) {
    FuzzedDataProvider stream(data, size);

    // Initialize parameters for opSetExtGState function
    Object obj;
    int value = stream.ConsumeIntegral&lt;int&gt;();

    // Call the function-under-test
    Gfx gfx;
    gfx.opSetExtGState(&amp;obj, value);

    return 0;
}
&lt;/code&gt;

Below is the error to fix:
The code has the following build issues:
&lt;error&gt;
fuzz_zxdoc.cc:2:10: fatal error: &#39;gfx.h&#39; file not found
    2 | #include &#34;gfx.h&#34;
      |          ^~~~~~~
&lt;/error&gt;


Below are instructions to assist you in fixing the error.
&lt;instruction&gt;
IMPORTANT: DO NOT include the header file gfx.h in the generated fuzz target again, the file does not exist in the project-under-test.
If the non-existent &lt;filepath&gt;gfx.h&lt;/filepath&gt; was included for the declaration of &lt;code&gt;void Gfx::opSetExtGState(Object *, int)&lt;/code&gt;, you must replace it with the EXACT path of the actual file &lt;filepath&gt;#include &#34;/src/xpdf-4.05/xpdf/Gfx.h&#34;&lt;/filepath&gt;. For example:
&lt;code&gt;
#include &#34;#include &#34;/src/xpdf-4.05/xpdf/Gfx.h&#34;&#34;
&lt;/code&gt;
Otherwise, consider replacing it with some of the following statementsthat may be correct alternatives:
&lt;code&gt;
#include &#34;/src/xpdf-4.05/xpdf/Gfx.h&#34;
#include &#34;/src/freetype/src/gzip/inffixed.h&#34;
#include &#34;/src/xpdf-4.05/xpdf/Zoox.h&#34;
#include &#34;/src/xpdf-4.05/xpdf/Dict.h&#34;
#include &#34;/src/xpdf-4.05/goo/gfile.h&#34;
&lt;/code&gt;

&lt;/instruction&gt;

Fix code:
1. Consider possible solutions for the issues listed above.
2. Choose a solution that can maximize fuzzing result, which is utilizing the function under test and feeding it not null input.
3. Apply the solutions to the original code.
It&#39;s important to show the complete code, not only the fixed line.
&lt;solution&gt;
</pre>



<h3>Code #2</h3>

<pre>
```cpp
#include &lt;fuzzer/FuzzedDataProvider.h&gt;
#include &#34;/src/xpdf-4.05/xpdf/Gfx.h&#34;

extern &#34;C&#34; int LLVMFuzzerTestOneInput(const uint8_t *data, size_t size) {
    FuzzedDataProvider stream(data, size);

    // Initialize parameters for opSetExtGState function
    Object obj;
    int value = stream.ConsumeIntegral&lt;int&gt;();

    // Call the function-under-test
    Gfx gfx;
    gfx.opSetExtGState(&amp;obj, value);

    return 0;
}
```
</pre>


<h3>Fixer prompt #3</h3>
<pre>

Given the following C++ fuzz harness and its build error message, fix the code to make it build for fuzzing.

If there is undeclared identifier or unknown type name error, fix it by finding and including the related libraries.

MUST RETURN THE FULL CODE, INCLUDING UNCHANGED PARTS.

Below is the code needs to be built:
&lt;code&gt;
#include &lt;fuzzer/FuzzedDataProvider.h&gt;
#include &#34;/src/xpdf-4.05/xpdf/Gfx.h&#34;

extern &#34;C&#34; int LLVMFuzzerTestOneInput(const uint8_t *data, size_t size) {
    FuzzedDataProvider stream(data, size);

    // Initialize parameters for opSetExtGState function
    Object obj;
    int value = stream.ConsumeIntegral&lt;int&gt;();

    // Call the function-under-test
    Gfx gfx;
    gfx.opSetExtGState(&amp;obj, value);

    return 0;
}
&lt;/code&gt;

Below is the error to fix:
The code has the following build issues:
&lt;error&gt;
fuzz_zxdoc.cc:12:9: error: no matching constructor for initialization of &#39;Gfx&#39;
   12 |     Gfx gfx;
      |         ^
/src/xpdf-4.05/xpdf/Gfx.h:128:7: note: candidate constructor (the implicit copy constructor) not viable: requires 1 argument, but 0 were provided
  128 | class Gfx {
      |       ^~~
/src/xpdf-4.05/xpdf/Gfx.h:139:3: note: candidate constructor not viable: requires at least 5 arguments, but 0 were provided
  139 |   Gfx(PDFDoc *docA, OutputDev *outA, Dict *resDict,
      |   ^   ~~~~~~~~~~~~~~~~~~~~~~~~~~~~~~~~~~~~~~~~~~~~~
  140 |       PDFRectangle *box, PDFRectangle *cropBox,
      |       ~~~~~~~~~~~~~~~~~~~~~~~~~~~~~~~~~~~~~~~~~
  141 |       GBool (*abortCheckCbkA)(void *data) = NULL,
      |       ~~~~~~~~~~~~~~~~~~~~~~~~~~~~~~~~~~~~~~~~~~~
  142 |       void *abortCheckCbkDataA = NULL);
      |       ~~~~~~~~~~~~~~~~~~~~~~~~~~~~~~~
/src/xpdf-4.05/xpdf/Gfx.h:132:3: note: candidate constructor not viable: requires at least 9 arguments, but 0 were provided
  132 |   Gfx(PDFDoc *docA, OutputDev *outA, int pageNum, Dict *resDict,
      |   ^   ~~~~~~~~~~~~~~~~~~~~~~~~~~~~~~~~~~~~~~~~~~~~~~~~~~~~~~~~~~
  133 |       double hDPI, double vDPI, PDFRectangle *box,
      |       ~~~~~~~~~~~~~~~~~~~~~~~~~~~~~~~~~~~~~~~~~~~~
  134 |       PDFRectangle *cropBox, int rotate,
      |       ~~~~~~~~~~~~~~~~~~~~~~~~~~~~~~~~~~
  135 |       GBool (*abortCheckCbkA)(void *data) = NULL,
      |       ~~~~~~~~~~~~~~~~~~~~~~~~~~~~~~~~~~~~~~~~~~~
  136 |       void *abortCheckCbkDataA = NULL);
      |       ~~~~~~~~~~~~~~~~~~~~~~~~~~~~~~~
fuzz_zxdoc.cc:13:9: error: &#39;opSetExtGState&#39; is a private member of &#39;Gfx&#39;
   13 |     gfx.opSetExtGState(&amp;obj, value);
      |         ^
/src/xpdf-4.05/xpdf/Gfx.h:233:8: note: declared private here
  233 |   void opSetExtGState(Object args[], int numArgs);
      |        ^
&lt;/error&gt;




Fix code:
1. Consider possible solutions for the issues listed above.
2. Choose a solution that can maximize fuzzing result, which is utilizing the function under test and feeding it not null input.
3. Apply the solutions to the original code.
It&#39;s important to show the complete code, not only the fixed line.
&lt;solution&gt;
</pre>



<h3>Code #3</h3>

<pre>
```cpp
#include &lt;fuzzer/FuzzedDataProvider.h&gt;
#include &#34;/src/xpdf-4.05/xpdf/Gfx.h&#34;
#include &#34;/src/xpdf-4.05/xpdf/PDFDoc.h&#34;
#include &#34;/src/xpdf-4.05/xpdf/OutputDev.h&#34;

extern &#34;C&#34; int LLVMFuzzerTestOneInput(const uint8_t *data, size_t size) {
    FuzzedDataProvider stream(data, size);

    // Initialize parameters for opSetExtGState function
    Object obj;
    int value = stream.ConsumeIntegral&lt;int&gt;();

    // Create necessary objects for Gfx constructor
    PDFDoc doc;
    OutputDev out;
    Dict resDict;
    PDFRectangle box, cropBox;

    // Call the function-under-test
    Gfx gfx(&amp;doc, &amp;out, &amp;resDict, &amp;box, &amp;cropBox);
    gfx.opSetExtGState(&amp;obj, value);

    return 0;
}
```
</pre>


<h3>Fixer prompt #4</h3>
<pre>

Given the following C++ fuzz harness and its build error message, fix the code to make it build for fuzzing.

If there is undeclared identifier or unknown type name error, fix it by finding and including the related libraries.

MUST RETURN THE FULL CODE, INCLUDING UNCHANGED PARTS.

Below is the code needs to be built:
&lt;code&gt;
#include &lt;fuzzer/FuzzedDataProvider.h&gt;
#include &#34;/src/xpdf-4.05/xpdf/Gfx.h&#34;
#include &#34;/src/xpdf-4.05/xpdf/PDFDoc.h&#34;
#include &#34;/src/xpdf-4.05/xpdf/OutputDev.h&#34;

extern &#34;C&#34; int LLVMFuzzerTestOneInput(const uint8_t *data, size_t size) {
    FuzzedDataProvider stream(data, size);

    // Initialize parameters for opSetExtGState function
    Object obj;
    int value = stream.ConsumeIntegral&lt;int&gt;();

    // Create necessary objects for Gfx constructor
    PDFDoc doc;
    OutputDev out;
    Dict resDict;
    PDFRectangle box, cropBox;

    // Call the function-under-test
    Gfx gfx(&amp;doc, &amp;out, &amp;resDict, &amp;box, &amp;cropBox);
    gfx.opSetExtGState(&amp;obj, value);

    return 0;
}
&lt;/code&gt;

Below is the error to fix:
The code has the following build issues:
&lt;error&gt;
fuzz_zxdoc.cc:14:12: error: no matching constructor for initialization of &#39;PDFDoc&#39;
   14 |     PDFDoc doc;
      |            ^
/src/xpdf-4.05/xpdf/PDFDoc.h:35:7: note: candidate constructor (the implicit copy constructor) not viable: requires 1 argument, but 0 were provided
   35 | class PDFDoc {
      |       ^~~~~~
/src/xpdf-4.05/xpdf/PDFDoc.h:38:3: note: candidate constructor not viable: requires at least argument &#39;fileNameA&#39;, but no arguments were provided
   38 |   PDFDoc(GString *fileNameA, GString *ownerPassword = NULL,
      |   ^      ~~~~~~~~~~~~~~~~~~~~~~~~~~~~~~~~~~~~~~~~~~~~~~~~~~
   39 |          GString *userPassword = NULL, PDFCore *coreA = NULL);
      |          ~~~~~~~~~~~~~~~~~~~~~~~~~~~~~~~~~~~~~~~~~~~~~~~~~~~
/src/xpdf-4.05/xpdf/PDFDoc.h:48:3: note: candidate constructor not viable: requires at least argument &#39;fileNameA&#39;, but no arguments were provided
   48 |   PDFDoc(char *fileNameA, GString *ownerPassword = NULL,
      |   ^      ~~~~~~~~~~~~~~~~~~~~~~~~~~~~~~~~~~~~~~~~~~~~~~~
   49 |          GString *userPassword = NULL, PDFCore *coreA = NULL);
      |          ~~~~~~~~~~~~~~~~~~~~~~~~~~~~~~~~~~~~~~~~~~~~~~~~~~~
/src/xpdf-4.05/xpdf/PDFDoc.h:51:3: note: candidate constructor not viable: requires at least argument &#39;strA&#39;, but no arguments were provided
   51 |   PDFDoc(BaseStream *strA, GString *ownerPassword = NULL,
      |   ^      ~~~~~~~~~~~~~~~~~~~~~~~~~~~~~~~~~~~~~~~~~~~~~~~~
   52 |          GString *userPassword = NULL, PDFCore *coreA = NULL);
      |          ~~~~~~~~~~~~~~~~~~~~~~~~~~~~~~~~~~~~~~~~~~~~~~~~~~~
fuzz_zxdoc.cc:15:15: error: variable type &#39;OutputDev&#39; is an abstract class
   15 |     OutputDev out;
      |               ^
/src/xpdf-4.05/xpdf/OutputDev.h:48:17: note: unimplemented pure virtual method &#39;upsideDown&#39; in &#39;OutputDev&#39;
   48 |   virtual GBool upsideDown() = 0;
      |                 ^
/src/xpdf-4.05/xpdf/OutputDev.h:51:17: note: unimplemented pure virtual method &#39;useDrawChar&#39; in &#39;OutputDev&#39;
   51 |   virtual GBool useDrawChar() = 0;
      |                 ^
/src/xpdf-4.05/xpdf/OutputDev.h:64:17: note: unimplemented pure virtual method &#39;interpretType3Chars&#39; in &#39;OutputDev&#39;
   64 |   virtual GBool interpretType3Chars() = 0;
      |                 ^
fuzz_zxdoc.cc:16:10: error: no matching constructor for initialization of &#39;Dict&#39;
   16 |     Dict resDict;
      |          ^
/src/xpdf-4.05/xpdf/Dict.h:29:3: note: candidate constructor not viable: requires single argument &#39;xrefA&#39;, but no arguments were provided
   29 |   Dict(XRef *xrefA);
      |   ^    ~~~~~~~~~~~
/src/xpdf-4.05/xpdf/Dict.h:25:7: note: candidate constructor (the implicit copy constructor) not viable: requires 1 argument, but 0 were provided
   25 | class Dict {
      |       ^~~~
fuzz_zxdoc.cc:21:9: error: &#39;opSetExtGState&#39; is a private member of &#39;Gfx&#39;
   21 |     gfx.opSetExtGState(&amp;obj, value);
      |         ^
/src/xpdf-4.05/xpdf/Gfx.h:233:8: note: declared private here
  233 |   void opSetExtGState(Object args[], int numArgs);
      |        ^
&lt;/error&gt;




Fix code:
1. Consider possible solutions for the issues listed above.
2. Choose a solution that can maximize fuzzing result, which is utilizing the function under test and feeding it not null input.
3. Apply the solutions to the original code.
It&#39;s important to show the complete code, not only the fixed line.
&lt;solution&gt;
</pre>



<h3>Code #4</h3>

<pre>
```cpp
#include &lt;fuzzer/FuzzedDataProvider.h&gt;
#include &#34;/src/xpdf-4.05/xpdf/Gfx.h&#34;
#include &#34;/src/xpdf-4.05/xpdf/PDFDoc.h&#34;
#include &#34;/src/xpdf-4.05/xpdf/OutputDev.h&#34;
#include &#34;/src/xpdf-4.05/xpdf/GlobalParams.h&#34;

extern &#34;C&#34; int LLVMFuzzerTestOneInput(const uint8_t *data, size_t size) {
    FuzzedDataProvider stream(data, size);

    // Initialize parameters for opSetExtGState function
    Object obj;
    int value = stream.ConsumeIntegral&lt;int&gt;();

    // Create necessary objects for Gfx constructor
    GlobalParams *globalParams = new GlobalParams(&#34;/src/xpdf-4.05/xpdf&#34;);
    PDFDoc doc(globalParams);
    OutputDev *out = new OutputDev();

    // Call the function-under-test
    Gfx gfx(&amp;doc, out);
    gfx.opSetExtGState(&amp;obj, value);

    delete globalParams;
    delete out;

    return 0;
}
```  
</pre>


<h3>Fixer prompt #5</h3>
<pre>

Given the following C++ fuzz harness and its build error message, fix the code to make it build for fuzzing.

If there is undeclared identifier or unknown type name error, fix it by finding and including the related libraries.

MUST RETURN THE FULL CODE, INCLUDING UNCHANGED PARTS.

Below is the code needs to be built:
&lt;code&gt;
#include &lt;fuzzer/FuzzedDataProvider.h&gt;
#include &#34;/src/xpdf-4.05/xpdf/Gfx.h&#34;
#include &#34;/src/xpdf-4.05/xpdf/PDFDoc.h&#34;
#include &#34;/src/xpdf-4.05/xpdf/OutputDev.h&#34;
#include &#34;/src/xpdf-4.05/xpdf/GlobalParams.h&#34;

extern &#34;C&#34; int LLVMFuzzerTestOneInput(const uint8_t *data, size_t size) {
    FuzzedDataProvider stream(data, size);

    // Initialize parameters for opSetExtGState function
    Object obj;
    int value = stream.ConsumeIntegral&lt;int&gt;();

    // Create necessary objects for Gfx constructor
    GlobalParams *globalParams = new GlobalParams(&#34;/src/xpdf-4.05/xpdf&#34;);
    PDFDoc doc(globalParams);
    OutputDev *out = new OutputDev();

    // Call the function-under-test
    Gfx gfx(&amp;doc, out);
    gfx.opSetExtGState(&amp;obj, value);

    delete globalParams;
    delete out;

    return 0;
}
&lt;/code&gt;

Below is the error to fix:
The code has the following build issues:
&lt;error&gt;
fuzz_zxdoc.cc:16:12: error: no matching constructor for initialization of &#39;PDFDoc&#39;
   16 |     PDFDoc doc(globalParams);
      |            ^   ~~~~~~~~~~~~
/src/xpdf-4.05/xpdf/PDFDoc.h:35:7: note: candidate constructor (the implicit copy constructor) not viable: no known conversion from &#39;GlobalParams *&#39; to &#39;const PDFDoc&#39; for 1st argument
   35 | class PDFDoc {
      |       ^~~~~~
/src/xpdf-4.05/xpdf/PDFDoc.h:38:3: note: candidate constructor not viable: no known conversion from &#39;GlobalParams *&#39; to &#39;GString *&#39; for 1st argument
   38 |   PDFDoc(GString *fileNameA, GString *ownerPassword = NULL,
      |   ^      ~~~~~~~~~~~~~~~~~~
/src/xpdf-4.05/xpdf/PDFDoc.h:48:3: note: candidate constructor not viable: no known conversion from &#39;GlobalParams *&#39; to &#39;char *&#39; for 1st argument
   48 |   PDFDoc(char *fileNameA, GString *ownerPassword = NULL,
      |   ^      ~~~~~~~~~~~~~~~
/src/xpdf-4.05/xpdf/PDFDoc.h:51:3: note: candidate constructor not viable: no known conversion from &#39;GlobalParams *&#39; to &#39;BaseStream *&#39; for 1st argument
   51 |   PDFDoc(BaseStream *strA, GString *ownerPassword = NULL,
      |   ^      ~~~~~~~~~~~~~~~~
fuzz_zxdoc.cc:17:26: error: allocating an object of abstract class type &#39;OutputDev&#39;
   17 |     OutputDev *out = new OutputDev();
      |                          ^
/src/xpdf-4.05/xpdf/OutputDev.h:48:17: note: unimplemented pure virtual method &#39;upsideDown&#39; in &#39;OutputDev&#39;
   48 |   virtual GBool upsideDown() = 0;
      |                 ^
/src/xpdf-4.05/xpdf/OutputDev.h:51:17: note: unimplemented pure virtual method &#39;useDrawChar&#39; in &#39;OutputDev&#39;
   51 |   virtual GBool useDrawChar() = 0;
      |                 ^
/src/xpdf-4.05/xpdf/OutputDev.h:64:17: note: unimplemented pure virtual method &#39;interpretType3Chars&#39; in &#39;OutputDev&#39;
   64 |   virtual GBool interpretType3Chars() = 0;
      |                 ^
fuzz_zxdoc.cc:20:9: error: no matching constructor for initialization of &#39;Gfx&#39;
   20 |     Gfx gfx(&amp;doc, out);
      |         ^   ~~~~~~~~~
/src/xpdf-4.05/xpdf/Gfx.h:128:7: note: candidate constructor (the implicit copy constructor) not viable: requires 1 argument, but 2 were provided
  128 | class Gfx {
      |       ^~~
/src/xpdf-4.05/xpdf/Gfx.h:139:3: note: candidate constructor not viable: requires at least 5 arguments, but 2 were provided
  139 |   Gfx(PDFDoc *docA, OutputDev *outA, Dict *resDict,
      |   ^   ~~~~~~~~~~~~~~~~~~~~~~~~~~~~~~~~~~~~~~~~~~~~~
  140 |       PDFRectangle *box, PDFRectangle *cropBox,
      |       ~~~~~~~~~~~~~~~~~~~~~~~~~~~~~~~~~~~~~~~~~
  141 |       GBool (*abortCheckCbkA)(void *data) = NULL,
      |       ~~~~~~~~~~~~~~~~~~~~~~~~~~~~~~~~~~~~~~~~~~~
  142 |       void *abortCheckCbkDataA = NULL);
      |       ~~~~~~~~~~~~~~~~~~~~~~~~~~~~~~~
/src/xpdf-4.05/xpdf/Gfx.h:132:3: note: candidate constructor not viable: requires at least 9 arguments, but 2 were provided
  132 |   Gfx(PDFDoc *docA, OutputDev *outA, int pageNum, Dict *resDict,
      |   ^   ~~~~~~~~~~~~~~~~~~~~~~~~~~~~~~~~~~~~~~~~~~~~~~~~~~~~~~~~~~
  133 |       double hDPI, double vDPI, PDFRectangle *box,
      |       ~~~~~~~~~~~~~~~~~~~~~~~~~~~~~~~~~~~~~~~~~~~~
  134 |       PDFRectangle *cropBox, int rotate,
      |       ~~~~~~~~~~~~~~~~~~~~~~~~~~~~~~~~~~
  135 |       GBool (*abortCheckCbkA)(void *data) = NULL,
      |       ~~~~~~~~~~~~~~~~~~~~~~~~~~~~~~~~~~~~~~~~~~~
  136 |       void *abortCheckCbkDataA = NULL);
      |       ~~~~~~~~~~~~~~~~~~~~~~~~~~~~~~~
fuzz_zxdoc.cc:21:9: error: &#39;opSetExtGState&#39; is a private member of &#39;Gfx&#39;
   21 |     gfx.opSetExtGState(&amp;obj, value);
      |         ^
/src/xpdf-4.05/xpdf/Gfx.h:233:8: note: declared private here
  233 |   void opSetExtGState(Object args[], int numArgs);
      |        ^
&lt;/error&gt;




Fix code:
1. Consider possible solutions for the issues listed above.
2. Choose a solution that can maximize fuzzing result, which is utilizing the function under test and feeding it not null input.
3. Apply the solutions to the original code.
It&#39;s important to show the complete code, not only the fixed line.
&lt;solution&gt;
</pre>



<h3>Code #5</h3>

<pre>
```cpp
#include &lt;fuzzer/FuzzedDataProvider.h&gt;
#include &#34;/src/xpdf-4.05/xpdf/Gfx.h&#34;
#include &#34;/src/xpdf-4.05/xpdf/PDFDoc.h&#34;
#include &#34;/src/xpdf-4.05/xpdf/OutputDev.h&#34;
#include &#34;/src/xpdf-4.05/xpdf/GlobalParams.h&#34;

extern &#34;C&#34; int LLVMFuzzerTestOneInput(const uint8_t *data, size_t size) {
    FuzzedDataProvider stream(data, size);

    // Initialize parameters for opSetExtGState function
    Object obj;
    int value = stream.ConsumeIntegral&lt;int&gt;();

    // Create necessary objects for Gfx constructor
    GlobalParams *globalParams = new GlobalParams(&#34;/src/xpdf-4.05/xpdf&#34;);
    PDFDoc *doc = new PDFDoc(globalParams);
    OutputDev *out = nullptr; // Change to pointer to avoid abstract class issue

    // Call the function-under-test
    Gfx gfx(doc, out);
    gfx.opSetExtGState(&amp;obj, value);

    delete globalParams;
    delete doc;

    return 0;
}
```
</pre>


<h2>Logs</h2>

<pre >
Fixing /home/chyun/oss-fuzz-gen1/results1/output-xpdf-_zn3gfx14opsetextgstateep6objecti/fixed_targets/02.cc with gpt-3.5-turbo, attempt 1.
Fixing /home/chyun/oss-fuzz-gen1/results1/output-xpdf-_zn3gfx14opsetextgstateep6objecti/fixed_targets/02.cc with gpt-3.5-turbo, attempt 2.
Fixing /home/chyun/oss-fuzz-gen1/results1/output-xpdf-_zn3gfx14opsetextgstateep6objecti/fixed_targets/02.cc with gpt-3.5-turbo, attempt 3.
Fixing /home/chyun/oss-fuzz-gen1/results1/output-xpdf-_zn3gfx14opsetextgstateep6objecti/fixed_targets/02.cc with gpt-3.5-turbo, attempt 4.
Fixing /home/chyun/oss-fuzz-gen1/results1/output-xpdf-_zn3gfx14opsetextgstateep6objecti/fixed_targets/02.cc with gpt-3.5-turbo, attempt 5.
Failed to build /home/chyun/oss-fuzz-gen1/results1/output-xpdf-_zn3gfx14opsetextgstateep6objecti/fixed_targets/02.cc with gpt-3.5-turbo in 5 iterations of fixing.

</pre>


<h2>Run logs</h2>
<pre>

</pre>


</body>