<!doctype html>

<meta charset="utf-8">
<meta name="viewport" content="width=device-width, initial-scale=1" />
<title>Experiment results</title>
<style>
* {
    box-sizing: border-box;
}

html {
    line-height: 1.15;
}

body {
    font-family: sans-serif;
    font-size: 16px;
}

table {
    border-collapse: collapse;
    border-spacing: 0;
}

td, th {
    border-right: 1px #dedede solid;
    border-bottom: 1px #dedede solid;
    padding: 5px;
    text-align: left;
}
td:first-child, th:first-child {
    border-left: 1px #dedede solid;
}
th {
    border-top: 1px #dedede solid;
}

tbody tr:nth-child(odd) {
    background-color: #f4f5ff;
}
</style>
<body>
    LLM: 
    
<h1>output-xpdf-_zn6pdfdoc12displaypagesep9outputdeviiddiiiipfipves2_ / 02</h1>
Bug: False
<br>
Crash reason: -
<br>
<br>

<h2>Triage</h2>
<pre>

</pre>
<br>





<h3>Final code</h3>

<pre>
extern &#34;C&#34; int LLVMFuzzerTestOneInput(const uint8_t *Data, size_t Size) {
  // Initialize necessary objects
  PDFDoc doc;
  OutputDev outputDev;
  
  // Convert Data to necessary types
  int arg1 = static_cast&lt;int&gt;(Data[0]);
  int arg2 = static_cast&lt;int&gt;(Data[1]);
  double arg3 = static_cast&lt;double&gt;(Data[2]);
  double arg4 = static_cast&lt;double&gt;(Data[3]);
  int arg5 = static_cast&lt;int&gt;(Data[4]);
  GBool arg6 = static_cast&lt;GBool&gt;(Data[5]);
  GBool arg7 = static_cast&lt;GBool&gt;(Data[6]);
  GBool arg8 = static_cast&lt;GBool&gt;(Data[7]);
  DW_TAG_subroutine_typeInfinite loop *arg9 = static_cast&lt;DW_TAG_subroutine_typeInfinite loop *&gt;(Data[8]);
  void *arg10 = static_cast&lt;void *&gt;(Data[9]);

  // Call the function
  doc.displayPages(&amp;outputDev, arg1, arg2, arg3, arg4, arg5, arg6, arg7, arg8, arg9, arg10);

  return 0;
}
</pre>


<h3>Fixer prompt #1</h3>
<pre>

Given the following C++ fuzz harness and its build error message, fix the code to make it build for fuzzing.

If there is undeclared identifier or unknown type name error, fix it by finding and including the related libraries.

MUST RETURN THE FULL CODE, INCLUDING UNCHANGED PARTS.

Below is the code needs to be built:
&lt;code&gt;
#include &lt;fuzzer/FuzzedDataProvider.h&gt;

#include &lt;stddef.h&gt;
#include &lt;stdint.h&gt;
#include &lt;vector&gt;

#include &#34;GlobalParams.h&#34;
#include &#34;Object.h&#34;
#include
&lt;/code&gt;

Below is the error to fix:
The code has the following build issues:
&lt;error&gt;
The target function `void PDFDoc::displayPages(OutputDev *, int, int, double, double, int, GBool, GBool, GBool, DW_TAG_subroutine_typeInfinite loop *, void *)` was not called by the fuzz target `LLVMFuzzerTestOneInput`.YOU MUST CALL FUNCTION `void PDFDoc::displayPages(OutputDev *, int, int, double, double, int, GBool, GBool, GBool, DW_TAG_subroutine_typeInfinite loop *, void *)` INSIDE FUNCTION `LLVMFuzzerTestOneInput`.
&lt;/error&gt;




Fix code:
1. Consider possible solutions for the issues listed above.
2. Choose a solution that can maximize fuzzing result, which is utilizing the function under test and feeding it not null input.
3. Apply the solutions to the original code.
It&#39;s important to show the complete code, not only the fixed line.
&lt;solution&gt;
</pre>



<h3>Code #1</h3>

<pre>
#include &lt;fuzzer/FuzzedDataProvider.h&gt;

#include &lt;stddef.h&gt;
#include &lt;stdint.h&gt;
#include &lt;vector&gt;

#include &#34;GlobalParams.h&#34;
#include &#34;Object.h&#34;
#include &#34;PDFDoc.h&#34;

extern &#34;C&#34; int LLVMFuzzerTestOneInput(const uint8_t *data, size_t size) {
  if (size &lt; 1) {
    return 0;
  }

  FuzzedDataProvider fuzzed_data_provider(data, size);
  std::vector&lt;uint8_t&gt; buffer = fuzzed_data_provider.ConsumeBytes&lt;uint8_t&gt;(size);

  PDFDoc pdfdoc;
  OutputDev outputdev;
  int startPage = 1;
  int endPage = 1;
  double hDPI = 72.0;
  double vDPI = 72.0;
  int rotate = 0;
  GBool useMediaBox = gFalse;
  GBool crop = gFalse;
  GBool printing = gFalse;
  DW_TAG_subroutine_typeInfinite loop* infLoop = nullptr;
  void* voidPtr = nullptr;

  pdfdoc.displayPages(&amp;outputdev, startPage, endPage, hDPI, vDPI, rotate, useMediaBox, crop, printing, infLoop, voidPtr);

  return 0;
}
</pre>


<h3>Fixer prompt #2</h3>
<pre>

Given the following C++ fuzz harness and its build error message, fix the code to make it build for fuzzing.

If there is undeclared identifier or unknown type name error, fix it by finding and including the related libraries.

MUST RETURN THE FULL CODE, INCLUDING UNCHANGED PARTS.

Below is the code needs to be built:
&lt;code&gt;
#include &lt;fuzzer/FuzzedDataProvider.h&gt;

#include &lt;stddef.h&gt;
#include &lt;stdint.h&gt;
#include &lt;vector&gt;

#include &#34;GlobalParams.h&#34;
#include &#34;Object.h&#34;
#include &#34;PDFDoc.h&#34;

extern &#34;C&#34; int LLVMFuzzerTestOneInput(const uint8_t *data, size_t size) {
  if (size &lt; 1) {
    return 0;
  }

  FuzzedDataProvider fuzzed_data_provider(data, size);
  std::vector&lt;uint8_t&gt; buffer = fuzzed_data_provider.ConsumeBytes&lt;uint8_t&gt;(size);

  PDFDoc pdfdoc;
  OutputDev outputdev;
  int startPage = 1;
  int endPage = 1;
  double hDPI = 72.0;
  double vDPI = 72.0;
  int rotate = 0;
  GBool useMediaBox = gFalse;
  GBool crop = gFalse;
  GBool printing = gFalse;
  DW_TAG_subroutine_typeInfinite loop* infLoop = nullptr;
  void* voidPtr = nullptr;

  pdfdoc.displayPages(&amp;outputdev, startPage, endPage, hDPI, vDPI, rotate, useMediaBox, crop, printing, infLoop, voidPtr);

  return 0;
}
&lt;/code&gt;

Below is the error to fix:
The code has the following build issues:
&lt;error&gt;

&lt;/error&gt;




Fix code:
1. Consider possible solutions for the issues listed above.
2. Choose a solution that can maximize fuzzing result, which is utilizing the function under test and feeding it not null input.
3. Apply the solutions to the original code.
It&#39;s important to show the complete code, not only the fixed line.
&lt;solution&gt;
</pre>



<h3>Code #2</h3>

<pre>
The error message is not provided, but there seems to be a couple of potential issues in the code.

First, the `OutputDev` class is not declared in this scope. You may need to include the appropriate header file for it or declare it if it&#39;s a custom class.

Second, `DW_TAG_subroutine_typeInfinite loop* infLoop = nullptr;` seems to be a typo. It&#39;s not clear what the correct type should be, but `DW_TAG_subroutine_typeInfinite` is not a valid type and `loop* infLoop = nullptr;` is not a valid declaration. 

Without more context, it&#39;s hard to give a precise fix, but here&#39;s a possible revision:

```cpp
#include &lt;fuzzer/FuzzedDataProvider.h&gt;

#include &lt;stddef.h&gt;
#include &lt;stdint.h&gt;
#include &lt;vector&gt;

#include &#34;GlobalParams.h&#34;
#include &#34;Object.h&#34;
#include &#34;PDFDoc.h&#34;
#include &#34;OutputDev.h&#34; // Include missing header

extern &#34;C&#34; int LLVMFuzzerTestOneInput(const uint8_t *data, size_t size) {
  if (size &lt; 1) {
    return 0;
  }

  FuzzedDataProvider fuzzed_data_provider(data, size);
  std::vector&lt;uint8_t&gt; buffer = fuzzed_data_provider.ConsumeBytes&lt;uint8_t&gt;(size);

  PDFDoc pdfdoc;
  OutputDev outputdev;
  int startPage = 1;
  int endPage = 1;
  double hDPI = 72.0;
  double vDPI = 72.0;
  int rotate = 0;
  GBool useMediaBox = gFalse;
  GBool crop = gFalse;
  GBool printing = gFalse;
  
  // Fix the invalid declaration
  bool infLoop = false;
  void* voidPtr = nullptr;

  pdfdoc.displayPages(&amp;outputdev, startPage, endPage, hDPI, vDPI, rotate, useMediaBox, crop, printing, &amp;infLoop, voidPtr);

  return 0;
}
```

This code assumes `OutputDev.h` is the correct header for the `OutputDev` class and `infLoop` should be a boolean. You may need to adjust these based on your actual codebase.
</pre>


<h3>Fixer prompt #3</h3>
<pre>

Given the following C++ fuzz harness and its build error message, fix the code to make it build for fuzzing.

If there is undeclared identifier or unknown type name error, fix it by finding and including the related libraries.

MUST RETURN THE FULL CODE, INCLUDING UNCHANGED PARTS.

Below is the code needs to be built:
&lt;code&gt;
#include &lt;fuzzer/FuzzedDataProvider.h&gt;

#include &lt;stddef.h&gt;
#include &lt;stdint.h&gt;
#include &lt;vector&gt;

#include &#34;GlobalParams.h&#34;
#include &#34;Object.h&#34;
#include &#34;PDFDoc.h&#34;
#include &#34;OutputDev.h&#34; // Include missing header

extern &#34;C&#34; int LLVMFuzzerTestOneInput(const uint8_t *data, size_t size) {
  if (size &lt; 1) {
    return 0;
  }

  FuzzedDataProvider fuzzed_data_provider(data, size);
  std::vector&lt;uint8_t&gt; buffer = fuzzed_data_provider.ConsumeBytes&lt;uint8_t&gt;(size);

  PDFDoc pdfdoc;
  OutputDev outputdev;
  int startPage = 1;
  int endPage = 1;
  double hDPI = 72.0;
  double vDPI = 72.0;
  int rotate = 0;
  GBool useMediaBox = gFalse;
  GBool crop = gFalse;
  GBool printing = gFalse;
  
  // Fix the invalid declaration
  bool infLoop = false;
  void* voidPtr = nullptr;

  pdfdoc.displayPages(&amp;outputdev, startPage, endPage, hDPI, vDPI, rotate, useMediaBox, crop, printing, &amp;infLoop, voidPtr);

  return 0;
}
&lt;/code&gt;

Below is the error to fix:
The code has the following build issues:
&lt;error&gt;
fuzz_JBIG2.cc:20:10: error: no matching constructor for initialization of &#39;PDFDoc&#39;
   20 |   PDFDoc pdfdoc;
      |          ^
../xpdf/PDFDoc.h:35:7: note: candidate constructor (the implicit copy constructor) not viable: requires 1 argument, but 0 were provided
   35 | class PDFDoc {
      |       ^~~~~~
../xpdf/PDFDoc.h:38:3: note: candidate constructor not viable: requires at least argument &#39;fileNameA&#39;, but no arguments were provided
   38 |   PDFDoc(GString *fileNameA, GString *ownerPassword = NULL,
      |   ^      ~~~~~~~~~~~~~~~~~~~~~~~~~~~~~~~~~~~~~~~~~~~~~~~~~~
   39 |          GString *userPassword = NULL, PDFCore *coreA = NULL);
      |          ~~~~~~~~~~~~~~~~~~~~~~~~~~~~~~~~~~~~~~~~~~~~~~~~~~~
../xpdf/PDFDoc.h:48:3: note: candidate constructor not viable: requires at least argument &#39;fileNameA&#39;, but no arguments were provided
   48 |   PDFDoc(char *fileNameA, GString *ownerPassword = NULL,
      |   ^      ~~~~~~~~~~~~~~~~~~~~~~~~~~~~~~~~~~~~~~~~~~~~~~~
   49 |          GString *userPassword = NULL, PDFCore *coreA = NULL);
      |          ~~~~~~~~~~~~~~~~~~~~~~~~~~~~~~~~~~~~~~~~~~~~~~~~~~~
../xpdf/PDFDoc.h:51:3: note: candidate constructor not viable: requires at least argument &#39;strA&#39;, but no arguments were provided
   51 |   PDFDoc(BaseStream *strA, GString *ownerPassword = NULL,
      |   ^      ~~~~~~~~~~~~~~~~~~~~~~~~~~~~~~~~~~~~~~~~~~~~~~~~
   52 |          GString *userPassword = NULL, PDFCore *coreA = NULL);
      |          ~~~~~~~~~~~~~~~~~~~~~~~~~~~~~~~~~~~~~~~~~~~~~~~~~~~
fuzz_JBIG2.cc:21:13: error: variable type &#39;OutputDev&#39; is an abstract class
   21 |   OutputDev outputdev;
      |             ^
../xpdf/OutputDev.h:48:17: note: unimplemented pure virtual method &#39;upsideDown&#39; in &#39;OutputDev&#39;
   48 |   virtual GBool upsideDown() = 0;
      |                 ^
../xpdf/OutputDev.h:51:17: note: unimplemented pure virtual method &#39;useDrawChar&#39; in &#39;OutputDev&#39;
   51 |   virtual GBool useDrawChar() = 0;
      |                 ^
../xpdf/OutputDev.h:64:17: note: unimplemented pure virtual method &#39;interpretType3Chars&#39; in &#39;OutputDev&#39;
   64 |   virtual GBool interpretType3Chars() = 0;
      |                 ^
&lt;/error&gt;




Fix code:
1. Consider possible solutions for the issues listed above.
2. Choose a solution that can maximize fuzzing result, which is utilizing the function under test and feeding it not null input.
3. Apply the solutions to the original code.
It&#39;s important to show the complete code, not only the fixed line.
&lt;solution&gt;
</pre>



<h3>Code #3</h3>

<pre>
&lt;code&gt;
#include &lt;fuzzer/FuzzedDataProvider.h&gt;

#include &lt;stddef.h&gt;
#include &lt;stdint.h&gt;
#include &lt;vector&gt;

#include &#34;GlobalParams.h&#34;
#include &#34;Object.h&#34;
#include &#34;PDFDoc.h&#34;
#include &#34;GString.h&#34; // Include missing header
#include &#34;BaseStream.h&#34; // Include missing header
#include &#34;OutputDev.h&#34;

class MyOutputDev : public OutputDev { // Create a derived class from the abstract class OutputDev
public:
    GBool upsideDown() override { return gFalse; }
    GBool useDrawChar() override { return gTrue; }
    GBool interpretType3Chars() override { return gFalse; }
};

extern &#34;C&#34; int LLVMFuzzerTestOneInput(const uint8_t *data, size_t size) {
  if (size &lt; 1) {
    return 0;
  }

  FuzzedDataProvider fuzzed_data_provider(data, size);
  std::vector&lt;uint8_t&gt; buffer = fuzzed_data_provider.ConsumeBytes&lt;uint8_t&gt;(size);

  GString fileNameA((char*)buffer.data(), buffer.size()); // Create a GString object for the fileNameA parameter
  PDFDoc pdfdoc(&amp;fileNameA); // Pass the GString object to the PDFDoc constructor
  MyOutputDev outputdev; // Create an object of the derived class MyOutputDev
  int startPage = 1;
  int endPage = 1;
  double hDPI = 72.0;
  double vDPI = 72.0;
  int rotate = 0;
  GBool useMediaBox = gFalse;
  GBool crop = gFalse;
  GBool printing = gFalse;
  
  bool infLoop = false;
  void* voidPtr = nullptr;

  pdfdoc.displayPages(&amp;outputdev, startPage, endPage, hDPI, vDPI, rotate, useMediaBox, crop, printing, &amp;infLoop, voidPtr);

  return 0;
}
&lt;/code&gt;
</pre>


<h3>Fixer prompt #4</h3>
<pre>

Given the following C++ fuzz harness and its build error message, fix the code to make it build for fuzzing.

If there is undeclared identifier or unknown type name error, fix it by finding and including the related libraries.

MUST RETURN THE FULL CODE, INCLUDING UNCHANGED PARTS.

Below is the code needs to be built:
&lt;code&gt;
#include &lt;fuzzer/FuzzedDataProvider.h&gt;

#include &lt;stddef.h&gt;
#include &lt;stdint.h&gt;
#include &lt;vector&gt;

#include &#34;GlobalParams.h&#34;
#include &#34;Object.h&#34;
#include &#34;PDFDoc.h&#34;
#include &#34;GString.h&#34; // Include missing header
#include &#34;BaseStream.h&#34; // Include missing header
#include &#34;OutputDev.h&#34;

class MyOutputDev : public OutputDev { // Create a derived class from the abstract class OutputDev
public:
    GBool upsideDown() override { return gFalse; }
    GBool useDrawChar() override { return gTrue; }
    GBool interpretType3Chars() override { return gFalse; }
};

extern &#34;C&#34; int LLVMFuzzerTestOneInput(const uint8_t *data, size_t size) {
  if (size &lt; 1) {
    return 0;
  }

  FuzzedDataProvider fuzzed_data_provider(data, size);
  std::vector&lt;uint8_t&gt; buffer = fuzzed_data_provider.ConsumeBytes&lt;uint8_t&gt;(size);

  GString fileNameA((char*)buffer.data(), buffer.size()); // Create a GString object for the fileNameA parameter
  PDFDoc pdfdoc(&amp;fileNameA); // Pass the GString object to the PDFDoc constructor
  MyOutputDev outputdev; // Create an object of the derived class MyOutputDev
  int startPage = 1;
  int endPage = 1;
  double hDPI = 72.0;
  double vDPI = 72.0;
  int rotate = 0;
  GBool useMediaBox = gFalse;
  GBool crop = gFalse;
  GBool printing = gFalse;
  
  bool infLoop = false;
  void* voidPtr = nullptr;

  pdfdoc.displayPages(&amp;outputdev, startPage, endPage, hDPI, vDPI, rotate, useMediaBox, crop, printing, &amp;infLoop, voidPtr);

  return 0;
}
&lt;/code&gt;

Below is the error to fix:
The code has the following build issues:
&lt;error&gt;

&lt;/error&gt;




Fix code:
1. Consider possible solutions for the issues listed above.
2. Choose a solution that can maximize fuzzing result, which is utilizing the function under test and feeding it not null input.
3. Apply the solutions to the original code.
It&#39;s important to show the complete code, not only the fixed line.
&lt;solution&gt;
</pre>



<h3>Code #4</h3>

<pre>
The error message is not provided in the question, so I can&#39;t provide a specific solution. However, based on the given code, it seems there are no syntax errors or missing libraries. 

If there are any errors, they might be related to the specific implementation of the classes and functions used, which are not provided in the question. 

In general, to fix build errors, you should:

1. Check if all necessary libraries are included.
2. Check if all variables and functions are declared before they are used.
3. Check if all classes are properly defined and implemented.
4. Check if all functions are called with the correct number and type of arguments.
5. Check if all objects are properly initialized before they are used.

If the error is related to these issues, you should fix it accordingly.
</pre>


<h3>Fixer prompt #5</h3>
<pre>

Given the following C++ fuzz harness and its build error message, fix the code to make it build for fuzzing.

If there is undeclared identifier or unknown type name error, fix it by finding and including the related libraries.

MUST RETURN THE FULL CODE, INCLUDING UNCHANGED PARTS.

Below is the code needs to be built:
&lt;code&gt;
The error message is not provided in the question, so I can&#39;t provide a specific solution. However, based on the given code, it seems there are no syntax errors or missing libraries. 

If there are any errors, they might be related to the specific implementation of the classes and functions used, which are not provided in the question. 

In general, to fix build errors, you should:

1. Check if all necessary libraries are included.
2. Check if all variables and functions are declared before they are used.
3. Check if all classes are properly defined and implemented.
4. Check if all functions are called with the correct number and type of arguments.
5. Check if all objects are properly initialized before they are used.

If the error is related to these issues, you should fix it accordingly.
&lt;/code&gt;

Below is the error to fix:
The code has the following build issues:
&lt;error&gt;
The target function `void PDFDoc::displayPages(OutputDev *, int, int, double, double, int, GBool, GBool, GBool, DW_TAG_subroutine_typeInfinite loop *, void *)` was not called by the fuzz target `LLVMFuzzerTestOneInput`.YOU MUST CALL FUNCTION `void PDFDoc::displayPages(OutputDev *, int, int, double, double, int, GBool, GBool, GBool, DW_TAG_subroutine_typeInfinite loop *, void *)` INSIDE FUNCTION `LLVMFuzzerTestOneInput`.
&lt;/error&gt;




Fix code:
1. Consider possible solutions for the issues listed above.
2. Choose a solution that can maximize fuzzing result, which is utilizing the function under test and feeding it not null input.
3. Apply the solutions to the original code.
It&#39;s important to show the complete code, not only the fixed line.
&lt;solution&gt;
</pre>



<h3>Code #5</h3>

<pre>
Without the actual code, it&#39;s impossible to provide a specific solution. However, based on the error message, it seems like the function `PDFDoc::displayPages` is not called inside the `LLVMFuzzerTestOneInput` function. 

Here is a general solution:

```cpp
extern &#34;C&#34; int LLVMFuzzerTestOneInput(const uint8_t *Data, size_t Size) {
  // Initialize necessary objects
  PDFDoc doc;
  OutputDev outputDev;
  
  // Convert Data to necessary types
  int arg1 = static_cast&lt;int&gt;(Data[0]);
  int arg2 = static_cast&lt;int&gt;(Data[1]);
  double arg3 = static_cast&lt;double&gt;(Data[2]);
  double arg4 = static_cast&lt;double&gt;(Data[3]);
  int arg5 = static_cast&lt;int&gt;(Data[4]);
  GBool arg6 = static_cast&lt;GBool&gt;(Data[5]);
  GBool arg7 = static_cast&lt;GBool&gt;(Data[6]);
  GBool arg8 = static_cast&lt;GBool&gt;(Data[7]);
  DW_TAG_subroutine_typeInfinite loop *arg9 = static_cast&lt;DW_TAG_subroutine_typeInfinite loop *&gt;(Data[8]);
  void *arg10 = static_cast&lt;void *&gt;(Data[9]);

  // Call the function
  doc.displayPages(&amp;outputDev, arg1, arg2, arg3, arg4, arg5, arg6, arg7, arg8, arg9, arg10);

  return 0;
}
```

This is a very general solution and may not work depending on the actual types of the arguments and the way they should be converted from `Data`. You need to adjust it based on the actual implementation of `PDFDoc::displayPages` and the types of its arguments.
</pre>


<h2>Logs</h2>
<pre>
Fixing /home/chyun/oss-fuzz-gen1/results9/output-xpdf-_zn6pdfdoc12displaypagesep9outputdeviiddiiiipfipves2_/fixed_targets/02.cc with gpt-4, attempt 1.
Fixing /home/chyun/oss-fuzz-gen1/results9/output-xpdf-_zn6pdfdoc12displaypagesep9outputdeviiddiiiipfipves2_/fixed_targets/02.cc with gpt-4, attempt 2.
Fixing /home/chyun/oss-fuzz-gen1/results9/output-xpdf-_zn6pdfdoc12displaypagesep9outputdeviiddiiiipfipves2_/fixed_targets/02.cc with gpt-4, attempt 3.
Fixing /home/chyun/oss-fuzz-gen1/results9/output-xpdf-_zn6pdfdoc12displaypagesep9outputdeviiddiiiipfipves2_/fixed_targets/02.cc with gpt-4, attempt 4.
Fixing /home/chyun/oss-fuzz-gen1/results9/output-xpdf-_zn6pdfdoc12displaypagesep9outputdeviiddiiiipfipves2_/fixed_targets/02.cc with gpt-4, attempt 5.
Failed to build /home/chyun/oss-fuzz-gen1/results9/output-xpdf-_zn6pdfdoc12displaypagesep9outputdeviiddiiiipfipves2_/fixed_targets/02.cc with gpt-4 in 5 iterations of fixing.

</pre>

<h2>Run logs</h2>
<pre>

</pre>


</body>