<!doctype html>

<meta charset="utf-8">
<meta name="viewport" content="width=device-width, initial-scale=1" />
<title>Experiment results</title>
<style>
* {
    box-sizing: border-box;
}

html {
    line-height: 1.15;
}

body {
    font-family: sans-serif;
    font-size: 16px;
}

table {
    border-collapse: collapse;
    border-spacing: 0;
}

td, th {
    border-right: 1px #dedede solid;
    border-bottom: 1px #dedede solid;
    padding: 5px;
    text-align: left;
}
td:first-child, th:first-child {
    border-left: 1px #dedede solid;
}
th {
    border-top: 1px #dedede solid;
}

tbody tr:nth-child(odd) {
    background-color: #f4f5ff;
}

.chat_prompt {
    background-color: #fff7f2;
    max-width: 50%;
    overflow: scroll;
}

.chat_response {
    background-color: #fcfff2;
    max-width: 50%;
    overflow: scroll;
    margin-left: auto;
}
</style>
<body>
    LLM: 
    
<h1>output-xpdf-_zn6pdfdoc12displaypagesep9outputdeviiddiiiipfipves2_ / 01</h1>
Bug: False
<br>
Crash reason: FP_NEAR_INIT_CRASH
<br>
<br>


<h2>Triage</h2>
<pre>
Crash is caused by bug in fuzz driver.

Analysis:
1. The crash occurred in the fuzz driver code during the execution of the LLVMFuzzerTestOneInput function.
2. The crash report indicates a SEGV (Segmentation Violation) on an unknown address, suggesting a memory access issue.
3. The stack trace points to the GlobalParams::getPrintStatusInfo() function in GlobalParams.cc as the source of the crash.
4. The issue seems to be related to how parameters are passed or handled within the fuzz driver code, possibly leading to a null pointer dereference or memory corruption.
5. Further investigation is needed to identify the exact root cause within the fuzz driver code.
</pre>
<br>



<h3>Triager prompt</h3>
<pre>

Given the following crash report, fuzz driver code and relevant project function code, analyze the cause of the crash.

First, only answer ‚ÄúCrash is caused by bug in fuzz driver‚Äù or ‚ÄúCrash is caused by bug in project‚Äù. Second, offer a succinct and to-the-point analysis.

Below is crash report:
&lt;log&gt;
AddressSanitizer: SEGV on unknown address 0x0000000002c0 (pc 0x7f4613325fc4 bp 0x7ffc751eb8a0 sp 0x7ffc751eb888 T0)
[1m[0m==11==The signal is caused by a READ memory access.
==11==Hint: address points to the zero page.
SCARINESS: 10 (null-deref)
    #0 0x7f4613325fc4 in __pthread_mutex_lock (/lib/x86_64-linux-gnu/libpthread.so.0+0xafc4) (BuildId: 9a65bb469e45a1c6fbcffae5b82a2fd7a69eb479)
    #1 0x55703855c5af in GlobalParams::getPrintStatusInfo() /src/xpdf-4.05/xpdf/GlobalParams.cc:3556:3
    #2 0x55703844346e in PDFDoc::displayPages(OutputDev*, int, int, double, double, int, int, int, int, int (*)(void*), void*) /src/xpdf-4.05/xpdf/PDFDoc.cc:459:23
    #3 0x557038441168 in LLVMFuzzerTestOneInput /src/xpdf-4.05/build/fuzz_zxdoc.cc:33:12
    #4 0x5570382f5460 in fuzzer::Fuzzer::ExecuteCallback(unsigned char const*, unsigned long) /src/llvm-project/compiler-rt/lib/fuzzer/FuzzerLoop.cpp:614:13
    #5 0x5570382f6971 in fuzzer::Fuzzer::ReadAndExecuteSeedCorpora(std::__Fuzzer::vector&lt;fuzzer::SizedFile, std::__Fuzzer::allocator&lt;fuzzer::SizedFile&gt;&gt;&amp;) /src/llvm-project/compiler-rt/lib/fuzzer/FuzzerLoop.cpp:807:3
    #6 0x5570382f6f02 in fuzzer::Fuzzer::Loop(std::__Fuzzer::vector&lt;fuzzer::SizedFile, std::__Fuzzer::allocator&lt;fuzzer::SizedFile&gt;&gt;&amp;) /src/llvm-project/compiler-rt/lib/fuzzer/FuzzerLoop.cpp:867:3
    #7 0x5570382e603b in fuzzer::FuzzerDriver(int*, char***, int (*)(unsigned char const*, unsigned long)) /src/llvm-project/compiler-rt/lib/fuzzer/FuzzerDriver.cpp:914:6
    #8 0x557038311412 in main /src/llvm-project/compiler-rt/lib/fuzzer/FuzzerMain.cpp:20:10
    #9 0x7f4613104082 in __libc_start_main (/lib/x86_64-linux-gnu/libc.so.6+0x24082) (BuildId: 0702430aef5fa3dda43986563e9ffcc47efbd75e)
    #10 0x5570382d88bd in _start (/out/fuzz_zxdoc+0x1c98bd)

DEDUP_TOKEN: __pthread_mutex_lock--GlobalParams::getPrintStatusInfo()--PDFDoc::displayPages(OutputDev*, int, int, double, double, int, int, int, int, int (*)(void*), void*)
AddressSanitizer can not provide additional info.
&lt;/log&gt;

Below is driver code:
&lt;code&gt;
Line 1 - 33:
#include &lt;fuzzer/FuzzedDataProvider.h&gt;
#include &#34;PDFDoc.h&#34;
#include &#34;OutputDev.h&#34;
#include &#34;GString.h&#34;

// Include the necessary header file for GBool
#include &#34;gmem.h&#34;

// Define the dummyAbortCheck function outside of the LLVMFuzzerTestOneInput function
GBool dummyAbortCheck(void* data) {
    return gFalse;
}

extern &#34;C&#34; int LLVMFuzzerTestOneInput(const uint8_t *data, size_t size) {
    FuzzedDataProvider stream(data, size);

    // Initialize parameters for PDFDoc::displayPages function
    OutputDev* outputDev = nullptr;
    int pageFirst = stream.ConsumeIntegral&lt;int&gt;();
    int pageLast = stream.ConsumeIntegral&lt;int&gt;();
    double scaleX = stream.ConsumeFloatingPoint&lt;double&gt;();
    double scaleY = stream.ConsumeFloatingPoint&lt;double&gt;();
    int rotation = stream.ConsumeIntegral&lt;int&gt;();
    GBool useMediaBox = stream.ConsumeBool();
    GBool crop = stream.ConsumeBool();
    GBool printing = stream.ConsumeBool();

    // Create an instance of PDFDoc with a dummy file name
    GString dummyFileName = &#34;dummy.pdf&#34;;
    PDFDoc pdfDoc(&amp;dummyFileName);

    // Call the function-under-test using the instance
    pdfDoc.displayPages(outputDev, pageFirst, pageLast, scaleX, scaleY, rotation, useMediaBox, crop, printing, dummyAbortCheck, nullptr);
&lt;/code&gt;

Below is relevant project function code:
&lt;code&gt;
No relevant project function code
&lt;/code&gt;

&lt;solution&gt;
</pre>
<br>






<h3>Final code</h3>

<pre>
#include &lt;fuzzer/FuzzedDataProvider.h&gt;
#include &#34;PDFDoc.h&#34;
#include &#34;OutputDev.h&#34;
#include &#34;GString.h&#34;

// Include the necessary header file for GBool
#include &#34;gmem.h&#34;

// Define the dummyAbortCheck function outside of the LLVMFuzzerTestOneInput function
GBool dummyAbortCheck(void* data) {
    return gFalse;
}

extern &#34;C&#34; int LLVMFuzzerTestOneInput(const uint8_t *data, size_t size) {
    FuzzedDataProvider stream(data, size);

    // Initialize parameters for PDFDoc::displayPages function
    OutputDev* outputDev = nullptr;
    int pageFirst = stream.ConsumeIntegral&lt;int&gt;();
    int pageLast = stream.ConsumeIntegral&lt;int&gt;();
    double scaleX = stream.ConsumeFloatingPoint&lt;double&gt;();
    double scaleY = stream.ConsumeFloatingPoint&lt;double&gt;();
    int rotation = stream.ConsumeIntegral&lt;int&gt;();
    GBool useMediaBox = stream.ConsumeBool();
    GBool crop = stream.ConsumeBool();
    GBool printing = stream.ConsumeBool();

    // Create an instance of PDFDoc with a dummy file name
    GString dummyFileName = &#34;dummy.pdf&#34;;
    PDFDoc pdfDoc(&amp;dummyFileName);

    // Call the function-under-test using the instance
    pdfDoc.displayPages(outputDev, pageFirst, pageLast, scaleX, scaleY, rotation, useMediaBox, crop, printing, dummyAbortCheck, nullptr);

    return 0;
}
</pre>


<h3>Fixer prompt #1</h3>
<pre>

Given the following C++ fuzz harness and its build error message, fix the code to make it build for fuzzing.

If there is undeclared identifier or unknown type name error, fix it by finding and including the related libraries.

MUST RETURN THE FULL CODE, INCLUDING UNCHANGED PARTS.

Below is the code needs to be built:
&lt;code&gt;
#include &lt;fuzzer/FuzzedDataProvider.h&gt;
#include &#34;PDFDoc.h&#34; // Include the header file for the function-under-test

extern &#34;C&#34; int LLVMFuzzerTestOneInput(const uint8_t *data, size_t size) {
    FuzzedDataProvider stream(data, size);

    // Initialize parameters for PDFDoc::displayPages function
    OutputDev* outputDev = nullptr; // Initialize with a non-NULL value
    int pageFirst = stream.ConsumeIntegral&lt;int&gt;();
    int pageLast = stream.ConsumeIntegral&lt;int&gt;();
    double scaleX = stream.ConsumeFloatingPoint&lt;double&gt;();
    double scaleY = stream.ConsumeFloatingPoint&lt;double&gt;();
    int rotation = stream.ConsumeIntegral&lt;int&gt;();
    GBool useMediaBox = stream.ConsumeBool();
    GBool crop = stream.ConsumeBool();
    GBool printing = stream.ConsumeBool();
    DW_TAG_subroutine_typeInfinite loop* abort = nullptr; // Initialize with a non-NULL value
    void* abortCookie = nullptr; // Initialize with a non-NULL value

    // Call the function-under-test
    PDFDoc::displayPages(outputDev, pageFirst, pageLast, scaleX, scaleY, rotation, useMediaBox, crop, printing, abort, abortCookie);

    return 0;
}
&lt;/code&gt;

Below is the error to fix:
The code has the following build issues:
&lt;error&gt;
fuzz_zxdoc.cc:17:5: error: unknown type name &#39;DW_TAG_subroutine_typeInfinite&#39;
   17 |     DW_TAG_subroutine_typeInfinite loop* abort = nullptr; // Initialize with a non-NULL value
      |     ^
fuzz_zxdoc.cc:17:40: error: expected &#39;;&#39; at end of declaration
   17 |     DW_TAG_subroutine_typeInfinite loop* abort = nullptr; // Initialize with a non-NULL value
      |                                        ^
      |                                        ;
fuzz_zxdoc.cc:21:13: error: call to non-static member function without an object argument
   21 |     PDFDoc::displayPages(outputDev, pageFirst, pageLast, scaleX, scaleY, rotation, useMediaBox, crop, printing, abort, abortCookie);
      |     ~~~~~~~~^~~~~~~~~~~~
&lt;/error&gt;


Below are instructions to assist you in fixing the error.
&lt;instruction&gt;
IMPORTANT: ALWAYS INCLUDE STANDARD LIBRARIES BEFORE PROJECT-SPECIFIC (xpdf) LIBRARIES. This order prevents errors like &#34;unknown type name&#34; for basic types. Additionally, include project-specific libraries that contain declarations before those thatuse these declared symbols.
&lt;/instruction&gt;

Fix code:
1. Consider possible solutions for the issues listed above.
2. Choose a solution that can maximize fuzzing result, which is utilizing the function under test and feeding it not null input.
3. Apply the solutions to the original code.
It&#39;s important to show the complete code, not only the fixed line.
&lt;solution&gt;
</pre>



<h3>Code #1</h3>

<pre>
```cpp
#include &lt;fuzzer/FuzzedDataProvider.h&gt;
#include &#34;PDFDoc.h&#34;
#include &#34;OutputDev.h&#34; // Include the header file for OutputDev

extern &#34;C&#34; int LLVMFuzzerTestOneInput(const uint8_t *data, size_t size) {
    FuzzedDataProvider stream(data, size);

    // Initialize parameters for PDFDoc::displayPages function
    OutputDev* outputDev = nullptr;
    int pageFirst = stream.ConsumeIntegral&lt;int&gt;();
    int pageLast = stream.ConsumeIntegral&lt;int&gt;();
    double scaleX = stream.ConsumeFloatingPoint&lt;double&gt;();
    double scaleY = stream.ConsumeFloatingPoint&lt;double&gt;();
    int rotation = stream.ConsumeIntegral&lt;int&gt;();
    GBool useMediaBox = stream.ConsumeBool();
    GBool crop = stream.ConsumeBool();
    GBool printing = stream.ConsumeBool();
    void* abort = nullptr;
    void* abortCookie = nullptr;

    // Call the function-under-test
    PDFDoc::displayPages(outputDev, pageFirst, pageLast, scaleX, scaleY, rotation, useMediaBox, crop, printing, abort, abortCookie);

    return 0;
}
```  
</pre>


<h3>Fixer prompt #2</h3>
<pre>

Given the following C++ fuzz harness and its build error message, fix the code to make it build for fuzzing.

If there is undeclared identifier or unknown type name error, fix it by finding and including the related libraries.

MUST RETURN THE FULL CODE, INCLUDING UNCHANGED PARTS.

Below is the code needs to be built:
&lt;code&gt;
#include &lt;fuzzer/FuzzedDataProvider.h&gt;
#include &#34;PDFDoc.h&#34;
#include &#34;OutputDev.h&#34; // Include the header file for OutputDev

extern &#34;C&#34; int LLVMFuzzerTestOneInput(const uint8_t *data, size_t size) {
    FuzzedDataProvider stream(data, size);

    // Initialize parameters for PDFDoc::displayPages function
    OutputDev* outputDev = nullptr;
    int pageFirst = stream.ConsumeIntegral&lt;int&gt;();
    int pageLast = stream.ConsumeIntegral&lt;int&gt;();
    double scaleX = stream.ConsumeFloatingPoint&lt;double&gt;();
    double scaleY = stream.ConsumeFloatingPoint&lt;double&gt;();
    int rotation = stream.ConsumeIntegral&lt;int&gt;();
    GBool useMediaBox = stream.ConsumeBool();
    GBool crop = stream.ConsumeBool();
    GBool printing = stream.ConsumeBool();
    void* abort = nullptr;
    void* abortCookie = nullptr;

    // Call the function-under-test
    PDFDoc::displayPages(outputDev, pageFirst, pageLast, scaleX, scaleY, rotation, useMediaBox, crop, printing, abort, abortCookie);

    return 0;
}
&lt;/code&gt;

Below is the error to fix:
The code has the following build issues:
&lt;error&gt;
fuzz_zxdoc.cc:22:13: error: call to non-static member function without an object argument
   22 |     PDFDoc::displayPages(outputDev, pageFirst, pageLast, scaleX, scaleY, rotation, useMediaBox, crop, printing, abort, abortCookie);
      |     ~~~~~~~~^~~~~~~~~~~~
&lt;/error&gt;




Fix code:
1. Consider possible solutions for the issues listed above.
2. Choose a solution that can maximize fuzzing result, which is utilizing the function under test and feeding it not null input.
3. Apply the solutions to the original code.
It&#39;s important to show the complete code, not only the fixed line.
&lt;solution&gt;
</pre>



<h3>Code #2</h3>

<pre>
```cpp
#include &lt;fuzzer/FuzzedDataProvider.h&gt;
#include &#34;PDFDoc.h&#34;
#include &#34;OutputDev.h&#34; // Include the header file for OutputDev

extern &#34;C&#34; int LLVMFuzzerTestOneInput(const uint8_t *data, size_t size) {
    FuzzedDataProvider stream(data, size);

    // Initialize parameters for PDFDoc::displayPages function
    OutputDev* outputDev = nullptr;
    int pageFirst = stream.ConsumeIntegral&lt;int&gt;();
    int pageLast = stream.ConsumeIntegral&lt;int&gt;();
    double scaleX = stream.ConsumeFloatingPoint&lt;double&gt;();
    double scaleY = stream.ConsumeFloatingPoint&lt;double&gt;();
    int rotation = stream.ConsumeIntegral&lt;int&gt;();
    GBool useMediaBox = stream.ConsumeBool();
    GBool crop = stream.ConsumeBool();
    GBool printing = stream.ConsumeBool();
    void* abort = nullptr;
    void* abortCookie = nullptr;

    // Create an instance of PDFDoc
    PDFDoc pdfDoc;

    // Call the function-under-test using the instance
    pdfDoc.displayPages(outputDev, pageFirst, pageLast, scaleX, scaleY, rotation, useMediaBox, crop, printing, abort, abortCookie);

    return 0;
}
```
</pre>


<h3>Fixer prompt #3</h3>
<pre>

Given the following C++ fuzz harness and its build error message, fix the code to make it build for fuzzing.

If there is undeclared identifier or unknown type name error, fix it by finding and including the related libraries.

MUST RETURN THE FULL CODE, INCLUDING UNCHANGED PARTS.

Below is the code needs to be built:
&lt;code&gt;
#include &lt;fuzzer/FuzzedDataProvider.h&gt;
#include &#34;PDFDoc.h&#34;
#include &#34;OutputDev.h&#34; // Include the header file for OutputDev

extern &#34;C&#34; int LLVMFuzzerTestOneInput(const uint8_t *data, size_t size) {
    FuzzedDataProvider stream(data, size);

    // Initialize parameters for PDFDoc::displayPages function
    OutputDev* outputDev = nullptr;
    int pageFirst = stream.ConsumeIntegral&lt;int&gt;();
    int pageLast = stream.ConsumeIntegral&lt;int&gt;();
    double scaleX = stream.ConsumeFloatingPoint&lt;double&gt;();
    double scaleY = stream.ConsumeFloatingPoint&lt;double&gt;();
    int rotation = stream.ConsumeIntegral&lt;int&gt;();
    GBool useMediaBox = stream.ConsumeBool();
    GBool crop = stream.ConsumeBool();
    GBool printing = stream.ConsumeBool();
    void* abort = nullptr;
    void* abortCookie = nullptr;

    // Create an instance of PDFDoc
    PDFDoc pdfDoc;

    // Call the function-under-test using the instance
    pdfDoc.displayPages(outputDev, pageFirst, pageLast, scaleX, scaleY, rotation, useMediaBox, crop, printing, abort, abortCookie);

    return 0;
}
&lt;/code&gt;

Below is the error to fix:
The code has the following build issues:
&lt;error&gt;
fuzz_zxdoc.cc:22:12: error: no matching constructor for initialization of &#39;PDFDoc&#39;
   22 |     PDFDoc pdfDoc;
      |            ^
../xpdf/PDFDoc.h:35:7: note: candidate constructor (the implicit copy constructor) not viable: requires 1 argument, but 0 were provided
   35 | class PDFDoc {
      |       ^~~~~~
../xpdf/PDFDoc.h:38:3: note: candidate constructor not viable: requires at least argument &#39;fileNameA&#39;, but no arguments were provided
   38 |   PDFDoc(GString *fileNameA, GString *ownerPassword = NULL,
      |   ^      ~~~~~~~~~~~~~~~~~~~~~~~~~~~~~~~~~~~~~~~~~~~~~~~~~~
   39 |          GString *userPassword = NULL, PDFCore *coreA = NULL);
      |          ~~~~~~~~~~~~~~~~~~~~~~~~~~~~~~~~~~~~~~~~~~~~~~~~~~~
../xpdf/PDFDoc.h:48:3: note: candidate constructor not viable: requires at least argument &#39;fileNameA&#39;, but no arguments were provided
   48 |   PDFDoc(char *fileNameA, GString *ownerPassword = NULL,
      |   ^      ~~~~~~~~~~~~~~~~~~~~~~~~~~~~~~~~~~~~~~~~~~~~~~~
   49 |          GString *userPassword = NULL, PDFCore *coreA = NULL);
      |          ~~~~~~~~~~~~~~~~~~~~~~~~~~~~~~~~~~~~~~~~~~~~~~~~~~~
../xpdf/PDFDoc.h:51:3: note: candidate constructor not viable: requires at least argument &#39;strA&#39;, but no arguments were provided
   51 |   PDFDoc(BaseStream *strA, GString *ownerPassword = NULL,
      |   ^      ~~~~~~~~~~~~~~~~~~~~~~~~~~~~~~~~~~~~~~~~~~~~~~~~
   52 |          GString *userPassword = NULL, PDFCore *coreA = NULL);
      |          ~~~~~~~~~~~~~~~~~~~~~~~~~~~~~~~~~~~~~~~~~~~~~~~~~~~
fuzz_zxdoc.cc:25:112: error: cannot initialize a parameter of type &#39;GBool (*)(void *)&#39; (aka &#39;int (*)(void *)&#39;) with an lvalue of type &#39;void *&#39;
   25 |     pdfDoc.displayPages(outputDev, pageFirst, pageLast, scaleX, scaleY, rotation, useMediaBox, crop, printing, abort, abortCookie);
      |                                                                                                                ^~~~~
../xpdf/PDFDoc.h:113:15: note: passing argument to parameter &#39;abortCheckCbk&#39; here
  113 |                     GBool (*abortCheckCbk)(void *data) = NULL,
      |                             ^
&lt;/error&gt;




Fix code:
1. Consider possible solutions for the issues listed above.
2. Choose a solution that can maximize fuzzing result, which is utilizing the function under test and feeding it not null input.
3. Apply the solutions to the original code.
It&#39;s important to show the complete code, not only the fixed line.
&lt;solution&gt;
</pre>



<h3>Code #3</h3>

<pre>
```cpp
#include &lt;fuzzer/FuzzedDataProvider.h&gt;
#include &#34;PDFDoc.h&#34;
#include &#34;OutputDev.h&#34; // Include the header file for OutputDev

extern &#34;C&#34; int LLVMFuzzerTestOneInput(const uint8_t *data, size_t size) {
    FuzzedDataProvider stream(data, size);

    // Initialize parameters for PDFDoc::displayPages function
    OutputDev* outputDev = nullptr;
    int pageFirst = stream.ConsumeIntegral&lt;int&gt;();
    int pageLast = stream.ConsumeIntegral&lt;int&gt;();
    double scaleX = stream.ConsumeFloatingPoint&lt;double&gt;();
    double scaleY = stream.ConsumeFloatingPoint&lt;double&gt;();
    int rotation = stream.ConsumeIntegral&lt;int&gt;();
    GBool useMediaBox = stream.ConsumeBool();
    GBool crop = stream.ConsumeBool();
    GBool printing = stream.ConsumeBool();

    // Create an instance of PDFDoc with a dummy file name
    GString dummyFileName = &#34;dummy.pdf&#34;;
    PDFDoc pdfDoc(&amp;dummyFileName);

    // Define a dummy abort check callback function
    GBool dummyAbortCheck(void* data) {
        return gFalse;
    }

    // Call the function-under-test using the instance
    pdfDoc.displayPages(outputDev, pageFirst, pageLast, scaleX, scaleY, rotation, useMediaBox, crop, printing, dummyAbortCheck, nullptr);

    return 0;
}
```
</pre>


<h3>Fixer prompt #4</h3>
<pre>

Given the following C++ fuzz harness and its build error message, fix the code to make it build for fuzzing.

If there is undeclared identifier or unknown type name error, fix it by finding and including the related libraries.

MUST RETURN THE FULL CODE, INCLUDING UNCHANGED PARTS.

Below is the code needs to be built:
&lt;code&gt;
#include &lt;fuzzer/FuzzedDataProvider.h&gt;
#include &#34;PDFDoc.h&#34;
#include &#34;OutputDev.h&#34; // Include the header file for OutputDev

extern &#34;C&#34; int LLVMFuzzerTestOneInput(const uint8_t *data, size_t size) {
    FuzzedDataProvider stream(data, size);

    // Initialize parameters for PDFDoc::displayPages function
    OutputDev* outputDev = nullptr;
    int pageFirst = stream.ConsumeIntegral&lt;int&gt;();
    int pageLast = stream.ConsumeIntegral&lt;int&gt;();
    double scaleX = stream.ConsumeFloatingPoint&lt;double&gt;();
    double scaleY = stream.ConsumeFloatingPoint&lt;double&gt;();
    int rotation = stream.ConsumeIntegral&lt;int&gt;();
    GBool useMediaBox = stream.ConsumeBool();
    GBool crop = stream.ConsumeBool();
    GBool printing = stream.ConsumeBool();

    // Create an instance of PDFDoc with a dummy file name
    GString dummyFileName = &#34;dummy.pdf&#34;;
    PDFDoc pdfDoc(&amp;dummyFileName);

    // Define a dummy abort check callback function
    GBool dummyAbortCheck(void* data) {
        return gFalse;
    }

    // Call the function-under-test using the instance
    pdfDoc.displayPages(outputDev, pageFirst, pageLast, scaleX, scaleY, rotation, useMediaBox, crop, printing, dummyAbortCheck, nullptr);

    return 0;
}
&lt;/code&gt;

Below is the error to fix:
The code has the following build issues:
&lt;error&gt;
fuzz_zxdoc.cc:24:39: error: function definition is not allowed here
   24 |     GBool dummyAbortCheck(void* data) {
      |                                       ^
fuzz_zxdoc.cc:29:112: error: use of undeclared identifier &#39;dummyAbortCheck&#39;
   29 |     pdfDoc.displayPages(outputDev, pageFirst, pageLast, scaleX, scaleY, rotation, useMediaBox, crop, printing, dummyAbortCheck, nullptr);
      |                                                                                                                ^
&lt;/error&gt;




Fix code:
1. Consider possible solutions for the issues listed above.
2. Choose a solution that can maximize fuzzing result, which is utilizing the function under test and feeding it not null input.
3. Apply the solutions to the original code.
It&#39;s important to show the complete code, not only the fixed line.
&lt;solution&gt;
</pre>



<h3>Code #4</h3>

<pre>
```cpp
#include &lt;fuzzer/FuzzedDataProvider.h&gt;
#include &#34;PDFDoc.h&#34;
#include &#34;OutputDev.h&#34;
#include &#34;GString.h&#34; // Include the header file for GString

extern &#34;C&#34; int LLVMFuzzerTestOneInput(const uint8_t *data, size_t size) {
    FuzzedDataProvider stream(data, size);

    // Initialize parameters for PDFDoc::displayPages function
    OutputDev* outputDev = nullptr;
    int pageFirst = stream.ConsumeIntegral&lt;int&gt;();
    int pageLast = stream.ConsumeIntegral&lt;int&gt;();
    double scaleX = stream.ConsumeFloatingPoint&lt;double&gt;();
    double scaleY = stream.ConsumeFloatingPoint&lt;double&gt;();
    int rotation = stream.ConsumeIntegral&lt;int&gt;();
    GBool useMediaBox = stream.ConsumeBool();
    GBool crop = stream.ConsumeBool();
    GBool printing = stream.ConsumeBool();

    // Create an instance of PDFDoc with a dummy file name
    GString dummyFileName = &#34;dummy.pdf&#34;;
    PDFDoc pdfDoc(&amp;dummyFileName);

    // Define a dummy abort check callback function
    GBool dummyAbortCheck(void* data) {
        return gFalse;
    }

    // Call the function-under-test using the instance
    pdfDoc.displayPages(outputDev, pageFirst, pageLast, scaleX, scaleY, rotation, useMediaBox, crop, printing, dummyAbortCheck, nullptr);

    return 0;
}
```
</pre>


<h3>Fixer prompt #5</h3>
<pre>

Given the following C++ fuzz harness and its build error message, fix the code to make it build for fuzzing.

If there is undeclared identifier or unknown type name error, fix it by finding and including the related libraries.

MUST RETURN THE FULL CODE, INCLUDING UNCHANGED PARTS.

Below is the code needs to be built:
&lt;code&gt;
#include &lt;fuzzer/FuzzedDataProvider.h&gt;
#include &#34;PDFDoc.h&#34;
#include &#34;OutputDev.h&#34;
#include &#34;GString.h&#34; // Include the header file for GString

extern &#34;C&#34; int LLVMFuzzerTestOneInput(const uint8_t *data, size_t size) {
    FuzzedDataProvider stream(data, size);

    // Initialize parameters for PDFDoc::displayPages function
    OutputDev* outputDev = nullptr;
    int pageFirst = stream.ConsumeIntegral&lt;int&gt;();
    int pageLast = stream.ConsumeIntegral&lt;int&gt;();
    double scaleX = stream.ConsumeFloatingPoint&lt;double&gt;();
    double scaleY = stream.ConsumeFloatingPoint&lt;double&gt;();
    int rotation = stream.ConsumeIntegral&lt;int&gt;();
    GBool useMediaBox = stream.ConsumeBool();
    GBool crop = stream.ConsumeBool();
    GBool printing = stream.ConsumeBool();

    // Create an instance of PDFDoc with a dummy file name
    GString dummyFileName = &#34;dummy.pdf&#34;;
    PDFDoc pdfDoc(&amp;dummyFileName);

    // Define a dummy abort check callback function
    GBool dummyAbortCheck(void* data) {
        return gFalse;
    }

    // Call the function-under-test using the instance
    pdfDoc.displayPages(outputDev, pageFirst, pageLast, scaleX, scaleY, rotation, useMediaBox, crop, printing, dummyAbortCheck, nullptr);

    return 0;
}
&lt;/code&gt;

Below is the error to fix:
The code has the following build issues:
&lt;error&gt;
fuzz_zxdoc.cc:25:39: error: function definition is not allowed here
   25 |     GBool dummyAbortCheck(void* data) {
      |                                       ^
fuzz_zxdoc.cc:30:112: error: use of undeclared identifier &#39;dummyAbortCheck&#39;
   30 |     pdfDoc.displayPages(outputDev, pageFirst, pageLast, scaleX, scaleY, rotation, useMediaBox, crop, printing, dummyAbortCheck, nullptr);
      |                                                                                                                ^
&lt;/error&gt;




Fix code:
1. Consider possible solutions for the issues listed above.
2. Choose a solution that can maximize fuzzing result, which is utilizing the function under test and feeding it not null input.
3. Apply the solutions to the original code.
It&#39;s important to show the complete code, not only the fixed line.
&lt;solution&gt;
</pre>



<h3>Code #5</h3>

<pre>
```cpp
#include &lt;fuzzer/FuzzedDataProvider.h&gt;
#include &#34;PDFDoc.h&#34;
#include &#34;OutputDev.h&#34;
#include &#34;GString.h&#34;

// Include the necessary header file for GBool
#include &#34;gmem.h&#34;

// Define the dummyAbortCheck function outside of the LLVMFuzzerTestOneInput function
GBool dummyAbortCheck(void* data) {
    return gFalse;
}

extern &#34;C&#34; int LLVMFuzzerTestOneInput(const uint8_t *data, size_t size) {
    FuzzedDataProvider stream(data, size);

    // Initialize parameters for PDFDoc::displayPages function
    OutputDev* outputDev = nullptr;
    int pageFirst = stream.ConsumeIntegral&lt;int&gt;();
    int pageLast = stream.ConsumeIntegral&lt;int&gt;();
    double scaleX = stream.ConsumeFloatingPoint&lt;double&gt;();
    double scaleY = stream.ConsumeFloatingPoint&lt;double&gt;();
    int rotation = stream.ConsumeIntegral&lt;int&gt;();
    GBool useMediaBox = stream.ConsumeBool();
    GBool crop = stream.ConsumeBool();
    GBool printing = stream.ConsumeBool();

    // Create an instance of PDFDoc with a dummy file name
    GString dummyFileName = &#34;dummy.pdf&#34;;
    PDFDoc pdfDoc(&amp;dummyFileName);

    // Call the function-under-test using the instance
    pdfDoc.displayPages(outputDev, pageFirst, pageLast, scaleX, scaleY, rotation, useMediaBox, crop, printing, dummyAbortCheck, nullptr);

    return 0;
}
```  
</pre>


<h2>Logs</h2>

<pre >
Fixing /home/chyun/oss-fuzz-gen4/results8/output-xpdf-_zn6pdfdoc12displaypagesep9outputdeviiddiiiipfipves2_/fixed_targets/01.cc with gpt-3.5-turbo, attempt 1.
Fixing /home/chyun/oss-fuzz-gen4/results8/output-xpdf-_zn6pdfdoc12displaypagesep9outputdeviiddiiiipfipves2_/fixed_targets/01.cc with gpt-3.5-turbo, attempt 2.
Fixing /home/chyun/oss-fuzz-gen4/results8/output-xpdf-_zn6pdfdoc12displaypagesep9outputdeviiddiiiipfipves2_/fixed_targets/01.cc with gpt-3.5-turbo, attempt 3.
Fixing /home/chyun/oss-fuzz-gen4/results8/output-xpdf-_zn6pdfdoc12displaypagesep9outputdeviiddiiiipfipves2_/fixed_targets/01.cc with gpt-3.5-turbo, attempt 4.
Fixing /home/chyun/oss-fuzz-gen4/results8/output-xpdf-_zn6pdfdoc12displaypagesep9outputdeviiddiiiipfipves2_/fixed_targets/01.cc with gpt-3.5-turbo, attempt 5.
Successfully built /home/chyun/oss-fuzz-gen4/results8/output-xpdf-_zn6pdfdoc12displaypagesep9outputdeviiddiiiipfipves2_/fixed_targets/01.cc with gpt-3.5-turbo in 5 iterations of fixing.
Triaging the crash related to /home/chyun/oss-fuzz-gen4/results8/output-xpdf-_zn6pdfdoc12displaypagesep9outputdeviiddiiiipfipves2_/fixed_targets/01.cc with gpt-3.5-turbo.
Warning: Failed to fix semantic error FP_NEAR_INIT_CRASH in xpdf-zn6pdfdoc12displaypagesep9outputdeviiddiiiipfipves2-01.

</pre>


<h2>Run logs</h2>
<pre>
INFO:__main__:Running: docker run --privileged --shm-size=2g --platform linux/amd64 --rm -e FUZZING_ENGINE=libfuzzer -e SANITIZER=address -e RUN_FUZZER_MODE=interactive -e HELPER=True -v /home/chyun/oss-fuzz-gen4/results8/output-xpdf-_zn6pdfdoc12displaypagesep9outputdeviiddiiiipfipves2_/corpora/01.cc:/tmp/fuzz_zxdoc_corpus -v /tmp/tmp05ffpc4g/build/out/xpdf-zn6pdfdoc12displaypagesep9outputdeviiddiiiipfipves2-01:/out -t gcr.io/oss-fuzz-base/base-runner run_fuzzer fuzz_zxdoc -print_final_stats=1 -max_total_time=30 -len_control=0 -timeout=30.
vm.mmap_rnd_bits = 28
rm: cannot remove &#39;/tmp/fuzz_zxdoc_corpus&#39;: Device or resource busy
/out/fuzz_zxdoc -rss_limit_mb=2560 -timeout=25 -print_final_stats=1 -max_total_time=30 -len_control=0 -timeout=30 /tmp/fuzz_zxdoc_corpus &lt; /dev/null
INFO: Running with entropic power schedule (0xFF, 100).
INFO: Seed: 2428905544
INFO: Loaded 1 modules   (26818 inline 8-bit counters): 26818 [0x557038819278, 0x55703881fb3a), 
INFO: Loaded 1 PC tables (26818 PCs): 26818 [0x55703881fb40,0x557038888760), 
INFO:        0 files found in /tmp/fuzz_zxdoc_corpus
INFO: -max_len is not provided; libFuzzer will not generate inputs larger than 4096 bytes
I/O Error: Couldn&#39;t open file &#39;dummy.pdf&#39;
AddressSanitizer:DEADLYSIGNAL
=================================================================
[1m[31m==11==ERROR: AddressSanitizer: SEGV on unknown address 0x0000000002c0 (pc 0x7f4613325fc4 bp 0x7ffc751eb8a0 sp 0x7ffc751eb888 T0)
[1m[0m==11==The signal is caused by a READ memory access.
==11==Hint: address points to the zero page.
SCARINESS: 10 (null-deref)
    #0 0x7f4613325fc4 in __pthread_mutex_lock (/lib/x86_64-linux-gnu/libpthread.so.0+0xafc4) (BuildId: 9a65bb469e45a1c6fbcffae5b82a2fd7a69eb479)
    #1 0x55703855c5af in GlobalParams::getPrintStatusInfo() /src/xpdf-4.05/xpdf/GlobalParams.cc:3556:3
    #2 0x55703844346e in PDFDoc::displayPages(OutputDev*, int, int, double, double, int, int, int, int, int (*)(void*), void*) /src/xpdf-4.05/xpdf/PDFDoc.cc:459:23
    #3 0x557038441168 in LLVMFuzzerTestOneInput /src/xpdf-4.05/build/fuzz_zxdoc.cc:33:12
    #4 0x5570382f5460 in fuzzer::Fuzzer::ExecuteCallback(unsigned char const*, unsigned long) /src/llvm-project/compiler-rt/lib/fuzzer/FuzzerLoop.cpp:614:13
    #5 0x5570382f6971 in fuzzer::Fuzzer::ReadAndExecuteSeedCorpora(std::__Fuzzer::vector&lt;fuzzer::SizedFile, std::__Fuzzer::allocator&lt;fuzzer::SizedFile&gt;&gt;&amp;) /src/llvm-project/compiler-rt/lib/fuzzer/FuzzerLoop.cpp:807:3
    #6 0x5570382f6f02 in fuzzer::Fuzzer::Loop(std::__Fuzzer::vector&lt;fuzzer::SizedFile, std::__Fuzzer::allocator&lt;fuzzer::SizedFile&gt;&gt;&amp;) /src/llvm-project/compiler-rt/lib/fuzzer/FuzzerLoop.cpp:867:3
    #7 0x5570382e603b in fuzzer::FuzzerDriver(int*, char***, int (*)(unsigned char const*, unsigned long)) /src/llvm-project/compiler-rt/lib/fuzzer/FuzzerDriver.cpp:914:6
    #8 0x557038311412 in main /src/llvm-project/compiler-rt/lib/fuzzer/FuzzerMain.cpp:20:10
    #9 0x7f4613104082 in __libc_start_main (/lib/x86_64-linux-gnu/libc.so.6+0x24082) (BuildId: 0702430aef5fa3dda43986563e9ffcc47efbd75e)
    #10 0x5570382d88bd in _start (/out/fuzz_zxdoc+0x1c98bd)

DEDUP_TOKEN: __pthread_mutex_lock--GlobalParams::getPrintStatusInfo()--PDFDoc::displayPages(OutputDev*, int, int, double, double, int, int, int, int, int (*)(void*), void*)
AddressSanitizer can not provide additional info.
SUMMARY: AddressSanitizer: SEGV (/lib/x86_64-linux-gnu/libpthread.so.0+0xafc4) (BuildId: 9a65bb469e45a1c6fbcffae5b82a2fd7a69eb479) in __pthread_mutex_lock
==11==ABORTING
MS: 0 ; base unit: 0000000000000000000000000000000000000000


artifact_prefix=&#39;./&#39;; Test unit written to ./crash-da39a3ee5e6b4b0d3255bfef95601890afd80709
Base64: 
stat::number_of_executed_units: 1
stat::average_exec_per_sec:     0
stat::new_units_added:          0
stat::slowest_unit_time_sec:    0
stat::peak_rss_mb:              34

</pre>


</body>