<!doctype html>

<meta charset="utf-8">
<meta name="viewport" content="width=device-width, initial-scale=1" />
<title>Experiment results</title>
<style>
* {
    box-sizing: border-box;
}

html {
    line-height: 1.15;
}

body {
    font-family: sans-serif;
    font-size: 16px;
}

table {
    border-collapse: collapse;
    border-spacing: 0;
}

td, th {
    border-right: 1px #dedede solid;
    border-bottom: 1px #dedede solid;
    padding: 5px;
    text-align: left;
}
td:first-child, th:first-child {
    border-left: 1px #dedede solid;
}
th {
    border-top: 1px #dedede solid;
}

tbody tr:nth-child(odd) {
    background-color: #f4f5ff;
}
</style>
<body>
    LLM: 
    
<h1>output-xpdf-_zn6pdfdoc12displaypagesep9outputdeviiddiiiipfipves2_ / 01</h1>
Bug: False
<br>
Crash reason: FP_NEAR_INIT_CRASH
<br>
<br>

<h2>Triage</h2>
<pre>
Crash is caused by bug in project.

The crash log shows that the issue is a segmentation fault (SEGV) caused by a READ memory access. The crash occurs within the GlobalParams::getPrintStatusInfo() function, which is a part of the project code, not the fuzz driver. The crash report suggests that the issue is likely due to a null-dereference, meaning that the code is trying to access memory through a null pointer. This is a bug in the project code, not the fuzz driver.
</pre>
<br>





<h3>Final code</h3>

<pre>
#include &lt;cstdint&gt; // for uint8_t
#include &#34;/src/xpdf-4.05/goo/GString.h&#34; // for GString
#include &#34;/src/xpdf-4.05/xpdf/PDFDoc.h&#34;
#include &#34;/src/xpdf-4.05/xpdf/OutputDev.h&#34; // for OutputDev

class MyOutputDev : public OutputDev {
public:
    virtual GBool upsideDown() { return gTrue; }
    virtual GBool useDrawChar() { return gTrue; }
    virtual GBool interpretType3Chars() { return gFalse; }
    // Implement other pure virtual methods as needed
};

extern &#34;C&#34; int LLVMFuzzerTestOneInput(const uint8_t *Data, size_t Size) {
    // Create an instance of PDFDoc and OutputDev
    GString fileName((char *)Data, Size);
    PDFDoc pdfDoc(&amp;fileName);
    MyOutputDev outputDev;
    
    // Assuming the other parameters are already defined
    // Call the function with the data from the fuzzer
    pdfDoc.displayPages(&amp;outputDev, 1, 1, 72, 72, 0, gFalse, gTrue, gFalse);
    
    return 0;
}
</pre>


<h3>Fixer prompt #1</h3>
<pre>

Given the following C++ fuzz harness and its build error message, fix the code to make it build for fuzzing.

If there is undeclared identifier or unknown type name error, fix it by finding and including the related libraries.

MUST RETURN THE FULL CODE, INCLUDING UNCHANGED PARTS.

Below is the code needs to be built:
&lt;code&gt;
#include &lt;fuzzer/FuzzedDataProvider.h&gt;

#include &lt;aconf.h&gt;
#include &lt;png.h&gt;
#include &lt;stddef.h&gt;
#include &lt;stdint.h&gt;
#include &lt;stdio.h&gt;
#include &lt;stdlib.h&gt;
#include &lt;string.h&gt;
#include &lt;vector&gt;

#include &#34;GString.h&#34;
#include &#34;GlobalParams.h&#34;
#include &#34;JBIG2Stream.h&#34;
#include &#34;Object.h&#34;
#include &#34;PDFDoc.h&#34;
#include &#34;Splash.h&#34;
#include &#34;SplashBitmap.h&#34;
#include &#34;SplashOutputDev.h&#34;
#include &#34;Stream.h&#34;
#include &#34;config.h&#34;
#include &#34;gfile.h&#34;
#include &#34;gmem.h&#34;
#include &#34;gmempp.h&#34;
#include &#34;parseargs.h&#34;

extern &#34;C&#34; int LLVMFuzzerTestOneInput(const uint8_t *data, size_t size) {
  FuzzedDataProvider fdp(data, size);
  double hdpi = fdp.ConsumeFloatingPoint&lt;double&gt;();
  double vdpi = fdp.ConsumeFloatingPoint&lt;double&gt;();
  int rotate = fdp.ConsumeIntegral&lt;int&gt;();
  bool useMediaBox = fdp.ConsumeBool();
  bool crop = fdp.ConsumeBool();
  bool printing = fdp.ConsumeBool();
  std::vector&lt;char&gt; payload = fdp.ConsumeRemainingBytes&lt;char&gt;();

  Object xpdf_obj;
  xpdf_obj.initNull();
  BaseStream *stream = new MemStream(payload.data(), 0, payload.size(), &amp;xpdf_obj);

  Object info, xfa;
  Object *acroForm;
  globalParams = new GlobalParams(NULL);
  globalParams-&gt;setErrQuiet(1);
  globalParams-&gt;setupBaseFonts(NULL);
  char yes[] = &#34;yes&#34;;
  globalParams-&gt;setEnableFreeType(yes);
  globalParams-&gt;setErrQuiet(1);

  PDFDoc *doc = NULL;
  try {
    doc = new PDFDoc(stream);
    if (doc-&gt;isOk() == gTrue) {
      doc-&gt;getNumPages();
      doc-&gt;getOutline();
      doc-&gt;getStructTreeRoot();
      doc-&gt;getXRef();
      doc-&gt;okToPrint(gTrue);
      doc-&gt;okToCopy(gTrue);
      doc-&gt;okToChange(gTrue);
      doc-&gt;okToAddNotes(gTrue);
      doc-&gt;isLinearized();
      doc-&gt;getPDFVersion();

      GString *metadata;
      if ((metadata = doc-&gt;readMetadata())) {
        (void)metadata-&gt;getCString();
        delete metadata;
      }

      Object info;
      doc-&gt;getDocInfo(&amp;info);
      if (info.isDict()) {
        info.getDict();
      }
      info.free();

      if ((acroForm = doc-&gt;getCatalog()-&gt;getAcroForm())-&gt;isDict()) {
        acroForm-&gt;dictLookup(&#34;XFA&#34;, &amp;xfa);
        xfa.free();
      }

      SplashColor paperColor = {0xff, 0xff, 0xff};
      SplashOutputDev *splashOut = new SplashOutputDev(splashModeRGB8, 1, gFalse, paperColor);
      splashOut-&gt;setNoComposite(gTrue);
      splashOut-&gt;startDoc(doc-&gt;getXRef());
      doc-&gt;displayPages(splashOut, 1, doc-&gt;getNumPages(), hdpi, vdpi, rotate, useMediaBox, crop, printing);
      delete splashOut;
    }
  } catch (...) {
  }
  delete globalParams;
  delete doc;
  return 0;
}
&lt;/code&gt;

Below is the error to fix:
The code has the following build issues:
&lt;error&gt;

&lt;/error&gt;




Fix code:
1. Consider possible solutions for the issues listed above.
2. Choose a solution that can maximize fuzzing result, which is utilizing the function under test and feeding it not null input.
3. Apply the solutions to the original code.
It&#39;s important to show the complete code, not only the fixed line.
&lt;solution&gt;
</pre>



<h3>Code #1</h3>

<pre>
The task does not provide any specific build error message, thus it&#39;s impossible to provide a solution without knowing the exact problem. However, the code seems to be fine as it is, assuming all the included libraries and their functions are correctly installed and working.
</pre>


<h3>Fixer prompt #2</h3>
<pre>

Given the following C++ fuzz harness and its build error message, fix the code to make it build for fuzzing.

If there is undeclared identifier or unknown type name error, fix it by finding and including the related libraries.

MUST RETURN THE FULL CODE, INCLUDING UNCHANGED PARTS.

Below is the code needs to be built:
&lt;code&gt;
The task does not provide any specific build error message, thus it&#39;s impossible to provide a solution without knowing the exact problem. However, the code seems to be fine as it is, assuming all the included libraries and their functions are correctly installed and working.
&lt;/code&gt;

Below is the error to fix:
The code has the following build issues:
&lt;error&gt;
The target function `void PDFDoc::displayPages(OutputDev *, int, int, double, double, int, GBool, GBool, GBool, DW_TAG_subroutine_typeInfinite loop *, void *)` was not called by the fuzz target `LLVMFuzzerTestOneInput`.YOU MUST CALL FUNCTION `void PDFDoc::displayPages(OutputDev *, int, int, double, double, int, GBool, GBool, GBool, DW_TAG_subroutine_typeInfinite loop *, void *)` INSIDE FUNCTION `LLVMFuzzerTestOneInput`.
&lt;/error&gt;




Fix code:
1. Consider possible solutions for the issues listed above.
2. Choose a solution that can maximize fuzzing result, which is utilizing the function under test and feeding it not null input.
3. Apply the solutions to the original code.
It&#39;s important to show the complete code, not only the fixed line.
&lt;solution&gt;
</pre>



<h3>Code #2</h3>

<pre>
Without the actual code, it&#39;s impossible to provide a specific solution. However, based on the error message, it seems like you need to call the function `PDFDoc::displayPages` inside the `LLVMFuzzerTestOneInput` function. Here is a general example of how you might do this:

```cpp
#include &lt;pdfdoc.h&gt; // Assuming this is the library where PDFDoc::displayPages is declared

extern &#34;C&#34; int LLVMFuzzerTestOneInput(const uint8_t *Data, size_t Size) {
    // Create an instance of PDFDoc and OutputDev
    PDFDoc pdfDoc;
    OutputDev outputDev;
    
    // Assuming the other parameters are already defined
    // Call the function with the data from the fuzzer
    pdfDoc.displayPages(&amp;outputDev, /*other parameters*/, (void *)Data);
    
    return 0;
}
```

This is just a general example and might not work for your specific case. You will need to adjust it based on your actual code and the exact parameters that `PDFDoc::displayPages` requires.
</pre>


<h3>Fixer prompt #3</h3>
<pre>

Given the following C++ fuzz harness and its build error message, fix the code to make it build for fuzzing.

If there is undeclared identifier or unknown type name error, fix it by finding and including the related libraries.

MUST RETURN THE FULL CODE, INCLUDING UNCHANGED PARTS.

Below is the code needs to be built:
&lt;code&gt;
#include &lt;pdfdoc.h&gt; // Assuming this is the library where PDFDoc::displayPages is declared

extern &#34;C&#34; int LLVMFuzzerTestOneInput(const uint8_t *Data, size_t Size) {
    // Create an instance of PDFDoc and OutputDev
    PDFDoc pdfDoc;
    OutputDev outputDev;
    
    // Assuming the other parameters are already defined
    // Call the function with the data from the fuzzer
    pdfDoc.displayPages(&amp;outputDev, /*other parameters*/, (void *)Data);
    
    return 0;
}
&lt;/code&gt;

Below is the error to fix:
The code has the following build issues:
&lt;error&gt;
fuzz_JBIG2.cc:1:10: fatal error: &#39;pdfdoc.h&#39; file not found
    1 | #include &lt;pdfdoc.h&gt; // Assuming this is the library where PDFDoc::displayPages is declared
      |          ^~~~~~~~~~
&lt;/error&gt;


Below are instructions to assist you in fixing the error.
&lt;instruction&gt;
IMPORTANT: DO NOT include the header file pdfdoc.h in the generated fuzz target again, the file does not exist in the project-under-test.
If the non-existent &lt;filepath&gt;pdfdoc.h&lt;/filepath&gt; was included for the declaration of &lt;code&gt;void PDFDoc::displayPages(OutputDev *, int, int, double, double, int, GBool, GBool, GBool, DW_TAG_subroutine_typeInfinite loop *, void *)&lt;/code&gt;, you must replace it with the EXACT path of the actual file &lt;filepath&gt;#include &#34;/src/xpdf-4.05/xpdf/PDFDoc.h&#34;&lt;/filepath&gt;. For example:
&lt;code&gt;
#include &#34;#include &#34;/src/xpdf-4.05/xpdf/PDFDoc.h&#34;&#34;
&lt;/code&gt;
Otherwise, consider replacing it with some of the following statementsthat may be correct alternatives:
&lt;code&gt;
#include &#34;/src/xpdf-4.05/xpdf/PDFDoc.h&#34;
#include &#34;/src/xpdf-4.05/goo/Trace.h&#34;
#include &#34;/src/xpdf-4.05/xpdf/Zoox.h&#34;
#include &#34;/src/xpdf-4.05/xpdf/Dict.h&#34;
#include &#34;/src/xpdf-4.05/xpdf/Annot.h&#34;
&lt;/code&gt;

&lt;/instruction&gt;

Fix code:
1. Consider possible solutions for the issues listed above.
2. Choose a solution that can maximize fuzzing result, which is utilizing the function under test and feeding it not null input.
3. Apply the solutions to the original code.
It&#39;s important to show the complete code, not only the fixed line.
&lt;solution&gt;
</pre>



<h3>Code #3</h3>

<pre>
#include &#34;/src/xpdf-4.05/xpdf/PDFDoc.h&#34;

extern &#34;C&#34; int LLVMFuzzerTestOneInput(const uint8_t *Data, size_t Size) {
    // Create an instance of PDFDoc and OutputDev
    PDFDoc pdfDoc;
    OutputDev outputDev;
    
    // Assuming the other parameters are already defined
    // Call the function with the data from the fuzzer
    pdfDoc.displayPages(&amp;outputDev, /*other parameters*/, (void *)Data);
    
    return 0;
}
</pre>


<h3>Fixer prompt #4</h3>
<pre>

Given the following C++ fuzz harness and its build error message, fix the code to make it build for fuzzing.

If there is undeclared identifier or unknown type name error, fix it by finding and including the related libraries.

MUST RETURN THE FULL CODE, INCLUDING UNCHANGED PARTS.

Below is the code needs to be built:
&lt;code&gt;
#include &#34;/src/xpdf-4.05/xpdf/PDFDoc.h&#34;

extern &#34;C&#34; int LLVMFuzzerTestOneInput(const uint8_t *Data, size_t Size) {
    // Create an instance of PDFDoc and OutputDev
    PDFDoc pdfDoc;
    OutputDev outputDev;
    
    // Assuming the other parameters are already defined
    // Call the function with the data from the fuzzer
    pdfDoc.displayPages(&amp;outputDev, /*other parameters*/, (void *)Data);
    
    return 0;
}
&lt;/code&gt;

Below is the error to fix:
The code has the following build issues:
&lt;error&gt;
fuzz_JBIG2.cc:3:45: error: unknown type name &#39;uint8_t&#39;
    3 | extern &#34;C&#34; int LLVMFuzzerTestOneInput(const uint8_t *Data, size_t Size) {
      |                                             ^
fuzz_JBIG2.cc:5:12: error: no matching constructor for initialization of &#39;PDFDoc&#39;
    5 |     PDFDoc pdfDoc;
      |            ^
/src/xpdf-4.05/xpdf/PDFDoc.h:35:7: note: candidate constructor (the implicit copy constructor) not viable: requires 1 argument, but 0 were provided
   35 | class PDFDoc {
      |       ^~~~~~
/src/xpdf-4.05/xpdf/PDFDoc.h:38:3: note: candidate constructor not viable: requires at least argument &#39;fileNameA&#39;, but no arguments were provided
   38 |   PDFDoc(GString *fileNameA, GString *ownerPassword = NULL,
      |   ^      ~~~~~~~~~~~~~~~~~~~~~~~~~~~~~~~~~~~~~~~~~~~~~~~~~~
   39 |          GString *userPassword = NULL, PDFCore *coreA = NULL);
      |          ~~~~~~~~~~~~~~~~~~~~~~~~~~~~~~~~~~~~~~~~~~~~~~~~~~~
/src/xpdf-4.05/xpdf/PDFDoc.h:48:3: note: candidate constructor not viable: requires at least argument &#39;fileNameA&#39;, but no arguments were provided
   48 |   PDFDoc(char *fileNameA, GString *ownerPassword = NULL,
      |   ^      ~~~~~~~~~~~~~~~~~~~~~~~~~~~~~~~~~~~~~~~~~~~~~~~
   49 |          GString *userPassword = NULL, PDFCore *coreA = NULL);
      |          ~~~~~~~~~~~~~~~~~~~~~~~~~~~~~~~~~~~~~~~~~~~~~~~~~~~
/src/xpdf-4.05/xpdf/PDFDoc.h:51:3: note: candidate constructor not viable: requires at least argument &#39;strA&#39;, but no arguments were provided
   51 |   PDFDoc(BaseStream *strA, GString *ownerPassword = NULL,
      |   ^      ~~~~~~~~~~~~~~~~~~~~~~~~~~~~~~~~~~~~~~~~~~~~~~~~
   52 |          GString *userPassword = NULL, PDFCore *coreA = NULL);
      |          ~~~~~~~~~~~~~~~~~~~~~~~~~~~~~~~~~~~~~~~~~~~~~~~~~~~
fuzz_JBIG2.cc:6:15: error: variable has incomplete type &#39;OutputDev&#39;
    6 |     OutputDev outputDev;
      |               ^
/src/xpdf-4.05/xpdf/Page.h:19:7: note: forward declaration of &#39;OutputDev&#39;
   19 | class OutputDev;
      |       ^
fuzz_JBIG2.cc:10:57: error: expected expression
   10 |     pdfDoc.displayPages(&amp;outputDev, /*other parameters*/, (void *)Data);
      |                                                         ^
&lt;/error&gt;


Below are instructions to assist you in fixing the error.
&lt;instruction&gt;
IMPORTANT: ALWAYS INCLUDE STANDARD LIBRARIES BEFORE PROJECT-SPECIFIC (xpdf) LIBRARIES. This order prevents errors like &#34;unknown type name&#34; for basic types. Additionally, include project-specific libraries that contain declarations before those thatuse these declared symbols.
&lt;/instruction&gt;

Fix code:
1. Consider possible solutions for the issues listed above.
2. Choose a solution that can maximize fuzzing result, which is utilizing the function under test and feeding it not null input.
3. Apply the solutions to the original code.
It&#39;s important to show the complete code, not only the fixed line.
&lt;solution&gt;
</pre>



<h3>Code #4</h3>

<pre>
#include &lt;cstdint&gt; // for uint8_t
#include &#34;/src/xpdf-4.05/goo/GString.h&#34; // for GString
#include &#34;/src/xpdf-4.05/xpdf/PDFDoc.h&#34;
#include &#34;/src/xpdf-4.05/xpdf/OutputDev.h&#34; // for OutputDev

extern &#34;C&#34; int LLVMFuzzerTestOneInput(const uint8_t *Data, size_t Size) {
    // Create an instance of PDFDoc and OutputDev
    GString fileName((char *)Data, Size);
    PDFDoc pdfDoc(&amp;fileName);
    OutputDev outputDev;
    
    // Assuming the other parameters are already defined
    // Call the function with the data from the fuzzer
    pdfDoc.displayPages(&amp;outputDev, 1, 1, 72, 72, 0, gFalse, gTrue, gFalse);
    
    return 0;
}
</pre>


<h3>Fixer prompt #5</h3>
<pre>

Given the following C++ fuzz harness and its build error message, fix the code to make it build for fuzzing.

If there is undeclared identifier or unknown type name error, fix it by finding and including the related libraries.

MUST RETURN THE FULL CODE, INCLUDING UNCHANGED PARTS.

Below is the code needs to be built:
&lt;code&gt;
#include &lt;cstdint&gt; // for uint8_t
#include &#34;/src/xpdf-4.05/goo/GString.h&#34; // for GString
#include &#34;/src/xpdf-4.05/xpdf/PDFDoc.h&#34;
#include &#34;/src/xpdf-4.05/xpdf/OutputDev.h&#34; // for OutputDev

extern &#34;C&#34; int LLVMFuzzerTestOneInput(const uint8_t *Data, size_t Size) {
    // Create an instance of PDFDoc and OutputDev
    GString fileName((char *)Data, Size);
    PDFDoc pdfDoc(&amp;fileName);
    OutputDev outputDev;
    
    // Assuming the other parameters are already defined
    // Call the function with the data from the fuzzer
    pdfDoc.displayPages(&amp;outputDev, 1, 1, 72, 72, 0, gFalse, gTrue, gFalse);
    
    return 0;
}
&lt;/code&gt;

Below is the error to fix:
The code has the following build issues:
&lt;error&gt;
fuzz_JBIG2.cc:10:15: error: variable type &#39;OutputDev&#39; is an abstract class
   10 |     OutputDev outputDev;
      |               ^
/src/xpdf-4.05/xpdf/OutputDev.h:48:17: note: unimplemented pure virtual method &#39;upsideDown&#39; in &#39;OutputDev&#39;
   48 |   virtual GBool upsideDown() = 0;
      |                 ^
/src/xpdf-4.05/xpdf/OutputDev.h:51:17: note: unimplemented pure virtual method &#39;useDrawChar&#39; in &#39;OutputDev&#39;
   51 |   virtual GBool useDrawChar() = 0;
      |                 ^
/src/xpdf-4.05/xpdf/OutputDev.h:64:17: note: unimplemented pure virtual method &#39;interpretType3Chars&#39; in &#39;OutputDev&#39;
   64 |   virtual GBool interpretType3Chars() = 0;
      |                 ^
&lt;/error&gt;




Fix code:
1. Consider possible solutions for the issues listed above.
2. Choose a solution that can maximize fuzzing result, which is utilizing the function under test and feeding it not null input.
3. Apply the solutions to the original code.
It&#39;s important to show the complete code, not only the fixed line.
&lt;solution&gt;
</pre>



<h3>Code #5</h3>

<pre>
#include &lt;cstdint&gt; // for uint8_t
#include &#34;/src/xpdf-4.05/goo/GString.h&#34; // for GString
#include &#34;/src/xpdf-4.05/xpdf/PDFDoc.h&#34;
#include &#34;/src/xpdf-4.05/xpdf/OutputDev.h&#34; // for OutputDev

class MyOutputDev : public OutputDev {
public:
    virtual GBool upsideDown() { return gTrue; }
    virtual GBool useDrawChar() { return gTrue; }
    virtual GBool interpretType3Chars() { return gFalse; }
    // Implement other pure virtual methods as needed
};

extern &#34;C&#34; int LLVMFuzzerTestOneInput(const uint8_t *Data, size_t Size) {
    // Create an instance of PDFDoc and OutputDev
    GString fileName((char *)Data, Size);
    PDFDoc pdfDoc(&amp;fileName);
    MyOutputDev outputDev;
    
    // Assuming the other parameters are already defined
    // Call the function with the data from the fuzzer
    pdfDoc.displayPages(&amp;outputDev, 1, 1, 72, 72, 0, gFalse, gTrue, gFalse);
    
    return 0;
}
</pre>


<h2>Logs</h2>
<pre>
Fixing /home/chyun/oss-fuzz-gen/results2/output-xpdf-_zn6pdfdoc12displaypagesep9outputdeviiddiiiipfipves2_/fixed_targets/01.cc with gpt-4, attempt 1.
Fixing /home/chyun/oss-fuzz-gen/results2/output-xpdf-_zn6pdfdoc12displaypagesep9outputdeviiddiiiipfipves2_/fixed_targets/01.cc with gpt-4, attempt 2.
Fixing /home/chyun/oss-fuzz-gen/results2/output-xpdf-_zn6pdfdoc12displaypagesep9outputdeviiddiiiipfipves2_/fixed_targets/01.cc with gpt-4, attempt 3.
Fixing /home/chyun/oss-fuzz-gen/results2/output-xpdf-_zn6pdfdoc12displaypagesep9outputdeviiddiiiipfipves2_/fixed_targets/01.cc with gpt-4, attempt 4.
Fixing /home/chyun/oss-fuzz-gen/results2/output-xpdf-_zn6pdfdoc12displaypagesep9outputdeviiddiiiipfipves2_/fixed_targets/01.cc with gpt-4, attempt 5.
Successfully built /home/chyun/oss-fuzz-gen/results2/output-xpdf-_zn6pdfdoc12displaypagesep9outputdeviiddiiiipfipves2_/fixed_targets/01.cc with gpt-4 in 5 iterations of fixing.
Triaging the crash related to /home/chyun/oss-fuzz-gen/results2/output-xpdf-_zn6pdfdoc12displaypagesep9outputdeviiddiiiipfipves2_/fixed_targets/01.cc with gpt-4.
Warning: Failed to fix semantic error FP_NEAR_INIT_CRASH in xpdf-zn6pdfdoc12displaypagesep9outputdeviiddiiiipfipves2-01.

</pre>

<h2>Run logs</h2>
<pre>
INFO:__main__:Running: docker run --privileged --shm-size=2g --platform linux/amd64 --rm -e FUZZING_ENGINE=libfuzzer -e SANITIZER=address -e RUN_FUZZER_MODE=interactive -e HELPER=True -v /home/chyun/oss-fuzz-gen/results2/output-xpdf-_zn6pdfdoc12displaypagesep9outputdeviiddiiiipfipves2_/corpora/01.cc:/tmp/fuzz_JBIG2_corpus -v /tmp/tmpdfj9kz4u/build/out/xpdf-zn6pdfdoc12displaypagesep9outputdeviiddiiiipfipves2-01:/out -t gcr.io/oss-fuzz-base/base-runner run_fuzzer fuzz_JBIG2 -print_final_stats=1 -max_total_time=30 -len_control=0 -timeout=30.
vm.mmap_rnd_bits = 28
rm: cannot remove &#39;/tmp/fuzz_JBIG2_corpus&#39;: Device or resource busy
/out/fuzz_JBIG2 -rss_limit_mb=2560 -timeout=25 -print_final_stats=1 -max_total_time=30 -len_control=0 -timeout=30 /tmp/fuzz_JBIG2_corpus -detect_leaks=0 &lt; /dev/null
INFO: Running with entropic power schedule (0xFF, 100).
INFO: Seed: 3114085469
INFO: Loaded 1 modules   (26931 inline 8-bit counters): 26931 [0x56444e8553f8, 0x56444e85bd2b), 
INFO: Loaded 1 PC tables (26931 PCs): 26931 [0x56444e85bd30,0x56444e8c5060), 
INFO:        0 files found in /tmp/fuzz_JBIG2_corpus
INFO: -max_len is not provided; libFuzzer will not generate inputs larger than 4096 bytes
I/O Error: Couldn&#39;t open file &#39;&#39;
AddressSanitizer:DEADLYSIGNAL
=================================================================
[1m[31m==16==ERROR: AddressSanitizer: SEGV on unknown address 0x0000000002c0 (pc 0x7fd9ab105fc4 bp 0x7ffd95ff6ac0 sp 0x7ffd95ff6aa8 T0)
[1m[0m==16==The signal is caused by a READ memory access.
==16==Hint: address points to the zero page.
SCARINESS: 10 (null-deref)
    #0 0x7fd9ab105fc4 in __pthread_mutex_lock (/lib/x86_64-linux-gnu/libpthread.so.0+0xafc4) (BuildId: 9a65bb469e45a1c6fbcffae5b82a2fd7a69eb479)
    #1 0x56444e571a7f in GlobalParams::getPrintStatusInfo() /src/xpdf-4.05/xpdf/GlobalParams.cc:3556:3
    #2 0x56444e43fa5e in PDFDoc::displayPages(OutputDev*, int, int, double, double, int, int, int, int, int (*)(void*), void*) /src/xpdf-4.05/xpdf/PDFDoc.cc:459:23
    #3 0x56444e43bdc2 in LLVMFuzzerTestOneInput /src/xpdf-4.05/build/fuzz_JBIG2.cc:22:12
    #4 0x56444e2ee600 in fuzzer::Fuzzer::ExecuteCallback(unsigned char const*, unsigned long) /src/llvm-project/compiler-rt/lib/fuzzer/FuzzerLoop.cpp:614:13
    #5 0x56444e2efb01 in fuzzer::Fuzzer::ReadAndExecuteSeedCorpora(std::__Fuzzer::vector&lt;fuzzer::SizedFile, std::__Fuzzer::allocator&lt;fuzzer::SizedFile&gt;&gt;&amp;) /src/llvm-project/compiler-rt/lib/fuzzer/FuzzerLoop.cpp:807:3
    #6 0x56444e2f00e7 in fuzzer::Fuzzer::Loop(std::__Fuzzer::vector&lt;fuzzer::SizedFile, std::__Fuzzer::allocator&lt;fuzzer::SizedFile&gt;&gt;&amp;) /src/llvm-project/compiler-rt/lib/fuzzer/FuzzerLoop.cpp:867:3
    #7 0x56444e2de6f6 in fuzzer::FuzzerDriver(int*, char***, int (*)(unsigned char const*, unsigned long)) /src/llvm-project/compiler-rt/lib/fuzzer/FuzzerDriver.cpp:914:6
    #8 0x56444e30ac22 in main /src/llvm-project/compiler-rt/lib/fuzzer/FuzzerMain.cpp:20:10
    #9 0x7fd9aaee4082 in __libc_start_main (/lib/x86_64-linux-gnu/libc.so.6+0x24082) (BuildId: 0702430aef5fa3dda43986563e9ffcc47efbd75e)
    #10 0x56444e2cf86d in _start (/out/fuzz_JBIG2+0x1ca86d)

DEDUP_TOKEN: __pthread_mutex_lock--GlobalParams::getPrintStatusInfo()--PDFDoc::displayPages(OutputDev*, int, int, double, double, int, int, int, int, int (*)(void*), void*)
AddressSanitizer can not provide additional info.
SUMMARY: AddressSanitizer: SEGV (/lib/x86_64-linux-gnu/libpthread.so.0+0xafc4) (BuildId: 9a65bb469e45a1c6fbcffae5b82a2fd7a69eb479) in __pthread_mutex_lock
==16==ABORTING
MS: 0 ; base unit: 0000000000000000000000000000000000000000


artifact_prefix=&#39;./&#39;; Test unit written to ./crash-da39a3ee5e6b4b0d3255bfef95601890afd80709
Base64: 
stat::number_of_executed_units: 1
stat::average_exec_per_sec:     0
stat::new_units_added:          0
stat::slowest_unit_time_sec:    0
stat::peak_rss_mb:              34

</pre>


</body>