<!doctype html>

<meta charset="utf-8">
<meta name="viewport" content="width=device-width, initial-scale=1" />
<title>Experiment results</title>
<style>
* {
    box-sizing: border-box;
}

html {
    line-height: 1.15;
}

body {
    font-family: sans-serif;
    font-size: 16px;
}

table {
    border-collapse: collapse;
    border-spacing: 0;
}

td, th {
    border-right: 1px #dedede solid;
    border-bottom: 1px #dedede solid;
    padding: 5px;
    text-align: left;
}
td:first-child, th:first-child {
    border-left: 1px #dedede solid;
}
th {
    border-top: 1px #dedede solid;
}

tbody tr:nth-child(odd) {
    background-color: #f4f5ff;
}
</style>
<body>
    LLM: 
    
<h1>output-xpdf-_zn15splashoutputdev8drawcharep8gfxstateddddddjipjiiii / 01</h1>
Bug: False
<br>
Crash reason: NO_SEMANTIC_ERR
<br>
<br>

<h2>Triage</h2>
<pre>

</pre>
<br>





<h3>Final code</h3>

<pre>
#include &lt;fuzzer/FuzzedDataProvider.h&gt;

#include &lt;aconf.h&gt;
#include &lt;stddef.h&gt;
#include &lt;stdint.h&gt;
#include &lt;vector&gt;

#include &#34;GString.h&#34;
#include &#34;GlobalParams.h&#34;
#include &#34;PDFDoc.h&#34;
#include &#34;config.h&#34;
#include &#34;GfxState.h&#34;
#include &#34;SplashOutputDev.h&#34;
#include &#34;Splash.h&#34;

extern &#34;C&#34; int LLVMFuzzerTestOneInput(const uint8_t *data, size_t size) {
  FuzzedDataProvider fdp(data, size);

  double x = fdp.ConsumeFloatingPoint&lt;double&gt;();
  double y = fdp.ConsumeFloatingPoint&lt;double&gt;();
  double angle1 = fdp.ConsumeFloatingPoint&lt;double&gt;();
  double angle2 = fdp.ConsumeFloatingPoint&lt;double&gt;();
  double angle3 = fdp.ConsumeFloatingPoint&lt;double&gt;();
  double font_size = fdp.ConsumeFloatingPoint&lt;double&gt;();
  Unicode unicode = fdp.ConsumeIntegral&lt;Unicode&gt;();
  GBool adjust_for_baseline = fdp.ConsumeIntegral&lt;GBool&gt;();
  GBool fill = fdp.ConsumeIntegral&lt;GBool&gt;();
  GBool stroke = fdp.ConsumeIntegral&lt;GBool&gt;();

  globalParams = new GlobalParams(NULL);

  GString *password = new GString(&#34;password&#34;);
  GString *ownerPassword = new GString(&#34;ownerPassword&#34;);
  PDFDoc *doc = new PDFDoc(new GString(&#34;dummy.pdf&#34;), password, ownerPassword);
  PDFRectangle pageBox;
  GfxState *state = new GfxState(72.0, 72.0, &amp;pageBox, 1, gFalse);

  SplashColor paperColor = {0, 0, 0, 0};
  SplashOutputDev *splashOut = new SplashOutputDev(splashModeMono1, 1, gFalse, paperColor);
  splashOut-&gt;startDoc(doc-&gt;getXRef());
  std::vector&lt;double&gt; matrix(6);
  splashOut-&gt;getSplash()-&gt;setMatrix(matrix.data());
  splashOut-&gt;drawChar(state, x, y, 0, 0, x, y, 0, 1, &amp;unicode, 1, adjust_for_baseline, fill, stroke);

  delete state;
  delete splashOut;
  delete doc;
  delete ownerPassword;
  delete password;
  delete globalParams;

  return 0;
}
</pre>


<h3>Fixer prompt #1</h3>
<pre>

Given the following C++ fuzz harness and its build error message, fix the code to make it build for fuzzing.

If there is undeclared identifier or unknown type name error, fix it by finding and including the related libraries.

MUST RETURN THE FULL CODE, INCLUDING UNCHANGED PARTS.

Below is the code needs to be built:
&lt;code&gt;
#include &lt;fuzzer/FuzzedDataProvider.h&gt;

#include &lt;aconf.h&gt;
#include &lt;stddef.h&gt;
#include &lt;stdint.h&gt;
#include &lt;vector&gt;

#include &#34;GString.h&#34;
#include &#34;GlobalParams.h&#34;
#include &#34;PDFDoc.h&#34;
#include &#34;config.h&#34;

extern &#34;C&#34; int LLVMFuzzerTestOneInput(const uint8_t *data, size_t size) {
  FuzzedDataProvider fdp(data, size);

  double x = fdp.ConsumeFloatingPoint&lt;double&gt;();
  double y = fdp.ConsumeFloatingPoint&lt;double&gt;();
  double angle1 = fdp.ConsumeFloatingPoint&lt;double&gt;();
  double angle2 = fdp.ConsumeFloatingPoint&lt;double&gt;();
  double angle3 = fdp.ConsumeFloatingPoint&lt;double&gt;();
  double font_size = fdp.ConsumeFloatingPoint&lt;double&gt;();
  Unicode unicode = fdp.ConsumeIntegral&lt;Unicode&gt;();
  GBool adjust_for_baseline = fdp.ConsumeIntegral&lt;GBool&gt;();
  GBool fill = fdp.ConsumeIntegral&lt;GBool&gt;();
  GBool stroke = fdp.ConsumeIntegral&lt;GBool&gt;();

  globalParams = new GlobalParams(NULL);

  GString *password = new GString(&#34;password&#34;);
  GString *ownerPassword = new GString(&#34;ownerPassword&#34;);
  PDFDoc *doc = new PDFDoc(new GString(&#34;dummy.pdf&#34;), password, ownerPassword);
  PDFRectangle pageBox;
  GfxState *state = new GfxState(72.0, 72.0, &amp;pageBox, 1, gFalse);

  SplashColor paperColor = {0, 0, 0, 0};
  SplashOutputDev *splashOut = new SplashOutputDev(splashModeMono1, 1, gFalse, paperColor);
  splashOut-&gt;startDoc(doc-&gt;getXRef());
  std::vector&lt;double&gt; matrix(6);
  splashOut-&gt;getSplash()-&gt;setMatrix(matrix.data());
  splashOut-&gt;drawChar(state, x,
&lt;/code&gt;

Below is the error to fix:
The code has the following build issues:
&lt;error&gt;
fuzz_JBIG2.cc:33:3: error: unknown type name &#39;GfxState&#39;
   33 |   GfxState *state = new GfxState(72.0, 72.0, &amp;pageBox, 1, gFalse);
      |   ^
fuzz_JBIG2.cc:33:25: error: unknown type name &#39;GfxState&#39;
   33 |   GfxState *state = new GfxState(72.0, 72.0, &amp;pageBox, 1, gFalse);
      |                         ^
fuzz_JBIG2.cc:35:3: error: unknown type name &#39;SplashColor&#39;
   35 |   SplashColor paperColor = {0, 0, 0, 0};
      |   ^
fuzz_JBIG2.cc:36:3: error: unknown type name &#39;SplashOutputDev&#39;
   36 |   SplashOutputDev *splashOut = new SplashOutputDev(splashModeMono1, 1, gFalse, paperColor);
      |   ^
fuzz_JBIG2.cc:36:36: error: unknown type name &#39;SplashOutputDev&#39;
   36 |   SplashOutputDev *splashOut = new SplashOutputDev(splashModeMono1, 1, gFalse, paperColor);
      |                                    ^
fuzz_JBIG2.cc:40:32: error: expected expression
   40 |   splashOut-&gt;drawChar(state, x,
      |                                ^
fuzz_JBIG2.cc:40:32: error: expected &#39;}&#39;
fuzz_JBIG2.cc:13:73: note: to match this &#39;{&#39;
   13 | extern &#34;C&#34; int LLVMFuzzerTestOneInput(const uint8_t *data, size_t size) {
      |                                                                         ^
&lt;/error&gt;


Below are instructions to assist you in fixing the error.
&lt;instruction&gt;
IMPORTANT: ALWAYS INCLUDE STANDARD LIBRARIES BEFORE PROJECT-SPECIFIC (xpdf) LIBRARIES. This order prevents errors like &#34;unknown type name&#34; for basic types. Additionally, include project-specific libraries that contain declarations before those thatuse these declared symbols.
&lt;/instruction&gt;

Fix code:
1. Consider possible solutions for the issues listed above.
2. Choose a solution that can maximize fuzzing result, which is utilizing the function under test and feeding it not null input.
3. Apply the solutions to the original code.
It&#39;s important to show the complete code, not only the fixed line.
&lt;solution&gt;
</pre>



<h3>Code #1</h3>

<pre>
#include &lt;fuzzer/FuzzedDataProvider.h&gt;

#include &lt;aconf.h&gt;
#include &lt;stddef.h&gt;
#include &lt;stdint.h&gt;
#include &lt;vector&gt;

#include &#34;GString.h&#34;
#include &#34;GlobalParams.h&#34;
#include &#34;PDFDoc.h&#34;
#include &#34;config.h&#34;
#include &#34;GfxState.h&#34;
#include &#34;SplashOutputDev.h&#34;

extern &#34;C&#34; int LLVMFuzzerTestOneInput(const uint8_t *data, size_t size) {
  FuzzedDataProvider fdp(data, size);

  double x = fdp.ConsumeFloatingPoint&lt;double&gt;();
  double y = fdp.ConsumeFloatingPoint&lt;double&gt;();
  double angle1 = fdp.ConsumeFloatingPoint&lt;double&gt;();
  double angle2 = fdp.ConsumeFloatingPoint&lt;double&gt;();
  double angle3 = fdp.ConsumeFloatingPoint&lt;double&gt;();
  double font_size = fdp.ConsumeFloatingPoint&lt;double&gt;();
  Unicode unicode = fdp.ConsumeIntegral&lt;Unicode&gt;();
  GBool adjust_for_baseline = fdp.ConsumeIntegral&lt;GBool&gt;();
  GBool fill = fdp.ConsumeIntegral&lt;GBool&gt;();
  GBool stroke = fdp.ConsumeIntegral&lt;GBool&gt;();

  globalParams = new GlobalParams(NULL);

  GString *password = new GString(&#34;password&#34;);
  GString *ownerPassword = new GString(&#34;ownerPassword&#34;);
  PDFDoc *doc = new PDFDoc(new GString(&#34;dummy.pdf&#34;), password, ownerPassword);
  PDFRectangle pageBox;
  GfxState *state = new GfxState(72.0, 72.0, &amp;pageBox, 1, gFalse);

  SplashColor paperColor = {0, 0, 0, 0};
  SplashOutputDev *splashOut = new SplashOutputDev(splashModeMono1, 1, gFalse, paperColor);
  splashOut-&gt;startDoc(doc-&gt;getXRef());
  std::vector&lt;double&gt; matrix(6);
  splashOut-&gt;getSplash()-&gt;setMatrix(matrix.data());
  splashOut-&gt;drawChar(state, x, y, angle1, angle2, angle3, font_size, unicode, adjust_for_baseline, fill, stroke);

  delete state;
  delete splashOut;
  delete doc;
  delete ownerPassword;
  delete password;
  delete globalParams;

  return 0;
}
</pre>


<h3>Fixer prompt #2</h3>
<pre>

Given the following C++ fuzz harness and its build error message, fix the code to make it build for fuzzing.

If there is undeclared identifier or unknown type name error, fix it by finding and including the related libraries.

MUST RETURN THE FULL CODE, INCLUDING UNCHANGED PARTS.

Below is the code needs to be built:
&lt;code&gt;
#include &lt;fuzzer/FuzzedDataProvider.h&gt;

#include &lt;aconf.h&gt;
#include &lt;stddef.h&gt;
#include &lt;stdint.h&gt;
#include &lt;vector&gt;

#include &#34;GString.h&#34;
#include &#34;GlobalParams.h&#34;
#include &#34;PDFDoc.h&#34;
#include &#34;config.h&#34;
#include &#34;GfxState.h&#34;
#include &#34;SplashOutputDev.h&#34;

extern &#34;C&#34; int LLVMFuzzerTestOneInput(const uint8_t *data, size_t size) {
  FuzzedDataProvider fdp(data, size);

  double x = fdp.ConsumeFloatingPoint&lt;double&gt;();
  double y = fdp.ConsumeFloatingPoint&lt;double&gt;();
  double angle1 = fdp.ConsumeFloatingPoint&lt;double&gt;();
  double angle2 = fdp.ConsumeFloatingPoint&lt;double&gt;();
  double angle3 = fdp.ConsumeFloatingPoint&lt;double&gt;();
  double font_size = fdp.ConsumeFloatingPoint&lt;double&gt;();
  Unicode unicode = fdp.ConsumeIntegral&lt;Unicode&gt;();
  GBool adjust_for_baseline = fdp.ConsumeIntegral&lt;GBool&gt;();
  GBool fill = fdp.ConsumeIntegral&lt;GBool&gt;();
  GBool stroke = fdp.ConsumeIntegral&lt;GBool&gt;();

  globalParams = new GlobalParams(NULL);

  GString *password = new GString(&#34;password&#34;);
  GString *ownerPassword = new GString(&#34;ownerPassword&#34;);
  PDFDoc *doc = new PDFDoc(new GString(&#34;dummy.pdf&#34;), password, ownerPassword);
  PDFRectangle pageBox;
  GfxState *state = new GfxState(72.0, 72.0, &amp;pageBox, 1, gFalse);

  SplashColor paperColor = {0, 0, 0, 0};
  SplashOutputDev *splashOut = new SplashOutputDev(splashModeMono1, 1, gFalse, paperColor);
  splashOut-&gt;startDoc(doc-&gt;getXRef());
  std::vector&lt;double&gt; matrix(6);
  splashOut-&gt;getSplash()-&gt;setMatrix(matrix.data());
  splashOut-&gt;drawChar(state, x, y, angle1, angle2, angle3, font_size, unicode, adjust_for_baseline, fill, stroke);

  delete state;
  delete splashOut;
  delete doc;
  delete ownerPassword;
  delete password;
  delete globalParams;

  return 0;
}
&lt;/code&gt;

Below is the error to fix:
The code has the following build issues:
&lt;error&gt;
fuzz_JBIG2.cc:41:25: error: member access into incomplete type &#39;Splash&#39;
   41 |   splashOut-&gt;getSplash()-&gt;setMatrix(matrix.data());
      |                         ^
../xpdf/SplashOutputDev.h:22:7: note: forward declaration of &#39;Splash&#39;
   22 | class Splash;
      |       ^
fuzz_JBIG2.cc:42:113: error: too few arguments to function call, expected 14, have 11
   42 |   splashOut-&gt;drawChar(state, x, y, angle1, angle2, angle3, font_size, unicode, adjust_for_baseline, fill, stroke);
      |   ~~~~~~~~~~~~~~~~~~~                                                                                           ^
../xpdf/SplashOutputDev.h:125:16: note: &#39;drawChar&#39; declared here
  125 |   virtual void drawChar(GfxState *state, double x, double y,
      |                ^        ~~~~~~~~~~~~~~~~~~~~~~~~~~~~~~~~~~~~
  126 |                         double dx, double dy,
      |                         ~~~~~~~~~~~~~~~~~~~~~
  127 |                         double originX, double originY,
      |                         ~~~~~~~~~~~~~~~~~~~~~~~~~~~~~~~
  128 |                         CharCode code, int nBytes, Unicode *u, int uLen,
      |                         ~~~~~~~~~~~~~~~~~~~~~~~~~~~~~~~~~~~~~~~~~~~~~~~~
  129 |                         GBool fill, GBool stroke, GBool makePath);
      |                         ~~~~~~~~~~~~~~~~~~~~~~~~~~~~~~~~~~~~~~~~
&lt;/error&gt;




Fix code:
1. Consider possible solutions for the issues listed above.
2. Choose a solution that can maximize fuzzing result, which is utilizing the function under test and feeding it not null input.
3. Apply the solutions to the original code.
It&#39;s important to show the complete code, not only the fixed line.
&lt;solution&gt;
</pre>



<h3>Code #2</h3>

<pre>
Here is the corrected code:

```cpp
#include &lt;fuzzer/FuzzedDataProvider.h&gt;

#include &lt;aconf.h&gt;
#include &lt;stddef.h&gt;
#include &lt;stdint.h&gt;
#include &lt;vector&gt;

#include &#34;GString.h&#34;
#include &#34;GlobalParams.h&#34;
#include &#34;PDFDoc.h&#34;
#include &#34;config.h&#34;
#include &#34;GfxState.h&#34;
#include &#34;SplashOutputDev.h&#34;
#include &#34;Splash.h&#34;

extern &#34;C&#34; int LLVMFuzzerTestOneInput(const uint8_t *data, size_t size) {
  FuzzedDataProvider fdp(data, size);

  double x = fdp.ConsumeFloatingPoint&lt;double&gt;();
  double y = fdp.ConsumeFloatingPoint&lt;double&gt;();
  double angle1 = fdp.ConsumeFloatingPoint&lt;double&gt;();
  double angle2 = fdp.ConsumeFloatingPoint&lt;double&gt;();
  double angle3 = fdp.ConsumeFloatingPoint&lt;double&gt;();
  double font_size = fdp.ConsumeFloatingPoint&lt;double&gt;();
  Unicode unicode = fdp.ConsumeIntegral&lt;Unicode&gt;();
  GBool adjust_for_baseline = fdp.ConsumeIntegral&lt;GBool&gt;();
  GBool fill = fdp.ConsumeIntegral&lt;GBool&gt;();
  GBool stroke = fdp.ConsumeIntegral&lt;GBool&gt;();

  globalParams = new GlobalParams(NULL);

  GString *password = new GString(&#34;password&#34;);
  GString *ownerPassword = new GString(&#34;ownerPassword&#34;);
  PDFDoc *doc = new PDFDoc(new GString(&#34;dummy.pdf&#34;), password, ownerPassword);
  PDFRectangle pageBox;
  GfxState *state = new GfxState(72.0, 72.0, &amp;pageBox, 1, gFalse);

  SplashColor paperColor = {0, 0, 0, 0};
  SplashOutputDev *splashOut = new SplashOutputDev(splashModeMono1, 1, gFalse, paperColor);
  splashOut-&gt;startDoc(doc-&gt;getXRef());
  std::vector&lt;double&gt; matrix(6);
  splashOut-&gt;getSplash()-&gt;setMatrix(matrix.data());
  splashOut-&gt;drawChar(state, x, y, 0, 0, x, y, 0, 1, &amp;unicode, 1, adjust_for_baseline, fill, stroke);

  delete state;
  delete splashOut;
  delete doc;
  delete ownerPassword;
  delete password;
  delete globalParams;

  return 0;
}
```

Changes made:
1. Included &#34;Splash.h&#34; to resolve the incomplete type &#39;Splash&#39; error.
2. Modified the drawChar function call to include all required 14 arguments.
</pre>


<h2>Logs</h2>
<pre>
Fixing /home/chyun/oss-fuzz-gen/results3/output-xpdf-_zn15splashoutputdev8drawcharep8gfxstateddddddjipjiiii/fixed_targets/01.cc with gpt-4, attempt 1.
Fixing /home/chyun/oss-fuzz-gen/results3/output-xpdf-_zn15splashoutputdev8drawcharep8gfxstateddddddjipjiiii/fixed_targets/01.cc with gpt-4, attempt 2.
Successfully built /home/chyun/oss-fuzz-gen/results3/output-xpdf-_zn15splashoutputdev8drawcharep8gfxstateddddddjipjiiii/fixed_targets/01.cc with gpt-4 in 2 iterations of fixing.
Triaging the crash related to /home/chyun/oss-fuzz-gen/results3/output-xpdf-_zn15splashoutputdev8drawcharep8gfxstateddddddjipjiiii/fixed_targets/01.cc with gpt-4.
Warning: no crash info in xpdf-zn15splashoutputdev8drawcharep8gfxstateddddddjipjiiii-01.
Result for xpdf-zn15splashoutputdev8drawcharep8gfxstateddddddjipjiiii-01: crashes=False, coverage=0.010727942830446594 (620/57793), coverage diff=0.010871046618831924 (1356/124735)

</pre>

<h2>Run logs</h2>
<pre>
INFO:__main__:Running: docker run --privileged --shm-size=2g --platform linux/amd64 --rm -e FUZZING_ENGINE=libfuzzer -e SANITIZER=address -e RUN_FUZZER_MODE=interactive -e HELPER=True -v /home/chyun/oss-fuzz-gen/results3/output-xpdf-_zn15splashoutputdev8drawcharep8gfxstateddddddjipjiiii/corpora/01.cc:/tmp/fuzz_JBIG2_corpus -v /tmp/tmpw6ibg4mz/build/out/xpdf-zn15splashoutputdev8drawcharep8gfxstateddddddjipjiiii-01:/out -t gcr.io/oss-fuzz-base/base-runner run_fuzzer fuzz_JBIG2 -print_final_stats=1 -max_total_time=30 -len_control=0 -timeout=30.
vm.mmap_rnd_bits = 28
rm: cannot remove &#39;/tmp/fuzz_JBIG2_corpus&#39;: Device or resource busy
/out/fuzz_JBIG2 -rss_limit_mb=2560 -timeout=25 -print_final_stats=1 -max_total_time=30 -len_control=0 -timeout=30 /tmp/fuzz_JBIG2_corpus -detect_leaks=0 &lt; /dev/null
INFO: Running with entropic power schedule (0xFF, 100).
INFO: Seed: 635888993
INFO: Loaded 1 modules   (57793 inline 8-bit counters): 57793 [0x55c70331bad8, 0x55c703329c99), 
INFO: Loaded 1 PC tables (57793 PCs): 57793 [0x55c703329ca0,0x55c70340b8b0), 
INFO:        0 files found in /tmp/fuzz_JBIG2_corpus
INFO: -max_len is not provided; libFuzzer will not generate inputs larger than 4096 bytes
I/O Error: Couldn&#39;t open file &#39;dummy.pdf&#39;
INFO: A corpus is not provided, starting from an empty corpus
I/O Error: Couldn&#39;t open file &#39;dummy.pdf&#39;
#2	INITED cov: 588 ft: 589 corp: 1/1b exec/s: 0 rss: 43Mb
I/O Error: Couldn&#39;t open file &#39;dummy.pdf&#39;
I/O Error: Couldn&#39;t open file &#39;dummy.pdf&#39;
#4	NEW    cov: 619 ft: 630 corp: 2/114b lim: 4096 exec/s: 0 rss: 45Mb L: 113/113 MS: 2 ShuffleBytes-InsertRepeatedBytes-
I/O Error: Couldn&#39;t open file &#39;dummy.pdf&#39;
I/O Error: Couldn&#39;t open file &#39;dummy.pdf&#39;
I/O Error: Couldn&#39;t open file &#39;dummy.pdf&#39;
I/O Error: Couldn&#39;t open file &#39;dummy.pdf&#39;
I/O Error: Couldn&#39;t open file &#39;dummy.pdf&#39;
I/O Error: Couldn&#39;t open file &#39;dummy.pdf&#39;
I/O Error: Couldn&#39;t open file &#39;dummy.pdf&#39;
I/O Error: Couldn&#39;t open file &#39;dummy.pdf&#39;
I/O Error: Couldn&#39;t open file &#39;dummy.pdf&#39;
I/O Error: Couldn&#39;t open file &#39;dummy.pdf&#39;
I/O Error: Couldn&#39;t open file &#39;dummy.pdf&#39;
#15	NEW    cov: 620 ft: 631 corp: 3/115b lim: 4096 exec/s: 0 rss: 56Mb L: 1/113 MS: 1 ChangeByte-
I/O Error: Couldn&#39;t open file &#39;dummy.pdf&#39;
#16	NEW    cov: 620 ft: 633 corp: 4/117b lim: 4096 exec/s: 0 rss: 56Mb L: 2/113 MS: 1 InsertByte-
I/O Error: Couldn&#39;t open file &#39;dummy.pdf&#39;
#17	NEW    cov: 620 ft: 635 corp: 5/120b lim: 4096 exec/s: 0 rss: 56Mb L: 3/113 MS: 1 CopyPart-
I/O Error: Couldn&#39;t open file &#39;dummy.pdf&#39;
I/O Error: Couldn&#39;t open file &#39;dummy.pdf&#39;
I/O Error: Couldn&#39;t open file &#39;dummy.pdf&#39;
I/O Error: Couldn&#39;t open file &#39;dummy.pdf&#39;
I/O Error: Couldn&#39;t open file &#39;dummy.pdf&#39;
I/O Error: Couldn&#39;t open file &#39;dummy.pdf&#39;
I/O Error: Couldn&#39;t open file &#39;dummy.pdf&#39;
#24	NEW    cov: 620 ft: 637 corp: 6/124b lim: 4096 exec/s: 0 rss: 57Mb L: 4/113 MS: 2 ChangeBinInt-CrossOver-
I/O Error: Couldn&#39;t open file &#39;dummy.pdf&#39;
I/O Error: Couldn&#39;t open file &#39;dummy.pdf&#39;
I/O Error: Couldn&#39;t open file &#39;dummy.pdf&#39;
I/O Error: Couldn&#39;t open file &#39;dummy.pdf&#39;
I/O Error: Couldn&#39;t open file &#39;dummy.pdf&#39;
I/O Error: Couldn&#39;t open file &#39;dummy.pdf&#39;
I/O Error: Couldn&#39;t open file &#39;dummy.pdf&#39;
#31	NEW    cov: 620 ft: 638 corp: 7/131b lim: 4096 exec/s: 0 rss: 57Mb L: 7/113 MS: 2 CrossOver-CopyPart-
I/O Error: Couldn&#39;t open file &#39;dummy.pdf&#39;
I/O Error: Couldn&#39;t open file &#39;dummy.pdf&#39;
I/O Error: Couldn&#39;t open file &#39;dummy.pdf&#39;
I/O Error: Couldn&#39;t open file &#39;dummy.pdf&#39;
I/O Error: Couldn&#39;t open file &#39;dummy.pdf&#39;
I/O Error: Couldn&#39;t open file &#39;dummy.pdf&#39;
I/O Error: Couldn&#39;t open file &#39;dummy.pdf&#39;
I/O Error: Couldn&#39;t open file &#39;dummy.pdf&#39;
I/O Error: Couldn&#39;t open file &#39;dummy.pdf&#39;
I/O Error: Couldn&#39;t open file &#39;dummy.pdf&#39;
I/O Error: Couldn&#39;t open file &#39;dummy.pdf&#39;
I/O Error: Couldn&#39;t open file &#39;dummy.pdf&#39;
I/O Error: Couldn&#39;t open file &#39;dummy.pdf&#39;
#44	NEW    cov: 620 ft: 640 corp: 8/178b lim: 4096 exec/s: 0 rss: 57Mb L: 47/113 MS: 3 ChangeBit-ChangeByte-InsertRepeatedBytes-
I/O Error: Couldn&#39;t open file &#39;dummy.pdf&#39;
I/O Error: Couldn&#39;t open file &#39;dummy.pdf&#39;
I/O Error: Couldn&#39;t open file &#39;dummy.pdf&#39;
I/O Error: Couldn&#39;t open file &#39;dummy.pdf&#39;
#48	NEW    cov: 620 ft: 642 corp: 9/246b lim: 4096 exec/s: 0 rss: 57Mb L: 68/113 MS: 4 ChangeBinInt-CrossOver-CopyPart-InsertRepeatedBytes-
I/O Error: Couldn&#39;t open file &#39;dummy.pdf&#39;
I/O Error: Couldn&#39;t open file &#39;dummy.pdf&#39;
I/O Error: Couldn&#39;t open file &#39;dummy.pdf&#39;
I/O Error: Couldn&#39;t open file &#39;dummy.pdf&#39;
I/O Error: Couldn&#39;t open file &#39;dummy.pdf&#39;
I/O Error: Couldn&#39;t open file &#39;dummy.pdf&#39;
I/O Error: Couldn&#39;t open file &#39;dummy.pdf&#39;
I/O Error: Couldn&#39;t open file &#39;dummy.pdf&#39;
I/O Error: Couldn&#39;t open file &#39;dummy.pdf&#39;
I/O Error: Couldn&#39;t open file &#39;dummy.pdf&#39;
I/O Error: Couldn&#39;t open file &#39;dummy.pdf&#39;
I/O Error: Couldn&#39;t open file &#39;dummy.pdf&#39;
I/O Error: Couldn&#39;t open file &#39;dummy.pdf&#39;
I/O Error: Couldn&#39;t open file &#39;dummy.pdf&#39;
I/O Error: Couldn&#39;t open file &#39;dummy.pdf&#39;
I/O Error: Couldn&#39;t open file &#39;dummy.pdf&#39;
I/O Error: Couldn&#39;t open file &#39;dummy.pdf&#39;
I/O Error: Couldn&#39;t open file &#39;dummy.pdf&#39;
I/O Error: Couldn&#39;t open file &#39;dummy.pdf&#39;
I/O Error: Couldn&#39;t open file &#39;dummy.pdf&#39;
I/O Error: Couldn&#39;t open file &#39;dummy.pdf&#39;
I/O Error: Couldn&#39;t open file &#39;dummy.pdf&#39;
I/O Error: Couldn&#39;t open file &#39;dummy.pdf&#39;
#71	NEW    cov: 620 ft: 644 corp: 10/267b lim: 4096 exec/s: 0 rss: 58Mb L: 21/113 MS: 3 ChangeByte-ShuffleBytes-InsertRepeatedBytes-
I/O Error: Couldn&#39;t open file &#39;dummy.pdf&#39;
I/O Error: Couldn&#39;t open file &#39;dummy.pdf&#39;
I/O Error: Couldn&#39;t open file &#39;dummy.pdf&#39;
I/O Error: Couldn&#39;t open file &#39;dummy.pdf&#39;
I/O Error: Couldn&#39;t open file &#39;dummy.pdf&#39;
I/O Error: Couldn&#39;t open file &#39;dummy.pdf&#39;
I/O Error: Couldn&#39;t open file &#39;dummy.pdf&#39;
I/O Error: Couldn&#39;t open file &#39;dummy.pdf&#39;
I/O Error: Couldn&#39;t open file &#39;dummy.pdf&#39;
I/O Error: Couldn&#39;t open file &#39;dummy.pdf&#39;
I/O Error: Couldn&#39;t open file &#39;dummy.pdf&#39;
I/O Error: Couldn&#39;t open file &#39;dummy.pdf&#39;
#83	NEW    cov: 620 ft: 646 corp: 11/278b lim: 4096 exec/s: 0 rss: 58Mb L: 11/113 MS: 2 InsertByte-CMP- DE: &#34;\035\000\000\000\000\000\000\000&#34;-
I/O Error: Couldn&#39;t open file &#39;dummy.pdf&#39;
I/O Error: Couldn&#39;t open file &#39;dummy.pdf&#39;
I/O Error: Couldn&#39;t open file &#39;dummy.pdf&#39;
I/O Error: Couldn&#39;t open file &#39;dummy.pdf&#39;
I/O Error: Couldn&#39;t open file &#39;dummy.pdf&#39;
I/O Error: Couldn&#39;t open file &#39;dummy.pdf&#39;
I/O Error: Couldn&#39;t open file &#39;dummy.pdf&#39;
I/O Error: Couldn&#39;t open file &#39;dummy.pdf&#39;
I/O Error: Couldn&#39;t open file &#39;dummy.pdf&#39;
I/O Error: Couldn&#39;t open file &#39;dummy.pdf&#39;
#93	NEW    cov: 620 ft: 648 corp: 12/298b lim: 4096 exec/s: 0 rss: 58Mb L: 20/113 MS: 5 CMP-ChangeByte-PersAutoDict-ChangeByte-InsertByte- DE: &#34;\000\000\000\000\000\000\000\000&#34;-&#34;\035\000\000\000\000\000\000\000&#34;-
I/O Error: Couldn&#39;t open file &#39;dummy.pdf&#39;
#94	NEW    cov: 620 ft: 650 corp: 13/346b lim: 4096 exec/s: 0 rss: 58Mb L: 48/113 MS: 1 InsertByte-
I/O Error: Couldn&#39;t open file &#39;dummy.pdf&#39;
I/O Error: Couldn&#39;t open file &#39;dummy.pdf&#39;
I/O Error: Couldn&#39;t open file &#39;dummy.pdf&#39;
I/O Error: Couldn&#39;t open file &#39;dummy.pdf&#39;
I/O Error: Couldn&#39;t open file &#39;dummy.pdf&#39;
I/O Error: Couldn&#39;t open file &#39;dummy.pdf&#39;
I/O Error: Couldn&#39;t open file &#39;dummy.pdf&#39;
#101	NEW    cov: 620 ft: 652 corp: 14/401b lim: 4096 exec/s: 101 rss: 58Mb L: 55/113 MS: 2 ChangeByte-PersAutoDict- DE: &#34;\000\000\000\000\000\000\000\000&#34;-
I/O Error: Couldn&#39;t open file &#39;dummy.pdf&#39;
I/O Error: Couldn&#39;t open file &#39;dummy.pdf&#39;
I/O Error: Couldn&#39;t open file &#39;dummy.pdf&#39;
I/O Error: Couldn&#39;t open file &#39;dummy.pdf&#39;
I/O Error: Couldn&#39;t open file &#39;dummy.pdf&#39;
I/O Error: Couldn&#39;t open file &#39;dummy.pdf&#39;
I/O Error: Couldn&#39;t open file &#39;dummy.pdf&#39;
I/O Error: Couldn&#39;t open file &#39;dummy.pdf&#39;
I/O Error: Couldn&#39;t open file &#39;dummy.pdf&#39;
I/O Error: Couldn&#39;t open file &#39;dummy.pdf&#39;
I/O Error: Couldn&#39;t open file &#39;dummy.pdf&#39;
I/O Error: Couldn&#39;t open file &#39;dummy.pdf&#39;
#113	NEW    cov: 620 ft: 654 corp: 15/417b lim: 4096 exec/s: 113 rss: 58Mb L: 16/113 MS: 2 InsertByte-PersAutoDict- DE: &#34;\000\000\000\000\000\000\000\000&#34;-
I/O Error: Couldn&#39;t open file &#39;dummy.pdf&#39;
#114	NEW    cov: 620 ft: 656 corp: 16/442b lim: 4096 exec/s: 114 rss: 58Mb L: 25/113 MS: 1 CMP- DE: &#34;\022\000\000\000&#34;-
I/O Error: Couldn&#39;t open file &#39;dummy.pdf&#39;
I/O Error: Couldn&#39;t open file &#39;dummy.pdf&#39;
I/O Error: Couldn&#39;t open file &#39;dummy.pdf&#39;
#117	NEW    cov: 620 ft: 658 corp: 17/
...truncated...
/O Error: Couldn&#39;t open file &#39;dummy.pdf&#39;
I/O Error: Couldn&#39;t open file &#39;dummy.pdf&#39;
I/O Error: Couldn&#39;t open file &#39;dummy.pdf&#39;
I/O Error: Couldn&#39;t open file &#39;dummy.pdf&#39;
I/O Error: Couldn&#39;t open file &#39;dummy.pdf&#39;
I/O Error: Couldn&#39;t open file &#39;dummy.pdf&#39;
I/O Error: Couldn&#39;t open file &#39;dummy.pdf&#39;
I/O Error: Couldn&#39;t open file &#39;dummy.pdf&#39;
I/O Error: Couldn&#39;t open file &#39;dummy.pdf&#39;
I/O Error: Couldn&#39;t open file &#39;dummy.pdf&#39;
I/O Error: Couldn&#39;t open file &#39;dummy.pdf&#39;
I/O Error: Couldn&#39;t open file &#39;dummy.pdf&#39;
I/O Error: Couldn&#39;t open file &#39;dummy.pdf&#39;
I/O Error: Couldn&#39;t open file &#39;dummy.pdf&#39;
I/O Error: Couldn&#39;t open file &#39;dummy.pdf&#39;
I/O Error: Couldn&#39;t open file &#39;dummy.pdf&#39;
I/O Error: Couldn&#39;t open file &#39;dummy.pdf&#39;
I/O Error: Couldn&#39;t open file &#39;dummy.pdf&#39;
I/O Error: Couldn&#39;t open file &#39;dummy.pdf&#39;
I/O Error: Couldn&#39;t open file &#39;dummy.pdf&#39;
I/O Error: Couldn&#39;t open file &#39;dummy.pdf&#39;
I/O Error: Couldn&#39;t open file &#39;dummy.pdf&#39;
I/O Error: Couldn&#39;t open file &#39;dummy.pdf&#39;
I/O Error: Couldn&#39;t open file &#39;dummy.pdf&#39;
I/O Error: Couldn&#39;t open file &#39;dummy.pdf&#39;
I/O Error: Couldn&#39;t open file &#39;dummy.pdf&#39;
I/O Error: Couldn&#39;t open file &#39;dummy.pdf&#39;
I/O Error: Couldn&#39;t open file &#39;dummy.pdf&#39;
I/O Error: Couldn&#39;t open file &#39;dummy.pdf&#39;
I/O Error: Couldn&#39;t open file &#39;dummy.pdf&#39;
I/O Error: Couldn&#39;t open file &#39;dummy.pdf&#39;
I/O Error: Couldn&#39;t open file &#39;dummy.pdf&#39;
I/O Error: Couldn&#39;t open file &#39;dummy.pdf&#39;
I/O Error: Couldn&#39;t open file &#39;dummy.pdf&#39;
I/O Error: Couldn&#39;t open file &#39;dummy.pdf&#39;
I/O Error: Couldn&#39;t open file &#39;dummy.pdf&#39;
I/O Error: Couldn&#39;t open file &#39;dummy.pdf&#39;
I/O Error: Couldn&#39;t open file &#39;dummy.pdf&#39;
I/O Error: Couldn&#39;t open file &#39;dummy.pdf&#39;
I/O Error: Couldn&#39;t open file &#39;dummy.pdf&#39;
I/O Error: Couldn&#39;t open file &#39;dummy.pdf&#39;
I/O Error: Couldn&#39;t open file &#39;dummy.pdf&#39;
I/O Error: Couldn&#39;t open file &#39;dummy.pdf&#39;
I/O Error: Couldn&#39;t open file &#39;dummy.pdf&#39;
I/O Error: Couldn&#39;t open file &#39;dummy.pdf&#39;
I/O Error: Couldn&#39;t open file &#39;dummy.pdf&#39;
I/O Error: Couldn&#39;t open file &#39;dummy.pdf&#39;
I/O Error: Couldn&#39;t open file &#39;dummy.pdf&#39;
I/O Error: Couldn&#39;t open file &#39;dummy.pdf&#39;
I/O Error: Couldn&#39;t open file &#39;dummy.pdf&#39;
I/O Error: Couldn&#39;t open file &#39;dummy.pdf&#39;
I/O Error: Couldn&#39;t open file &#39;dummy.pdf&#39;
I/O Error: Couldn&#39;t open file &#39;dummy.pdf&#39;
I/O Error: Couldn&#39;t open file &#39;dummy.pdf&#39;
I/O Error: Couldn&#39;t open file &#39;dummy.pdf&#39;
I/O Error: Couldn&#39;t open file &#39;dummy.pdf&#39;
I/O Error: Couldn&#39;t open file &#39;dummy.pdf&#39;
I/O Error: Couldn&#39;t open file &#39;dummy.pdf&#39;
I/O Error: Couldn&#39;t open file &#39;dummy.pdf&#39;
I/O Error: Couldn&#39;t open file &#39;dummy.pdf&#39;
I/O Error: Couldn&#39;t open file &#39;dummy.pdf&#39;
I/O Error: Couldn&#39;t open file &#39;dummy.pdf&#39;
I/O Error: Couldn&#39;t open file &#39;dummy.pdf&#39;
I/O Error: Couldn&#39;t open file &#39;dummy.pdf&#39;
I/O Error: Couldn&#39;t open file &#39;dummy.pdf&#39;
I/O Error: Couldn&#39;t open file &#39;dummy.pdf&#39;
I/O Error: Couldn&#39;t open file &#39;dummy.pdf&#39;
I/O Error: Couldn&#39;t open file &#39;dummy.pdf&#39;
I/O Error: Couldn&#39;t open file &#39;dummy.pdf&#39;
I/O Error: Couldn&#39;t open file &#39;dummy.pdf&#39;
I/O Error: Couldn&#39;t open file &#39;dummy.pdf&#39;
I/O Error: Couldn&#39;t open file &#39;dummy.pdf&#39;
I/O Error: Couldn&#39;t open file &#39;dummy.pdf&#39;
I/O Error: Couldn&#39;t open file &#39;dummy.pdf&#39;
I/O Error: Couldn&#39;t open file &#39;dummy.pdf&#39;
I/O Error: Couldn&#39;t open file &#39;dummy.pdf&#39;
I/O Error: Couldn&#39;t open file &#39;dummy.pdf&#39;
I/O Error: Couldn&#39;t open file &#39;dummy.pdf&#39;
I/O Error: Couldn&#39;t open file &#39;dummy.pdf&#39;
I/O Error: Couldn&#39;t open file &#39;dummy.pdf&#39;
I/O Error: Couldn&#39;t open file &#39;dummy.pdf&#39;
I/O Error: Couldn&#39;t open file &#39;dummy.pdf&#39;
I/O Error: Couldn&#39;t open file &#39;dummy.pdf&#39;
I/O Error: Couldn&#39;t open file &#39;dummy.pdf&#39;
I/O Error: Couldn&#39;t open file &#39;dummy.pdf&#39;
I/O Error: Couldn&#39;t open file &#39;dummy.pdf&#39;
I/O Error: Couldn&#39;t open file &#39;dummy.pdf&#39;
I/O Error: Couldn&#39;t open file &#39;dummy.pdf&#39;
I/O Error: Couldn&#39;t open file &#39;dummy.pdf&#39;
I/O Error: Couldn&#39;t open file &#39;dummy.pdf&#39;
I/O Error: Couldn&#39;t open file &#39;dummy.pdf&#39;
I/O Error: Couldn&#39;t open file &#39;dummy.pdf&#39;
I/O Error: Couldn&#39;t open file &#39;dummy.pdf&#39;
I/O Error: Couldn&#39;t open file &#39;dummy.pdf&#39;
I/O Error: Couldn&#39;t open file &#39;dummy.pdf&#39;
I/O Error: Couldn&#39;t open file &#39;dummy.pdf&#39;
I/O Error: Couldn&#39;t open file &#39;dummy.pdf&#39;
I/O Error: Couldn&#39;t open file &#39;dummy.pdf&#39;
I/O Error: Couldn&#39;t open file &#39;dummy.pdf&#39;
I/O Error: Couldn&#39;t open file &#39;dummy.pdf&#39;
I/O Error: Couldn&#39;t open file &#39;dummy.pdf&#39;
I/O Error: Couldn&#39;t open file &#39;dummy.pdf&#39;
I/O Error: Couldn&#39;t open file &#39;dummy.pdf&#39;
I/O Error: Couldn&#39;t open file &#39;dummy.pdf&#39;
I/O Error: Couldn&#39;t open file &#39;dummy.pdf&#39;
I/O Error: Couldn&#39;t open file &#39;dummy.pdf&#39;
I/O Error: Couldn&#39;t open file &#39;dummy.pdf&#39;
I/O Error: Couldn&#39;t open file &#39;dummy.pdf&#39;
I/O Error: Couldn&#39;t open file &#39;dummy.pdf&#39;
I/O Error: Couldn&#39;t open file &#39;dummy.pdf&#39;
I/O Error: Couldn&#39;t open file &#39;dummy.pdf&#39;
I/O Error: Couldn&#39;t open file &#39;dummy.pdf&#39;
I/O Error: Couldn&#39;t open file &#39;dummy.pdf&#39;
I/O Error: Couldn&#39;t open file &#39;dummy.pdf&#39;
I/O Error: Couldn&#39;t open file &#39;dummy.pdf&#39;
I/O Error: Couldn&#39;t open file &#39;dummy.pdf&#39;
I/O Error: Couldn&#39;t open file &#39;dummy.pdf&#39;
I/O Error: Couldn&#39;t open file &#39;dummy.pdf&#39;
I/O Error: Couldn&#39;t open file &#39;dummy.pdf&#39;
I/O Error: Couldn&#39;t open file &#39;dummy.pdf&#39;
I/O Error: Couldn&#39;t open file &#39;dummy.pdf&#39;
I/O Error: Couldn&#39;t open file &#39;dummy.pdf&#39;
I/O Error: Couldn&#39;t open file &#39;dummy.pdf&#39;
I/O Error: Couldn&#39;t open file &#39;dummy.pdf&#39;
I/O Error: Couldn&#39;t open file &#39;dummy.pdf&#39;
I/O Error: Couldn&#39;t open file &#39;dummy.pdf&#39;
I/O Error: Couldn&#39;t open file &#39;dummy.pdf&#39;
I/O Error: Couldn&#39;t open file &#39;dummy.pdf&#39;
I/O Error: Couldn&#39;t open file &#39;dummy.pdf&#39;
I/O Error: Couldn&#39;t open file &#39;dummy.pdf&#39;
I/O Error: Couldn&#39;t open file &#39;dummy.pdf&#39;
I/O Error: Couldn&#39;t open file &#39;dummy.pdf&#39;
I/O Error: Couldn&#39;t open file &#39;dummy.pdf&#39;
I/O Error: Couldn&#39;t open file &#39;dummy.pdf&#39;
I/O Error: Couldn&#39;t open file &#39;dummy.pdf&#39;
I/O Error: Couldn&#39;t open file &#39;dummy.pdf&#39;
I/O Error: Couldn&#39;t open file &#39;dummy.pdf&#39;
I/O Error: Couldn&#39;t open file &#39;dummy.pdf&#39;
I/O Error: Couldn&#39;t open file &#39;dummy.pdf&#39;
I/O Error: Couldn&#39;t open file &#39;dummy.pdf&#39;
I/O Error: Couldn&#39;t open file &#39;dummy.pdf&#39;
I/O Error: Couldn&#39;t open file &#39;dummy.pdf&#39;
I/O Error: Couldn&#39;t open file &#39;dummy.pdf&#39;
I/O Error: Couldn&#39;t open file &#39;dummy.pdf&#39;
I/O Error: Couldn&#39;t open file &#39;dummy.pdf&#39;
I/O Error: Couldn&#39;t open file &#39;dummy.pdf&#39;
I/O Error: Couldn&#39;t open file &#39;dummy.pdf&#39;
I/O Error: Couldn&#39;t open file &#39;dummy.pdf&#39;
I/O Error: Couldn&#39;t open file &#39;dummy.pdf&#39;
I/O Error: Couldn&#39;t open file &#39;dummy.pdf&#39;
I/O Error: Couldn&#39;t open file &#39;dummy.pdf&#39;
I/O Error: Couldn&#39;t open file &#39;dummy.pdf&#39;
I/O Error: Couldn&#39;t open file &#39;dummy.pdf&#39;
I/O Error: Couldn&#39;t open file &#39;dummy.pdf&#39;
I/O Error: Couldn&#39;t open file &#39;dummy.pdf&#39;
I/O Error: Couldn&#39;t open file &#39;dummy.pdf&#39;
I/O Error: Couldn&#39;t open file &#39;dummy.pdf&#39;
I/O Error: Couldn&#39;t open file &#39;dummy.pdf&#39;
I/O Error: Couldn&#39;t open file &#39;dummy.pdf&#39;
I/O Error: Couldn&#39;t open file &#39;dummy.pdf&#39;
I/O Error: Couldn&#39;t open file &#39;dummy.pdf&#39;
I/O Error: Couldn&#39;t open file &#39;dummy.pdf&#39;
I/O Error: Couldn&#39;t open file &#39;dummy.pdf&#39;
I/O Error: Couldn&#39;t open file &#39;dummy.pdf&#39;
I/O Error: Couldn&#39;t open file &#39;dummy.pdf&#39;
I/O Error: Couldn&#39;t open file &#39;dummy.pdf&#39;
I/O Error: Couldn&#39;t open file &#39;dummy.pdf&#39;
I/O Error: Couldn&#39;t open file &#39;dummy.pdf&#39;
I/O Error: Couldn&#39;t open file &#39;dummy.pdf&#39;
I/O Error: Couldn&#39;t open file &#39;dummy.pdf&#39;
I/O Error: Couldn&#39;t open file &#39;dummy.pdf&#39;
I/O Error: Couldn&#39;t open file &#39;dummy.pdf&#39;
I/O Error: Couldn&#39;t open file &#39;dummy.pdf&#39;
I/O Error: Couldn&#39;t open file &#39;dummy.pdf&#39;
I/O Error: Couldn&#39;t open file &#39;dummy.pdf&#39;
#3076	DONE   cov: 620 ft: 693 corp: 39/1464b lim: 4096 exec/s: 99 rss: 58Mb
###### Recommended dictionary. ######
&#34;\035\000\000\000\000\000\000\000&#34; # Uses: 47
&#34;\000\000\000\000\000\000\000\000&#34; # Uses: 47
&#34;\022\000\000\000&#34; # Uses: 37
&#34;\004\000\000\000\000\000\000\000&#34; # Uses: 37
&#34;&gt;\000\000\000&#34; # Uses: 26
&#34;\037\000\000\000\000\000\000\000&#34; # Uses: 44
&#34;\000\000\000\000\000\000\000\015&#34; # Uses: 19
###### End of recommended dictionary. ######
Done 3076 runs in 31 second(s)
stat::number_of_executed_units: 3076
stat::average_exec_per_sec:     99
stat::new_units_added:          44
stat::slowest_unit_time_sec:    0
stat::peak_rss_mb:              58

</pre>


</body>