<!doctype html>

<meta charset="utf-8">
<meta name="viewport" content="width=device-width, initial-scale=1" />
<title>Experiment results</title>
<style>
* {
    box-sizing: border-box;
}

html {
    line-height: 1.15;
}

body {
    font-family: sans-serif;
    font-size: 16px;
}

table {
    border-collapse: collapse;
    border-spacing: 0;
}

td, th {
    border-right: 1px #dedede solid;
    border-bottom: 1px #dedede solid;
    padding: 5px;
    text-align: left;
}
td:first-child, th:first-child {
    border-left: 1px #dedede solid;
}
th {
    border-top: 1px #dedede solid;
}

tbody tr:nth-child(odd) {
    background-color: #f4f5ff;
}
</style>
<body>
    LLM: 
    
<h1>output-xpdf-_zn6pdfdoc12displaypagesep9outputdeviiddiiiipfipves2_ / 01</h1>
Bug: False
<br>
Crash reason: -
<br>
<br>

<h2>Triage</h2>
<pre>

</pre>
<br>





<h3>Final code</h3>

<pre>
#include &#34;my_custom_class.h&#34;
#include &#34;my_custom_function.h&#34;
</pre>


<h3>Fixer prompt #1</h3>
<pre>

Given the following C++ fuzz harness and its build error message, fix the code to make it build for fuzzing.

If there is undeclared identifier or unknown type name error, fix it by finding and including the related libraries.

MUST RETURN THE FULL CODE, INCLUDING UNCHANGED PARTS.

Below is the code needs to be built:
&lt;code&gt;
#include &lt;fuzzer/FuzzedDataProvider.h&gt;

#include &lt;stddef.h&gt;
#include &lt;stdint.h&gt;
#include &lt;vector&gt;

#include &#34;GfxState.h&#34;
#include &#34;OutputDev.h
&lt;/code&gt;

Below is the error to fix:
The code has the following build issues:
&lt;error&gt;
The target function `void PDFDoc::displayPages(OutputDev *, int, int, double, double, int, GBool, GBool, GBool, DW_TAG_subroutine_typeInfinite loop *, void *)` was not called by the fuzz target `LLVMFuzzerTestOneInput`.YOU MUST CALL FUNCTION `void PDFDoc::displayPages(OutputDev *, int, int, double, double, int, GBool, GBool, GBool, DW_TAG_subroutine_typeInfinite loop *, void *)` INSIDE FUNCTION `LLVMFuzzerTestOneInput`.
&lt;/error&gt;




Fix code:
1. Consider possible solutions for the issues listed above.
2. Choose a solution that can maximize fuzzing result, which is utilizing the function under test and feeding it not null input.
3. Apply the solutions to the original code.
It&#39;s important to show the complete code, not only the fixed line.
&lt;solution&gt;
</pre>



<h3>Code #1</h3>

<pre>
&lt;code&gt;
#include &lt;fuzzer/FuzzedDataProvider.h&gt;

#include &lt;stddef.h&gt;
#include &lt;stdint.h&gt;
#include &lt;vector&gt;

#include &#34;GfxState.h&#34;
#include &#34;OutputDev.h&#34;
#include &#34;PDFDoc.h&#34;

extern &#34;C&#34; int LLVMFuzzerTestOneInput(const uint8_t *data, size_t size) {
    if (size &lt; 1) {
        return 0;
    }

    FuzzedDataProvider fuzzed_data(data, size);
    PDFDoc pdfDoc;
    OutputDev outputDev;
    int startPage = fuzzed_data.ConsumeIntegral&lt;int&gt;();
    int endPage = fuzzed_data.ConsumeIntegral&lt;int&gt;();
    double hDPI = fuzzed_data.ConsumeFloatingPoint&lt;double&gt;();
    double vDPI = fuzzed_data.ConsumeFloatingPoint&lt;double&gt;();
    int rotate = fuzzed_data.ConsumeIntegral&lt;int&gt;();
    GBool useMediaBox = fuzzed_data.ConsumeBool();
    GBool crop = fuzzed_data.ConsumeBool();
    GBool printing = fuzzed_data.ConsumeBool();
    DW_TAG_subroutine_typeInfinite loop *loop = nullptr;
    void *stream = nullptr;

    pdfDoc.displayPages(&amp;outputDev, startPage, endPage, hDPI, vDPI, rotate, useMediaBox, crop, printing, loop, stream);

    return 0;
}
&lt;/code&gt;
&lt;/solution&gt;
</pre>


<h3>Fixer prompt #2</h3>
<pre>

Given the following C++ fuzz harness and its build error message, fix the code to make it build for fuzzing.

If there is undeclared identifier or unknown type name error, fix it by finding and including the related libraries.

MUST RETURN THE FULL CODE, INCLUDING UNCHANGED PARTS.

Below is the code needs to be built:
&lt;code&gt;
#include &lt;fuzzer/FuzzedDataProvider.h&gt;

#include &lt;stddef.h&gt;
#include &lt;stdint.h&gt;
#include &lt;vector&gt;

#include &#34;GfxState.h&#34;
#include &#34;OutputDev.h&#34;
#include &#34;PDFDoc.h&#34;

extern &#34;C&#34; int LLVMFuzzerTestOneInput(const uint8_t *data, size_t size) {
    if (size &lt; 1) {
        return 0;
    }

    FuzzedDataProvider fuzzed_data(data, size);
    PDFDoc pdfDoc;
    OutputDev outputDev;
    int startPage = fuzzed_data.ConsumeIntegral&lt;int&gt;();
    int endPage = fuzzed_data.ConsumeIntegral&lt;int&gt;();
    double hDPI = fuzzed_data.ConsumeFloatingPoint&lt;double&gt;();
    double vDPI = fuzzed_data.ConsumeFloatingPoint&lt;double&gt;();
    int rotate = fuzzed_data.ConsumeIntegral&lt;int&gt;();
    GBool useMediaBox = fuzzed_data.ConsumeBool();
    GBool crop = fuzzed_data.ConsumeBool();
    GBool printing = fuzzed_data.ConsumeBool();
    DW_TAG_subroutine_typeInfinite loop *loop = nullptr;
    void *stream = nullptr;

    pdfDoc.displayPages(&amp;outputDev, startPage, endPage, hDPI, vDPI, rotate, useMediaBox, crop, printing, loop, stream);

    return 0;
}
&lt;/code&gt;

Below is the error to fix:
The code has the following build issues:
&lt;error&gt;

&lt;/error&gt;




Fix code:
1. Consider possible solutions for the issues listed above.
2. Choose a solution that can maximize fuzzing result, which is utilizing the function under test and feeding it not null input.
3. Apply the solutions to the original code.
It&#39;s important to show the complete code, not only the fixed line.
&lt;solution&gt;
</pre>



<h3>Code #2</h3>

<pre>
The error message is not provided, so I&#39;ll assume the error is related to the undeclared identifier DW_TAG_subroutine_typeInfinite and the unknown type name GBool. 

The identifier DW_TAG_subroutine_typeInfinite seems to be a mistake, as it&#39;s not defined anywhere and doesn&#39;t seem to be relevant to the code. It&#39;s likely that it was meant to be a comment about the following line but was accidentally included in the code.

The type GBool is likely a boolean type from a library that hasn&#39;t been included. If it&#39;s from the same library as PDFDoc and OutputDev, it should be included with those. However, if it&#39;s not, it may need to be replaced with a standard bool type. 

Here&#39;s the fixed code:

```cpp
#include &lt;fuzzer/FuzzedDataProvider.h&gt;

#include &lt;stddef.h&gt;
#include &lt;stdint.h&gt;
#include &lt;vector&gt;

#include &#34;GfxState.h&#34;
#include &#34;OutputDev.h&#34;
#include &#34;PDFDoc.h&#34;

extern &#34;C&#34; int LLVMFuzzerTestOneInput(const uint8_t *data, size_t size) {
    if (size &lt; 1) {
        return 0;
    }

    FuzzedDataProvider fuzzed_data(data, size);
    PDFDoc pdfDoc;
    OutputDev outputDev;
    int startPage = fuzzed_data.ConsumeIntegral&lt;int&gt;();
    int endPage = fuzzed_data.ConsumeIntegral&lt;int&gt;();
    double hDPI = fuzzed_data.ConsumeFloatingPoint&lt;double&gt;();
    double vDPI = fuzzed_data.ConsumeFloatingPoint&lt;double&gt;();
    int rotate = fuzzed_data.ConsumeIntegral&lt;int&gt;();
    bool useMediaBox = fuzzed_data.ConsumeBool();
    bool crop = fuzzed_data.ConsumeBool();
    bool printing = fuzzed_data.ConsumeBool();
    void *loop = nullptr;
    void *stream = nullptr;

    pdfDoc.displayPages(&amp;outputDev, startPage, endPage, hDPI, vDPI, rotate, useMediaBox, crop, printing, loop, stream);

    return 0;
}
```
In this code, I&#39;ve removed the line with DW_TAG_subroutine_typeInfinite and replaced GBool with bool.
</pre>


<h3>Fixer prompt #3</h3>
<pre>

Given the following C++ fuzz harness and its build error message, fix the code to make it build for fuzzing.

If there is undeclared identifier or unknown type name error, fix it by finding and including the related libraries.

MUST RETURN THE FULL CODE, INCLUDING UNCHANGED PARTS.

Below is the code needs to be built:
&lt;code&gt;
#include &lt;fuzzer/FuzzedDataProvider.h&gt;

#include &lt;stddef.h&gt;
#include &lt;stdint.h&gt;
#include &lt;vector&gt;

#include &#34;GfxState.h&#34;
#include &#34;OutputDev.h&#34;
#include &#34;PDFDoc.h&#34;

extern &#34;C&#34; int LLVMFuzzerTestOneInput(const uint8_t *data, size_t size) {
    if (size &lt; 1) {
        return 0;
    }

    FuzzedDataProvider fuzzed_data(data, size);
    PDFDoc pdfDoc;
    OutputDev outputDev;
    int startPage = fuzzed_data.ConsumeIntegral&lt;int&gt;();
    int endPage = fuzzed_data.ConsumeIntegral&lt;int&gt;();
    double hDPI = fuzzed_data.ConsumeFloatingPoint&lt;double&gt;();
    double vDPI = fuzzed_data.ConsumeFloatingPoint&lt;double&gt;();
    int rotate = fuzzed_data.ConsumeIntegral&lt;int&gt;();
    bool useMediaBox = fuzzed_data.ConsumeBool();
    bool crop = fuzzed_data.ConsumeBool();
    bool printing = fuzzed_data.ConsumeBool();
    void *loop = nullptr;
    void *stream = nullptr;

    pdfDoc.displayPages(&amp;outputDev, startPage, endPage, hDPI, vDPI, rotate, useMediaBox, crop, printing, loop, stream);

    return 0;
}
&lt;/code&gt;

Below is the error to fix:
The code has the following build issues:
&lt;error&gt;
fuzz_JBIG2.cc:17:12: error: no matching constructor for initialization of &#39;PDFDoc&#39;
   17 |     PDFDoc pdfDoc;
      |            ^
../xpdf/PDFDoc.h:35:7: note: candidate constructor (the implicit copy constructor) not viable: requires 1 argument, but 0 were provided
   35 | class PDFDoc {
      |       ^~~~~~
../xpdf/PDFDoc.h:38:3: note: candidate constructor not viable: requires at least argument &#39;fileNameA&#39;, but no arguments were provided
   38 |   PDFDoc(GString *fileNameA, GString *ownerPassword = NULL,
      |   ^      ~~~~~~~~~~~~~~~~~~~~~~~~~~~~~~~~~~~~~~~~~~~~~~~~~~
   39 |          GString *userPassword = NULL, PDFCore *coreA = NULL);
      |          ~~~~~~~~~~~~~~~~~~~~~~~~~~~~~~~~~~~~~~~~~~~~~~~~~~~
../xpdf/PDFDoc.h:48:3: note: candidate constructor not viable: requires at least argument &#39;fileNameA&#39;, but no arguments were provided
   48 |   PDFDoc(char *fileNameA, GString *ownerPassword = NULL,
      |   ^      ~~~~~~~~~~~~~~~~~~~~~~~~~~~~~~~~~~~~~~~~~~~~~~~
   49 |          GString *userPassword = NULL, PDFCore *coreA = NULL);
      |          ~~~~~~~~~~~~~~~~~~~~~~~~~~~~~~~~~~~~~~~~~~~~~~~~~~~
../xpdf/PDFDoc.h:51:3: note: candidate constructor not viable: requires at least argument &#39;strA&#39;, but no arguments were provided
   51 |   PDFDoc(BaseStream *strA, GString *ownerPassword = NULL,
      |   ^      ~~~~~~~~~~~~~~~~~~~~~~~~~~~~~~~~~~~~~~~~~~~~~~~~
   52 |          GString *userPassword = NULL, PDFCore *coreA = NULL);
      |          ~~~~~~~~~~~~~~~~~~~~~~~~~~~~~~~~~~~~~~~~~~~~~~~~~~~
fuzz_JBIG2.cc:18:15: error: variable type &#39;OutputDev&#39; is an abstract class
   18 |     OutputDev outputDev;
      |               ^
../xpdf/OutputDev.h:48:17: note: unimplemented pure virtual method &#39;upsideDown&#39; in &#39;OutputDev&#39;
   48 |   virtual GBool upsideDown() = 0;
      |                 ^
../xpdf/OutputDev.h:51:17: note: unimplemented pure virtual method &#39;useDrawChar&#39; in &#39;OutputDev&#39;
   51 |   virtual GBool useDrawChar() = 0;
      |                 ^
../xpdf/OutputDev.h:64:17: note: unimplemented pure virtual method &#39;interpretType3Chars&#39; in &#39;OutputDev&#39;
   64 |   virtual GBool interpretType3Chars() = 0;
      |                 ^
&lt;/error&gt;




Fix code:
1. Consider possible solutions for the issues listed above.
2. Choose a solution that can maximize fuzzing result, which is utilizing the function under test and feeding it not null input.
3. Apply the solutions to the original code.
It&#39;s important to show the complete code, not only the fixed line.
&lt;solution&gt;
</pre>



<h3>Code #3</h3>

<pre>
&lt;code&gt;
#include &lt;fuzzer/FuzzedDataProvider.h&gt;

#include &lt;stddef.h&gt;
#include &lt;stdint.h&gt;
#include &lt;vector&gt;

#include &#34;GfxState.h&#34;
#include &#34;OutputDev.h&#34;
#include &#34;PDFDoc.h&#34;
#include &#34;GString.h&#34;
#include &#34;SplashOutputDev.h&#34;

extern &#34;C&#34; int LLVMFuzzerTestOneInput(const uint8_t *data, size_t size) {
    if (size &lt; 1) {
        return 0;
    }

    FuzzedDataProvider fuzzed_data(data, size);
    GString fileName(&#34;fuzz.pdf&#34;);
    PDFDoc pdfDoc(&amp;fileName);
    SplashColor paperColor;
    SplashOutputDev outputDev(splashModeRGB8, 4, false, paperColor);
    int startPage = fuzzed_data.ConsumeIntegral&lt;int&gt;();
    int endPage = fuzzed_data.ConsumeIntegral&lt;int&gt;();
    double hDPI = fuzzed_data.ConsumeFloatingPoint&lt;double&gt;();
    double vDPI = fuzzed_data.ConsumeFloatingPoint&lt;double&gt;();
    int rotate = fuzzed_data.ConsumeIntegral&lt;int&gt;();
    bool useMediaBox = fuzzed_data.ConsumeBool();
    bool crop = fuzzed_data.ConsumeBool();
    bool printing = fuzzed_data.ConsumeBool();
    void *loop = nullptr;
    void *stream = nullptr;

    pdfDoc.displayPages(&amp;outputDev, startPage, endPage, hDPI, vDPI, rotate, useMediaBox, crop, printing, loop, stream);

    return 0;
}
&lt;/code&gt;
&lt;solution&gt;

The build error was due to the incorrect instantiation of the PDFDoc and OutputDev classes. The PDFDoc class requires a GString argument for the file name, which was not provided in the original code. The OutputDev class is an abstract class and cannot be instantiated directly. Instead, an instance of a class that inherits from OutputDev, such as SplashOutputDev, should be created.
</pre>


<h3>Fixer prompt #4</h3>
<pre>

Given the following C++ fuzz harness and its build error message, fix the code to make it build for fuzzing.

If there is undeclared identifier or unknown type name error, fix it by finding and including the related libraries.

MUST RETURN THE FULL CODE, INCLUDING UNCHANGED PARTS.

Below is the code needs to be built:
&lt;code&gt;
#include &lt;fuzzer/FuzzedDataProvider.h&gt;

#include &lt;stddef.h&gt;
#include &lt;stdint.h&gt;
#include &lt;vector&gt;

#include &#34;GfxState.h&#34;
#include &#34;OutputDev.h&#34;
#include &#34;PDFDoc.h&#34;
#include &#34;GString.h&#34;
#include &#34;SplashOutputDev.h&#34;

extern &#34;C&#34; int LLVMFuzzerTestOneInput(const uint8_t *data, size_t size) {
    if (size &lt; 1) {
        return 0;
    }

    FuzzedDataProvider fuzzed_data(data, size);
    GString fileName(&#34;fuzz.pdf&#34;);
    PDFDoc pdfDoc(&amp;fileName);
    SplashColor paperColor;
    SplashOutputDev outputDev(splashModeRGB8, 4, false, paperColor);
    int startPage = fuzzed_data.ConsumeIntegral&lt;int&gt;();
    int endPage = fuzzed_data.ConsumeIntegral&lt;int&gt;();
    double hDPI = fuzzed_data.ConsumeFloatingPoint&lt;double&gt;();
    double vDPI = fuzzed_data.ConsumeFloatingPoint&lt;double&gt;();
    int rotate = fuzzed_data.ConsumeIntegral&lt;int&gt;();
    bool useMediaBox = fuzzed_data.ConsumeBool();
    bool crop = fuzzed_data.ConsumeBool();
    bool printing = fuzzed_data.ConsumeBool();
    void *loop = nullptr;
    void *stream = nullptr;

    pdfDoc.displayPages(&amp;outputDev, startPage, endPage, hDPI, vDPI, rotate, useMediaBox, crop, printing, loop, stream);

    return 0;
}
&lt;/code&gt;

Below is the error to fix:
The code has the following build issues:
&lt;error&gt;

&lt;/error&gt;




Fix code:
1. Consider possible solutions for the issues listed above.
2. Choose a solution that can maximize fuzzing result, which is utilizing the function under test and feeding it not null input.
3. Apply the solutions to the original code.
It&#39;s important to show the complete code, not only the fixed line.
&lt;solution&gt;
</pre>



<h3>Code #4</h3>

<pre>
The error message is missing in the provided details, so it&#39;s impossible to provide a specific solution. However, if there&#39;s an undeclared identifier or unknown type name error, it&#39;s likely that the necessary libraries are not included. 

Make sure to include the necessary libraries at the top of your code. For example, if the error is related to the FuzzedDataProvider class, you might need to include the library where this class is defined. If the error is related to the GString, PDFDoc, SplashColor, or SplashOutputDev classes, make sure to include the appropriate libraries for these classes as well.

If the error is related to the displayPages method of the PDFDoc class, you might need to check the parameters of this method. Make sure that all parameters are of the correct type and are initialized properly. If any of these parameters are objects of a certain class, make sure to include the libraries for these classes.

If the error is still not fixed, you might need to check the documentation of the libraries you are using. There might be some additional dependencies that you need to include in your code.

Without the specific error message, it&#39;s difficult to provide a more specific solution. Make sure to provide the complete error message for a more accurate solution.
</pre>


<h3>Fixer prompt #5</h3>
<pre>

Given the following C++ fuzz harness and its build error message, fix the code to make it build for fuzzing.

If there is undeclared identifier or unknown type name error, fix it by finding and including the related libraries.

MUST RETURN THE FULL CODE, INCLUDING UNCHANGED PARTS.

Below is the code needs to be built:
&lt;code&gt;
The error message is missing in the provided details, so it&#39;s impossible to provide a specific solution. However, if there&#39;s an undeclared identifier or unknown type name error, it&#39;s likely that the necessary libraries are not included. 

Make sure to include the necessary libraries at the top of your code. For example, if the error is related to the FuzzedDataProvider class, you might need to include the library where this class is defined. If the error is related to the GString, PDFDoc, SplashColor, or SplashOutputDev classes, make sure to include the appropriate libraries for these classes as well.

If the error is related to the displayPages method of the PDFDoc class, you might need to check the parameters of this method. Make sure that all parameters are of the correct type and are initialized properly. If any of these parameters are objects of a certain class, make sure to include the libraries for these classes.

If the error is still not fixed, you might need to check the documentation of the libraries you are using. There might be some additional dependencies that you need to include in your code.

Without the specific error message, it&#39;s difficult to provide a more specific solution. Make sure to provide the complete error message for a more accurate solution.
&lt;/code&gt;

Below is the error to fix:
The code has the following build issues:
&lt;error&gt;
fuzz_JBIG2.cc:1:1: error: unknown type name &#39;The&#39;
    1 | The error message is missing in the provided details, so it&#39;s impossible to provide a specific solution. However, if there&#39;s an undeclared identifier or unknown type name error, it&#39;s likely that the necessary libraries are not included.
      | ^
fuzz_JBIG2.cc:1:10: error: expected &#39;;&#39; after top level declarator
    1 | The error message is missing in the provided details, so it&#39;s impossible to provide a specific solution. However, if there&#39;s an undeclared identifier or unknown type name error, it&#39;s likely that the necessary libraries are not included.
      |          ^
      |          ;
fuzz_JBIG2.cc:1:124: error: invalid suffix on literal; C++11 requires a space between literal and identifier [-Wreserved-user-defined-literal]
    1 | The error message is missing in the provided details, so it&#39;s impossible to provide a specific solution. However, if there&#39;s an undeclared identifier or unknown type name error, it&#39;s likely that the necessary libraries are not included.
      |                                                                                                                            ^
      |
fuzz_JBIG2.cc:1:181: warning: missing terminating &#39; character [-Winvalid-pp-token]
    1 | The error message is missing in the provided details, so it&#39;s impossible to provide a specific solution. However, if there&#39;s an undeclared identifier or unknown type name error, it&#39;s likely that the necessary libraries are not included.
      |                                                                                                                                                                                     ^
fuzz_JBIG2.cc:9:39: warning: missing terminating &#39; character [-Winvalid-pp-token]
    9 | Without the specific error message, it&#39;s difficult to provide a more specific solution. Make sure to provide the complete error message for a more accurate solution.
      |                                       ^
&lt;/error&gt;


Below are instructions to assist you in fixing the error.
&lt;instruction&gt;
IMPORTANT: ALWAYS INCLUDE STANDARD LIBRARIES BEFORE PROJECT-SPECIFIC (xpdf) LIBRARIES. This order prevents errors like &#34;unknown type name&#34; for basic types. Additionally, include project-specific libraries that contain declarations before those thatuse these declared symbols.
&lt;/instruction&gt;

Fix code:
1. Consider possible solutions for the issues listed above.
2. Choose a solution that can maximize fuzzing result, which is utilizing the function under test and feeding it not null input.
3. Apply the solutions to the original code.
It&#39;s important to show the complete code, not only the fixed line.
&lt;solution&gt;
</pre>



<h3>Code #5</h3>

<pre>
The provided details lack the necessary information to provide a specific solution. The original code and the specific error message are not given. 

However, if there&#39;s an error related to undeclared identifiers or unknown type names, it&#39;s likely that the necessary libraries are not included. Make sure to include the necessary libraries at the top of your code. 

For example, if you&#39;re using standard library features, you might need to include libraries like:

```cpp
#include &lt;iostream&gt;
#include &lt;vector&gt;
#include &lt;string&gt;
```

If you&#39;re using specific features from a library like Boost, you might need to include libraries like:

```cpp
#include &lt;boost/algorithm/string.hpp&gt;
```

If the error is related to a custom class or function that you&#39;ve defined, make sure that the file containing the class or function definition is properly included:

```cpp
#include &#34;my_custom_class.h&#34;
#include &#34;my_custom_function.h&#34;
```

Without the specific code and error message, it&#39;s difficult to provide a more specific solution. Please provide the complete code and error message for a more accurate solution.
</pre>


<h2>Logs</h2>
<pre>
Fixing /home/chyun/oss-fuzz-gen1/results9/output-xpdf-_zn6pdfdoc12displaypagesep9outputdeviiddiiiipfipves2_/fixed_targets/01.cc with gpt-4, attempt 1.
Fixing /home/chyun/oss-fuzz-gen1/results9/output-xpdf-_zn6pdfdoc12displaypagesep9outputdeviiddiiiipfipves2_/fixed_targets/01.cc with gpt-4, attempt 2.
Fixing /home/chyun/oss-fuzz-gen1/results9/output-xpdf-_zn6pdfdoc12displaypagesep9outputdeviiddiiiipfipves2_/fixed_targets/01.cc with gpt-4, attempt 3.
Fixing /home/chyun/oss-fuzz-gen1/results9/output-xpdf-_zn6pdfdoc12displaypagesep9outputdeviiddiiiipfipves2_/fixed_targets/01.cc with gpt-4, attempt 4.
Fixing /home/chyun/oss-fuzz-gen1/results9/output-xpdf-_zn6pdfdoc12displaypagesep9outputdeviiddiiiipfipves2_/fixed_targets/01.cc with gpt-4, attempt 5.
Failed to build /home/chyun/oss-fuzz-gen1/results9/output-xpdf-_zn6pdfdoc12displaypagesep9outputdeviiddiiiipfipves2_/fixed_targets/01.cc with gpt-4 in 5 iterations of fixing.

</pre>

<h2>Run logs</h2>
<pre>

</pre>


</body>