<!doctype html>

<meta charset="utf-8">
<meta name="viewport" content="width=device-width, initial-scale=1" />
<title>Experiment results</title>
<style>
* {
    box-sizing: border-box;
}

html {
    line-height: 1.15;
}

body {
    font-family: sans-serif;
    font-size: 16px;
}

table {
    border-collapse: collapse;
    border-spacing: 0;
}

td, th {
    border-right: 1px #dedede solid;
    border-bottom: 1px #dedede solid;
    padding: 5px;
    text-align: left;
}
td:first-child, th:first-child {
    border-left: 1px #dedede solid;
}
th {
    border-top: 1px #dedede solid;
}

tbody tr:nth-child(odd) {
    background-color: #f4f5ff;
}
</style>
<body>
    LLM: 
    
<h1>output-xpdf-_zn6pdfdoc12displaypagesep9outputdeviiddiiiipfipves2_ / 02</h1>
Bug: False
<br>
Crash reason: -
<br>
<br>

<h2>Triage</h2>
<pre>

</pre>
<br>





<h3>Final code</h3>

<pre>
The error message is not provided, so I can&#39;t provide a specific solution. However, the code seems to be correct if all the included libraries and their functions are properly defined. If there&#39;s an error, it might be due to the missing libraries or wrongly defined functions or variables. 

Please provide the error message for a more accurate solution.
</pre>


<h3>Fixer prompt #1</h3>
<pre>

Given the following C++ fuzz harness and its build error message, fix the code to make it build for fuzzing.

If there is undeclared identifier or unknown type name error, fix it by finding and including the related libraries.

MUST RETURN THE FULL CODE, INCLUDING UNCHANGED PARTS.

Below is the code needs to be built:
&lt;code&gt;
#include &lt;fuzzer/FuzzedDataProvider.h&gt;

#include &lt;aconf.h&gt;
#include &lt;png.h&gt;
#include &lt;stddef.h&gt;
#include &lt;stdint.h&gt;
#include &lt;stdio.h&gt;
#include &lt;stdlib.h&gt;
#include &lt;string.h&gt;
#include &lt;vector&gt;

#include &#34;PDFDoc.h&#34;
#include &#34;GlobalParams.h&#34;
#include &#34;GString.h&#34;
#include &#34;SplashOutputDev.h&#34;
#include &#34;Stream.h&#34;
#include &#34;parseargs.h&#34;

extern &#34;C&#34; int LLVMFuzzerTestOneInput(const uint8_t *data, size_t size) {
  FuzzedDataProvider fdp(data, size);
  
  // Create data for parameters
  double hdpi = fdp.ConsumeFloatingPointInRange(1.0, 1000.0);
  double vdpi = fdp.ConsumeFloatingPointInRange(1.0, 1000.0);
  int rotate = fdp.ConsumeIntegralInRange(0, 360);
  GBool useMediaBox = fdp.ConsumeBool();
  GBool crop = fdp.ConsumeBool();
  GBool printing = fdp.ConsumeBool();
  std::vector&lt;char&gt; payload = fdp.ConsumeRemainingBytes&lt;char&gt;();

  // Setting up initial resources
  Object xpdf_obj;
  xpdf_obj.initNull();
  BaseStream *stream = new MemStream(payload.data(), 0, payload.size(), &amp;xpdf_obj);
  globalParams = new GlobalParams(NULL);

  try {
    PDFDoc doc(stream);
    SplashColor paperColor = {0xff, 0xff, 0xff};
    SplashOutputDev *splashOut = new SplashOutputDev(splashModeRGB8, 1, gFalse, paperColor);
    splashOut-&gt;startDoc(doc.getXRef());

    // Run the function-under-test
    doc.displayPages(splashOut, 1, doc.getNumPages(), hdpi, vdpi, rotate, useMediaBox, crop, printing, NULL, NULL);

    delete splashOut;
    delete globalParams;
  } catch (...) {
  }

  return 0;
}
&lt;/code&gt;

Below is the error to fix:
The code has the following build issues:
&lt;error&gt;

&lt;/error&gt;




Fix code:
1. Consider possible solutions for the issues listed above.
2. Choose a solution that can maximize fuzzing result, which is utilizing the function under test and feeding it not null input.
3. Apply the solutions to the original code.
It&#39;s important to show the complete code, not only the fixed line.
&lt;solution&gt;
</pre>



<h3>Code #1</h3>

<pre>
The problem statement does not provide any error message to fix. Hence, there is no way to determine what needs to be fixed in the provided C++ code. 

However, the provided code seems to be correct and should not generate any build errors given that all the required libraries and dependencies are correctly installed and linked. 

Please provide the error message to proceed with the code correction.
</pre>


<h3>Fixer prompt #2</h3>
<pre>

Given the following C++ fuzz harness and its build error message, fix the code to make it build for fuzzing.

If there is undeclared identifier or unknown type name error, fix it by finding and including the related libraries.

MUST RETURN THE FULL CODE, INCLUDING UNCHANGED PARTS.

Below is the code needs to be built:
&lt;code&gt;
The problem statement does not provide any error message to fix. Hence, there is no way to determine what needs to be fixed in the provided C++ code. 

However, the provided code seems to be correct and should not generate any build errors given that all the required libraries and dependencies are correctly installed and linked. 

Please provide the error message to proceed with the code correction.
&lt;/code&gt;

Below is the error to fix:
The code has the following build issues:
&lt;error&gt;
The target function `void PDFDoc::displayPages(OutputDev *, int, int, double, double, int, GBool, GBool, GBool, DW_TAG_subroutine_typeInfinite loop *, void *)` was not called by the fuzz target `LLVMFuzzerTestOneInput`.YOU MUST CALL FUNCTION `void PDFDoc::displayPages(OutputDev *, int, int, double, double, int, GBool, GBool, GBool, DW_TAG_subroutine_typeInfinite loop *, void *)` INSIDE FUNCTION `LLVMFuzzerTestOneInput`.
&lt;/error&gt;




Fix code:
1. Consider possible solutions for the issues listed above.
2. Choose a solution that can maximize fuzzing result, which is utilizing the function under test and feeding it not null input.
3. Apply the solutions to the original code.
It&#39;s important to show the complete code, not only the fixed line.
&lt;solution&gt;
</pre>



<h3>Code #2</h3>

<pre>
The error message suggests that the function `PDFDoc::displayPages` is not being called inside the `LLVMFuzzerTestOneInput` function. To fix this, we need to call this function inside `LLVMFuzzerTestOneInput`. 

However, without the complete code, it&#39;s impossible to provide a precise solution. Here is a general way of how you can call `PDFDoc::displayPages` inside `LLVMFuzzerTestOneInput`:

```cpp
extern &#34;C&#34; int LLVMFuzzerTestOneInput(const uint8_t *Data, size_t Size) {
  // Initialize PDFDoc and OutputDev objects
  PDFDoc *doc = new PDFDoc();
  OutputDev *dev = new OutputDev();

  // Call displayPages function
  doc-&gt;displayPages(dev, 1, 1, 72, 72, 0, gFalse, gTrue, gTrue, nullptr, nullptr);

  // Clean up
  delete doc;
  delete dev;

  return 0;
}
```

Please note that the parameters used in `displayPages` function in the above code are placeholders, you need to replace them with actual values or variables. Also, the initialization of `PDFDoc` and `OutputDev` objects might require parameters which are not shown in the code above. Make sure to replace them with actual values or variables as well.
</pre>


<h3>Fixer prompt #3</h3>
<pre>

Given the following C++ fuzz harness and its build error message, fix the code to make it build for fuzzing.

If there is undeclared identifier or unknown type name error, fix it by finding and including the related libraries.

MUST RETURN THE FULL CODE, INCLUDING UNCHANGED PARTS.

Below is the code needs to be built:
&lt;code&gt;
extern &#34;C&#34; int LLVMFuzzerTestOneInput(const uint8_t *Data, size_t Size) {
  // Initialize PDFDoc and OutputDev objects
  PDFDoc *doc = new PDFDoc();
  OutputDev *dev = new OutputDev();

  // Call displayPages function
  doc-&gt;displayPages(dev, 1, 1, 72, 72, 0, gFalse, gTrue, gTrue, nullptr, nullptr);

  // Clean up
  delete doc;
  delete dev;

  return 0;
}
&lt;/code&gt;

Below is the error to fix:
The code has the following build issues:
&lt;error&gt;
fuzz_JBIG2.cc:1:45: error: unknown type name &#39;uint8_t&#39;
    1 | extern &#34;C&#34; int LLVMFuzzerTestOneInput(const uint8_t *Data, size_t Size) {
      |                                             ^
fuzz_JBIG2.cc:1:60: error: unknown type name &#39;size_t&#39;
    1 | extern &#34;C&#34; int LLVMFuzzerTestOneInput(const uint8_t *Data, size_t Size) {
      |                                                            ^
fuzz_JBIG2.cc:3:3: error: unknown type name &#39;PDFDoc&#39;
    3 |   PDFDoc *doc = new PDFDoc();
      |   ^
fuzz_JBIG2.cc:3:21: error: unknown type name &#39;PDFDoc&#39;
    3 |   PDFDoc *doc = new PDFDoc();
      |                     ^
fuzz_JBIG2.cc:4:3: error: unknown type name &#39;OutputDev&#39;
    4 |   OutputDev *dev = new OutputDev();
      |   ^
fuzz_JBIG2.cc:4:24: error: unknown type name &#39;OutputDev&#39;
    4 |   OutputDev *dev = new OutputDev();
      |                        ^
fuzz_JBIG2.cc:7:43: error: use of undeclared identifier &#39;gFalse&#39;; did you mean &#39;false&#39;?
    7 |   doc-&gt;displayPages(dev, 1, 1, 72, 72, 0, gFalse, gTrue, gTrue, nullptr, nullptr);
      |                                           ^~~~~~
      |                                           false
fuzz_JBIG2.cc:7:51: error: use of undeclared identifier &#39;gTrue&#39;; did you mean &#39;true&#39;?
    7 |   doc-&gt;displayPages(dev, 1, 1, 72, 72, 0, gFalse, gTrue, gTrue, nullptr, nullptr);
      |                                                   ^~~~~
      |                                                   true
fuzz_JBIG2.cc:7:58: error: use of undeclared identifier &#39;gTrue&#39;; did you mean &#39;true&#39;?
    7 |   doc-&gt;displayPages(dev, 1, 1, 72, 72, 0, gFalse, gTrue, gTrue, nullptr, nullptr);
      |                                                          ^~~~~
      |                                                          true
&lt;/error&gt;


Below are instructions to assist you in fixing the error.
&lt;instruction&gt;
IMPORTANT: ALWAYS INCLUDE STANDARD LIBRARIES BEFORE PROJECT-SPECIFIC (xpdf) LIBRARIES. This order prevents errors like &#34;unknown type name&#34; for basic types. Additionally, include project-specific libraries that contain declarations before those thatuse these declared symbols.
&lt;/instruction&gt;

Fix code:
1. Consider possible solutions for the issues listed above.
2. Choose a solution that can maximize fuzzing result, which is utilizing the function under test and feeding it not null input.
3. Apply the solutions to the original code.
It&#39;s important to show the complete code, not only the fixed line.
&lt;solution&gt;
</pre>



<h3>Code #3</h3>

<pre>
Here is the fixed code:

```cpp
#include &lt;cstdint&gt; // for uint8_t
#include &lt;cstddef&gt; // for size_t
#include &#34;PDFDoc.h&#34; // for PDFDoc
#include &#34;OutputDev.h&#34; // for OutputDev

extern &#34;C&#34; int LLVMFuzzerTestOneInput(const uint8_t *Data, size_t Size) {
  // Initialize PDFDoc and OutputDev objects
  PDFDoc *doc = new PDFDoc();
  OutputDev *dev = new OutputDev();

  // Call displayPages function
  doc-&gt;displayPages(dev, 1, 1, 72, 72, 0, false, true, true, nullptr, nullptr);

  // Clean up
  delete doc;
  delete dev;

  return 0;
}
```

In the fixed code, I included the necessary libraries for `uint8_t` and `size_t`. I also included the necessary headers for `PDFDoc` and `OutputDev`. Lastly, I replaced `gFalse` and `gTrue` with `false` and `true` respectively.
</pre>


<h3>Fixer prompt #4</h3>
<pre>

Given the following C++ fuzz harness and its build error message, fix the code to make it build for fuzzing.

If there is undeclared identifier or unknown type name error, fix it by finding and including the related libraries.

MUST RETURN THE FULL CODE, INCLUDING UNCHANGED PARTS.

Below is the code needs to be built:
&lt;code&gt;
#include &lt;cstdint&gt; // for uint8_t
#include &lt;cstddef&gt; // for size_t
#include &#34;PDFDoc.h&#34; // for PDFDoc
#include &#34;OutputDev.h&#34; // for OutputDev

extern &#34;C&#34; int LLVMFuzzerTestOneInput(const uint8_t *Data, size_t Size) {
  // Initialize PDFDoc and OutputDev objects
  PDFDoc *doc = new PDFDoc();
  OutputDev *dev = new OutputDev();

  // Call displayPages function
  doc-&gt;displayPages(dev, 1, 1, 72, 72, 0, false, true, true, nullptr, nullptr);

  // Clean up
  delete doc;
  delete dev;

  return 0;
}
&lt;/code&gt;

Below is the error to fix:
The code has the following build issues:
&lt;error&gt;

&lt;/error&gt;




Fix code:
1. Consider possible solutions for the issues listed above.
2. Choose a solution that can maximize fuzzing result, which is utilizing the function under test and feeding it not null input.
3. Apply the solutions to the original code.
It&#39;s important to show the complete code, not only the fixed line.
&lt;solution&gt;
</pre>



<h3>Code #4</h3>

<pre>
The error message is not provided in the question, so it&#39;s hard to identify the exact problem. However, assuming that the error is due to the missing constructor parameters for PDFDoc and OutputDev, and the missing libraries for these classes, the corrected code might look like this:

```cpp
#include &lt;cstdint&gt; // for uint8_t
#include &lt;cstddef&gt; // for size_t
#include &#34;PDFDoc.h&#34; // for PDFDoc
#include &#34;OutputDev.h&#34; // for OutputDev
#include &#34;GooString.h&#34; // for GooString
#include &#34;SplashOutputDev.h&#34; // for SplashOutputDev

extern &#34;C&#34; int LLVMFuzzerTestOneInput(const uint8_t *Data, size_t Size) {
  // Initialize PDFDoc and OutputDev objects
  GooString *fileName = new GooString(reinterpret_cast&lt;const char*&gt;(Data), Size);
  PDFDoc *doc = new PDFDoc(fileName);
  SplashColor paperColor;
  SplashOutputDev *dev = new SplashOutputDev(splashModeRGB8, 4, gFalse, paperColor);

  // Call displayPages function
  doc-&gt;displayPages(dev, 1, 1, 72, 72, 0, false, true, true);

  // Clean up
  delete doc;
  delete dev;
  delete fileName;

  return 0;
}
```
In this corrected code, a GooString object is created from the input data and used to initialize the PDFDoc object. A SplashOutputDev object is created and used to initialize the OutputDev object. The missing libraries for these classes are also included.
</pre>


<h3>Fixer prompt #5</h3>
<pre>

Given the following C++ fuzz harness and its build error message, fix the code to make it build for fuzzing.

If there is undeclared identifier or unknown type name error, fix it by finding and including the related libraries.

MUST RETURN THE FULL CODE, INCLUDING UNCHANGED PARTS.

Below is the code needs to be built:
&lt;code&gt;
#include &lt;cstdint&gt; // for uint8_t
#include &lt;cstddef&gt; // for size_t
#include &#34;PDFDoc.h&#34; // for PDFDoc
#include &#34;OutputDev.h&#34; // for OutputDev
#include &#34;GooString.h&#34; // for GooString
#include &#34;SplashOutputDev.h&#34; // for SplashOutputDev

extern &#34;C&#34; int LLVMFuzzerTestOneInput(const uint8_t *Data, size_t Size) {
  // Initialize PDFDoc and OutputDev objects
  GooString *fileName = new GooString(reinterpret_cast&lt;const char*&gt;(Data), Size);
  PDFDoc *doc = new PDFDoc(fileName);
  SplashColor paperColor;
  SplashOutputDev *dev = new SplashOutputDev(splashModeRGB8, 4, gFalse, paperColor);

  // Call displayPages function
  doc-&gt;displayPages(dev, 1, 1, 72, 72, 0, false, true, true);

  // Clean up
  delete doc;
  delete dev;
  delete fileName;

  return 0;
}
&lt;/code&gt;

Below is the error to fix:
The code has the following build issues:
&lt;error&gt;

&lt;/error&gt;




Fix code:
1. Consider possible solutions for the issues listed above.
2. Choose a solution that can maximize fuzzing result, which is utilizing the function under test and feeding it not null input.
3. Apply the solutions to the original code.
It&#39;s important to show the complete code, not only the fixed line.
&lt;solution&gt;
</pre>



<h3>Code #5</h3>

<pre>
The error message is not provided, so I can&#39;t provide a specific solution. However, the code seems to be correct if all the included libraries and their functions are properly defined. If there&#39;s an error, it might be due to the missing libraries or wrongly defined functions or variables. 

Please provide the error message for a more accurate solution.
</pre>


<h2>Logs</h2>
<pre>
Fixing /home/chyun/oss-fuzz-gen/results6/output-xpdf-_zn6pdfdoc12displaypagesep9outputdeviiddiiiipfipves2_/fixed_targets/02.cc with gpt-4, attempt 1.
Fixing /home/chyun/oss-fuzz-gen/results6/output-xpdf-_zn6pdfdoc12displaypagesep9outputdeviiddiiiipfipves2_/fixed_targets/02.cc with gpt-4, attempt 2.
Fixing /home/chyun/oss-fuzz-gen/results6/output-xpdf-_zn6pdfdoc12displaypagesep9outputdeviiddiiiipfipves2_/fixed_targets/02.cc with gpt-4, attempt 3.
Fixing /home/chyun/oss-fuzz-gen/results6/output-xpdf-_zn6pdfdoc12displaypagesep9outputdeviiddiiiipfipves2_/fixed_targets/02.cc with gpt-4, attempt 4.
Fixing /home/chyun/oss-fuzz-gen/results6/output-xpdf-_zn6pdfdoc12displaypagesep9outputdeviiddiiiipfipves2_/fixed_targets/02.cc with gpt-4, attempt 5.
Failed to build /home/chyun/oss-fuzz-gen/results6/output-xpdf-_zn6pdfdoc12displaypagesep9outputdeviiddiiiipfipves2_/fixed_targets/02.cc with gpt-4 in 5 iterations of fixing.

</pre>

<h2>Run logs</h2>
<pre>

</pre>


</body>