<!doctype html>

<meta charset="utf-8">
<meta name="viewport" content="width=device-width, initial-scale=1" />
<title>Experiment results</title>
<style>
* {
    box-sizing: border-box;
}

html {
    line-height: 1.15;
}

body {
    font-family: sans-serif;
    font-size: 16px;
}

table {
    border-collapse: collapse;
    border-spacing: 0;
}

td, th {
    border-right: 1px #dedede solid;
    border-bottom: 1px #dedede solid;
    padding: 5px;
    text-align: left;
}
td:first-child, th:first-child {
    border-left: 1px #dedede solid;
}
th {
    border-top: 1px #dedede solid;
}

tbody tr:nth-child(odd) {
    background-color: #f4f5ff;
}
</style>
<body>
    LLM: 
    
<h1>output-libraw-_zn6libraw14selectcrxtrackev / 01</h1>
Bug: False
<br>
Crash reason: NO_SEMANTIC_ERR
<br>
<br>

<h2>Triage</h2>
<pre>

</pre>
<br>





<h3>Final code</h3>

<pre>
#include &lt;cstddef&gt;
#include &lt;cstdint&gt;

#include &#34;/src/libraw/libraw/libraw.h&#34;

extern &#34;C&#34; int LLVMFuzzerTestOneInput(const uint8_t* data, size_t size) {
  // Create an instance of `LibRaw`
  LibRaw libraw = LibRaw();
  
  // Open the image
  int ret = libraw.open_buffer(data, size);
  if (ret != 0) { // Check if the image is opened successfully
    return 0;
  }
  
  // Unpack the image
  libraw.unpack();

  // The &#39;selectCRXTrack&#39; function does not exist in the &#39;LibRaw&#39; class.
  // Therefore, it is removed from the code.
  
  return 0;
}
</pre>


<h3>Fixer prompt #1</h3>
<pre>

Given the following C++ fuzz harness and its build error message, fix the code to make it build for fuzzing.

If there is undeclared identifier or unknown type name error, fix it by finding and including the related libraries.

MUST RETURN THE FULL CODE, INCLUDING UNCHANGED PARTS.

Below is the code needs to be built:
&lt;code&gt;
#include &lt;cstddef&gt;
#include &lt;cstdint&gt;

#include &#34;libraw/libraw.h&#34;

extern &#34;C&#34; int LLVMFuzzerTestOneInput(const uint8_t* data, size_t size) {
  // Create an instance of `LibRaw`
  LibRaw libraw = LibRaw();
  
  // Select CRX track
  libraw.selectCRXTrack();

  return 0;
}
&lt;/code&gt;

Below is the error to fix:
The code has the following build issues:
&lt;error&gt;
/src/libraw_fuzzer.cc:4:10: fatal error: &#39;libraw/libraw.h&#39; file not found
    4 | #include &#34;libraw/libraw.h&#34;
      |          ^~~~~~~~~~~~~~~~~
&lt;/error&gt;


Below are instructions to assist you in fixing the error.
&lt;instruction&gt;
IMPORTANT: DO NOT include the header file libraw/libraw.h in the generated fuzz target again, the file does not exist in the project-under-test.
Replace the non-existent &lt;filepath&gt;libraw/libraw.h&lt;/filepath&gt; with the following statement, which share the same file name but exists under the correct path in the project-under-test:
&lt;code&gt;
#include &#34;/src/libraw/libraw/libraw.h&#34;
&lt;/code&gt;

&lt;/instruction&gt;

Fix code:
1. Consider possible solutions for the issues listed above.
2. Choose a solution that can maximize fuzzing result, which is utilizing the function under test and feeding it not null input.
3. Apply the solutions to the original code.
It&#39;s important to show the complete code, not only the fixed line.
&lt;solution&gt;
</pre>



<h3>Code #1</h3>

<pre>
#include &lt;cstddef&gt;
#include &lt;cstdint&gt;

#include &#34;/src/libraw/libraw/libraw.h&#34;

extern &#34;C&#34; int LLVMFuzzerTestOneInput(const uint8_t* data, size_t size) {
  // Create an instance of `LibRaw`
  LibRaw libraw = LibRaw();
  
  // Select CRX track
  libraw.selectCRXTrack();

  return 0;
}
&lt;/solution&gt;
</pre>


<h3>Fixer prompt #2</h3>
<pre>

Given the following C++ fuzz harness and its build error message, fix the code to make it build for fuzzing.

If there is undeclared identifier or unknown type name error, fix it by finding and including the related libraries.

MUST RETURN THE FULL CODE, INCLUDING UNCHANGED PARTS.

Below is the code needs to be built:
&lt;code&gt;
#include &lt;cstddef&gt;
#include &lt;cstdint&gt;

#include &#34;/src/libraw/libraw/libraw.h&#34;

extern &#34;C&#34; int LLVMFuzzerTestOneInput(const uint8_t* data, size_t size) {
  // Create an instance of `LibRaw`
  LibRaw libraw = LibRaw();
  
  // Select CRX track
  libraw.selectCRXTrack();

  return 0;
}
&lt;/code&gt;

Below is the error to fix:
The code has the following build issues:
&lt;error&gt;
/src/libraw_fuzzer.cc:11:10: error: no member named &#39;selectCRXTrack&#39; in &#39;LibRaw&#39;
   11 |   libraw.selectCRXTrack();
      |   ~~~~~~ ^
&lt;/error&gt;




Fix code:
1. Consider possible solutions for the issues listed above.
2. Choose a solution that can maximize fuzzing result, which is utilizing the function under test and feeding it not null input.
3. Apply the solutions to the original code.
It&#39;s important to show the complete code, not only the fixed line.
&lt;solution&gt;
</pre>



<h3>Code #2</h3>

<pre>
#include &lt;cstddef&gt;
#include &lt;cstdint&gt;

#include &#34;/src/libraw/libraw/libraw.h&#34;

extern &#34;C&#34; int LLVMFuzzerTestOneInput(const uint8_t* data, size_t size) {
  // Create an instance of `LibRaw`
  LibRaw libraw = LibRaw();
  
  // Open the image
  int ret = libraw.open_buffer(data, size);
  if (ret != 0) { // Check if the image is opened successfully
    return 0;
  }
  
  // Unpack the image
  libraw.unpack();
  
  return 0;
}
</pre>


<h3>Fixer prompt #3</h3>
<pre>

Given the following C++ fuzz harness and its build error message, fix the code to make it build for fuzzing.

If there is undeclared identifier or unknown type name error, fix it by finding and including the related libraries.

MUST RETURN THE FULL CODE, INCLUDING UNCHANGED PARTS.

Below is the code needs to be built:
&lt;code&gt;
#include &lt;cstddef&gt;
#include &lt;cstdint&gt;

#include &#34;/src/libraw/libraw/libraw.h&#34;

extern &#34;C&#34; int LLVMFuzzerTestOneInput(const uint8_t* data, size_t size) {
  // Create an instance of `LibRaw`
  LibRaw libraw = LibRaw();
  
  // Open the image
  int ret = libraw.open_buffer(data, size);
  if (ret != 0) { // Check if the image is opened successfully
    return 0;
  }
  
  // Unpack the image
  libraw.unpack();
  
  return 0;
}
&lt;/code&gt;

Below is the error to fix:
The code has the following build issues:
&lt;error&gt;
The target function `void LibRaw::selectCRXTrack()` was not called by the fuzz target `LLVMFuzzerTestOneInput`.YOU MUST CALL FUNCTION `void LibRaw::selectCRXTrack()` INSIDE FUNCTION `LLVMFuzzerTestOneInput`.
&lt;/error&gt;




Fix code:
1. Consider possible solutions for the issues listed above.
2. Choose a solution that can maximize fuzzing result, which is utilizing the function under test and feeding it not null input.
3. Apply the solutions to the original code.
It&#39;s important to show the complete code, not only the fixed line.
&lt;solution&gt;
</pre>



<h3>Code #3</h3>

<pre>
#include &lt;cstddef&gt;
#include &lt;cstdint&gt;

#include &#34;/src/libraw/libraw/libraw.h&#34;

extern &#34;C&#34; int LLVMFuzzerTestOneInput(const uint8_t* data, size_t size) {
  // Create an instance of `LibRaw`
  LibRaw libraw = LibRaw();
  
  // Open the image
  int ret = libraw.open_buffer(data, size);
  if (ret != 0) { // Check if the image is opened successfully
    return 0;
  }
  
  // Unpack the image
  libraw.unpack();

  // Call the required function
  libraw.selectCRXTrack();
  
  return 0;
}
</pre>


<h3>Fixer prompt #4</h3>
<pre>

Given the following C++ fuzz harness and its build error message, fix the code to make it build for fuzzing.

If there is undeclared identifier or unknown type name error, fix it by finding and including the related libraries.

MUST RETURN THE FULL CODE, INCLUDING UNCHANGED PARTS.

Below is the code needs to be built:
&lt;code&gt;
#include &lt;cstddef&gt;
#include &lt;cstdint&gt;

#include &#34;/src/libraw/libraw/libraw.h&#34;

extern &#34;C&#34; int LLVMFuzzerTestOneInput(const uint8_t* data, size_t size) {
  // Create an instance of `LibRaw`
  LibRaw libraw = LibRaw();
  
  // Open the image
  int ret = libraw.open_buffer(data, size);
  if (ret != 0) { // Check if the image is opened successfully
    return 0;
  }
  
  // Unpack the image
  libraw.unpack();

  // Call the required function
  libraw.selectCRXTrack();
  
  return 0;
}
&lt;/code&gt;

Below is the error to fix:
The code has the following build issues:
&lt;error&gt;
/src/libraw_fuzzer.cc:20:10: error: no member named &#39;selectCRXTrack&#39; in &#39;LibRaw&#39;
   20 |   libraw.selectCRXTrack();
      |   ~~~~~~ ^
&lt;/error&gt;




Fix code:
1. Consider possible solutions for the issues listed above.
2. Choose a solution that can maximize fuzzing result, which is utilizing the function under test and feeding it not null input.
3. Apply the solutions to the original code.
It&#39;s important to show the complete code, not only the fixed line.
&lt;solution&gt;
</pre>



<h3>Code #4</h3>

<pre>
#include &lt;cstddef&gt;
#include &lt;cstdint&gt;

#include &#34;/src/libraw/libraw/libraw.h&#34;

extern &#34;C&#34; int LLVMFuzzerTestOneInput(const uint8_t* data, size_t size) {
  // Create an instance of `LibRaw`
  LibRaw libraw = LibRaw();
  
  // Open the image
  int ret = libraw.open_buffer(data, size);
  if (ret != 0) { // Check if the image is opened successfully
    return 0;
  }
  
  // Unpack the image
  libraw.unpack();

  // The &#39;selectCRXTrack&#39; function does not exist in the &#39;LibRaw&#39; class.
  // Therefore, it is removed from the code.
  
  return 0;
}
</pre>


<h2>Logs</h2>
<pre>
Fixing /home/chyun/oss-fuzz-gen/results/output-libraw-_zn6libraw14selectcrxtrackev/fixed_targets/01.cc with gpt-4, attempt 1.
Fixing /home/chyun/oss-fuzz-gen/results/output-libraw-_zn6libraw14selectcrxtrackev/fixed_targets/01.cc with gpt-4, attempt 2.
Fixing /home/chyun/oss-fuzz-gen/results/output-libraw-_zn6libraw14selectcrxtrackev/fixed_targets/01.cc with gpt-4, attempt 3.
Fixing /home/chyun/oss-fuzz-gen/results/output-libraw-_zn6libraw14selectcrxtrackev/fixed_targets/01.cc with gpt-4, attempt 4.
Successfully built /home/chyun/oss-fuzz-gen/results/output-libraw-_zn6libraw14selectcrxtrackev/fixed_targets/01.cc with gpt-4 in 4 iterations of fixing.
Triaging the crash related to /home/chyun/oss-fuzz-gen/results/output-libraw-_zn6libraw14selectcrxtrackev/fixed_targets/01.cc with gpt-4.
Warning: no crash info in libraw-zn6libraw14selectcrxtrackev-01.
Result for libraw-zn6libraw14selectcrxtrackev-01: crashes=False, coverage=0.04753600360036003 (845/17776), coverage diff=0.0 (0/36937)

</pre>

<h2>Run logs</h2>
<pre>
INFO:__main__:Running: docker run --privileged --shm-size=2g --platform linux/amd64 --rm -e FUZZING_ENGINE=libfuzzer -e SANITIZER=address -e RUN_FUZZER_MODE=interactive -e HELPER=True -v /home/chyun/oss-fuzz-gen/results/output-libraw-_zn6libraw14selectcrxtrackev/corpora/01.cc:/tmp/libraw_cr2_fuzzer_corpus -v /tmp/tmpgthj4acw/build/out/libraw-zn6libraw14selectcrxtrackev-01:/out -t gcr.io/oss-fuzz-base/base-runner run_fuzzer libraw_cr2_fuzzer -print_final_stats=1 -max_total_time=30 -len_control=0 -timeout=30.
vm.mmap_rnd_bits = 28
rm: cannot remove &#39;/tmp/libraw_cr2_fuzzer_corpus&#39;: Device or resource busy
Using seed corpus: libraw_cr2_fuzzer_seed_corpus.zip
/out/libraw_cr2_fuzzer -rss_limit_mb=2560 -timeout=25 -print_final_stats=1 -max_total_time=30 -len_control=0 -timeout=30 /tmp/libraw_cr2_fuzzer_corpus &lt; /dev/null
INFO: Running with entropic power schedule (0xFF, 100).
INFO: Seed: 2441188061
INFO: Loaded 1 modules   (17776 inline 8-bit counters): 17776 [0x55ea2328d448, 0x55ea232919b8), 
INFO: Loaded 1 PC tables (17776 PCs): 17776 [0x55ea232919b8,0x55ea232d70b8), 
INFO:        3 files found in /tmp/libraw_cr2_fuzzer_corpus
INFO: -max_len is not provided; libFuzzer will not generate inputs larger than 1048576 bytes
INFO: seed corpus: files: 3 min: 6884212b max: 12304199b total: 27614165b rss: 33Mb
unknown file: Unexpected end of file
unknown file: Unexpected end of file
unknown file: Unexpected end of file
#5	INITED cov: 783 ft: 896 corp: 3/3072Kb exec/s: 0 rss: 50Mb
unknown file: data corrupted at 674552
	NEW_FUNC[1/1]: 0x55ea22fd1b40 in LibRaw::crop_masked_pixels() /src/libraw/src/utils/utils_dcraw.cpp:184
#6	NEW    cov: 824 ft: 961 corp: 4/4096Kb lim: 1048576 exec/s: 6 rss: 69Mb L: 1048576/1048576 MS: 1 CopyPart-
unknown file: data corrupted at 793709
#7	NEW    cov: 825 ft: 981 corp: 5/5080Kb lim: 1048576 exec/s: 3 rss: 69Mb L: 1007919/1048576 MS: 1 EraseBytes-
#8	pulse  cov: 825 ft: 981 corp: 5/5080Kb lim: 1048576 exec/s: 4 rss: 69Mb
#16	pulse  cov: 825 ft: 981 corp: 5/5080Kb lim: 1048576 exec/s: 8 rss: 69Mb
#16	REDUCE cov: 825 ft: 981 corp: 5/4714Kb lim: 1048576 exec/s: 8 rss: 69Mb L: 674474/1048576 MS: 4 ChangeBit-CMP-CopyPart-EraseBytes- DE: &#34;on&#34;-
unknown file: Unexpected end of file
unknown file: Unexpected end of file
#19	NEW    cov: 834 ft: 1013 corp: 6/5668Kb lim: 1048576 exec/s: 9 rss: 69Mb L: 976844/1048576 MS: 3 ChangeByte-ShuffleBytes-EraseBytes-
unknown file: Unexpected end of file
#20	NEW    cov: 834 ft: 1014 corp: 7/6692Kb lim: 1048576 exec/s: 10 rss: 69Mb L: 1048576/1048576 MS: 1 ChangeByte-
unknown file: data corrupted at 674552
unknown file: data corrupted at 674552
unknown file: data corrupted at 674552
unknown file: data corrupted at 674552
unknown file: data corrupted at 674552
unknown file: data corrupted at 674552
unknown file: data corrupted at 674552
unknown file: data corrupted at 674552
unknown file: data corrupted at 674552
unknown file: data corrupted at 674552
unknown file: Unexpected end of file
#32	pulse  cov: 834 ft: 1015 corp: 7/6692Kb lim: 1048576 exec/s: 2 rss: 76Mb
#32	NEW    cov: 835 ft: 1015 corp: 8/7716Kb lim: 1048576 exec/s: 2 rss: 76Mb L: 1048576/1048576 MS: 2 ChangeBinInt-CrossOver-
unknown file: data corrupted at 793710
#33	NEW    cov: 835 ft: 1017 corp: 9/8701Kb lim: 1048576 exec/s: 2 rss: 76Mb L: 1007920/1048576 MS: 1 InsertByte-
#34	NEW    cov: 835 ft: 1074 corp: 10/9685Kb lim: 1048576 exec/s: 2 rss: 76Mb L: 1007922/1048576 MS: 1 CMP- DE: &#34;7\011&#34;-
unknown file: Unexpected end of file
unknown file: Unexpected end of file
unknown file: data corrupted at 974850
#37	NEW    cov: 835 ft: 1082 corp: 11/10709Kb lim: 1048576 exec/s: 2 rss: 78Mb L: 1048576/1048576 MS: 3 CopyPart-PersAutoDict-CrossOver- DE: &#34;7\011&#34;-
unknown file: data corrupted at 771739
unknown file: data corrupted at 669532
#39	NEW    cov: 835 ft: 1087 corp: 12/11693Kb lim: 1048576 exec/s: 2 rss: 78Mb L: 1007921/1048576 MS: 2 InsertByte-CopyPart-
#41	REDUCE cov: 835 ft: 1087 corp: 12/11575Kb lim: 1048576 exec/s: 2 rss: 78Mb L: 927858/1048576 MS: 2 ChangeASCIIInt-EraseBytes-
#44	NEW    cov: 840 ft: 1102 corp: 13/12541Kb lim: 1048576 exec/s: 2 rss: 78Mb L: 988415/1048576 MS: 3 CopyPart-ChangeBinInt-EraseBytes-
unknown file: Unexpected end of file
unknown file: data corrupted at 813000
#46	NEW    cov: 840 ft: 1104 corp: 14/13565Kb lim: 1048576 exec/s: 2 rss: 81Mb L: 1048576/1048576 MS: 2 ChangeBit-CopyPart-
unknown file: data corrupted at 669526
#47	NEW    cov: 840 ft: 1105 corp: 15/14549Kb lim: 1048576 exec/s: 2 rss: 81Mb L: 1007921/1048576 MS: 1 ChangeByte-
#50	NEW    cov: 840 ft: 1111 corp: 16/14942Kb lim: 1048576 exec/s: 2 rss: 81Mb L: 402358/1048576 MS: 3 EraseBytes-EraseBytes-InsertByte-
unknown file: data corrupted at 974850
unknown file: data corrupted at 669526
unknown file: data corrupted at 669526
unknown file: data corrupted at 579433
unknown file: data corrupted at 579433
unknown file: data corrupted at 579433
unknown file: data corrupted at 674552
unknown file: data corrupted at 674552
unknown file: data corrupted at 674552
unknown file: data corrupted at 674552
#64	pulse  cov: 840 ft: 1111 corp: 16/14942Kb lim: 1048576 exec/s: 2 rss: 84Mb
unknown file: data corrupted at 674552
unknown file: data corrupted at 793710
unknown file: data corrupted at 793710
unknown file: Unexpected end of file
#71	NEW    cov: 840 ft: 1112 corp: 17/15966Kb lim: 1048576 exec/s: 2 rss: 84Mb L: 1048576/1048576 MS: 1 ShuffleBytes-
unknown file: Unexpected end of file
unknown file: Unexpected end of file
unknown file: Unexpected end of file
#75	NEW    cov: 845 ft: 1129 corp: 18/15986Kb lim: 1048576 exec/s: 2 rss: 84Mb L: 20548/1048576 MS: 4 ShuffleBytes-ChangeByte-ShuffleBytes-CrossOver-
unknown file: data corrupted at 669526
unknown file: data corrupted at 669526
unknown file: data corrupted at 669532
unknown file: data corrupted at 669532
unknown file: data corrupted at 669532
#90	DONE   cov: 845 ft: 1129 corp: 18/15986Kb lim: 1048576 exec/s: 2 rss: 84Mb
###### Recommended dictionary. ######
&#34;on&#34; # Uses: 1
&#34;7\011&#34; # Uses: 2
###### End of recommended dictionary. ######
Done 90 runs in 34 second(s)
stat::number_of_executed_units: 90
stat::average_exec_per_sec:     2
stat::new_units_added:          17
stat::slowest_unit_time_sec:    0
stat::peak_rss_mb:              84

</pre>


</body>