<!doctype html>

<meta charset="utf-8">
<meta name="viewport" content="width=device-width, initial-scale=1" />
<title>Experiment results</title>
<style>
* {
    box-sizing: border-box;
}

html {
    line-height: 1.15;
}

body {
    font-family: sans-serif;
    font-size: 16px;
}

table {
    border-collapse: collapse;
    border-spacing: 0;
}

td, th {
    border-right: 1px #dedede solid;
    border-bottom: 1px #dedede solid;
    padding: 5px;
    text-align: left;
}
td:first-child, th:first-child {
    border-left: 1px #dedede solid;
}
th {
    border-top: 1px #dedede solid;
}

tbody tr:nth-child(odd) {
    background-color: #f4f5ff;
}
</style>
<body>
    LLM: 
    
<h1>output-xpdf-_zn6pdfdoc12displaypagesep9outputdeviiddiiiipfipves2_ / 01</h1>
Bug: False
<br>
Crash reason: -
<br>
<br>

<h2>Triage</h2>
<pre>

</pre>
<br>





<h3>Final code</h3>

<pre>
Apologies, but without the original C++ fuzz harness code, it&#39;s impossible to provide a corrected version of the code. Please provide the original code for further assistance.
</pre>


<h3>Fixer prompt #1</h3>
<pre>

Given the following C++ fuzz harness and its build error message, fix the code to make it build for fuzzing.

If there is undeclared identifier or unknown type name error, fix it by finding and including the related libraries.

MUST RETURN THE FULL CODE, INCLUDING UNCHANGED PARTS.

Below is the code needs to be built:
&lt;code&gt;
#include &lt;fuzzer/FuzzedDataProvider.h&gt;

#include &lt;stddef.h&gt;
#include &lt;stdint.h&gt;

#include &#34;GString.h&#34;
#include &#34;GlobalParams.h&#34;
#include &#34;PDFDoc.h&#34;
#include &#34;config.h&#34;

extern &#34;C&#34; int LLVMFuzzerTestOneInput(const uint8_t *data, size_t size) {
  if (size &lt; sizeof(int))
    return 0;

  FuzzedDataProvider fdp(data, size);

  int firstPage = fdp.ConsumeIntegral&lt;int&gt;();
  int lastPage = fdp.ConsumeIntegral&lt;int&gt;();
  double hDPI = fdp.ConsumeFloatingPoint&lt;double&gt;();
  double vDPI = fdp.ConsumeFloatingPoint&lt;double&gt;();
  int rotate = fdp.ConsumeIntegral&lt;int&gt;();
  GBool useMediaBox = fdp.ConsumeIntegral&lt;GBool&gt;();
  GBool crop = fdp.ConsumeIntegral&lt;GBool&gt;();
  GBool printing = fdp.ConsumeIntegral&lt;GBool&gt;();
  std::vector&lt;char&gt; payload = fdp.ConsumeRemainingBytes&lt;char&gt;();

  Object obj;
  obj.initNull();
  MemStream *str = new MemStream(payload.data(), 0, payload.size(), &amp;obj);
  PDFDoc *doc = nullptr;
  try {
    doc = new PDFDoc(str, NULL, NULL, NULL);

    if (doc-&gt;isOk()) {
      OutputDev *op = nullptr;
      doc-&gt;displayPages(op, firstPage, lastPage, hDPI, vDPI, rotate, useMediaBox, crop, printing, NULL, NULL);
    }
  } catch (...) {
  }

  delete doc;

  return 0;
}
&lt;/code&gt;

Below is the error to fix:
The code has the following build issues:
&lt;error&gt;

&lt;/error&gt;




Fix code:
1. Consider possible solutions for the issues listed above.
2. Choose a solution that can maximize fuzzing result, which is utilizing the function under test and feeding it not null input.
3. Apply the solutions to the original code.
It&#39;s important to show the complete code, not only the fixed line.
&lt;solution&gt;
</pre>



<h3>Code #1</h3>

<pre>
The error message is missing, so it&#39;s impossible to provide a specific solution. However, I can suggest a few potential solutions based on common issues:

1. If the error message is about missing headers, you need to include them. For example, if the error message is about `Object`, `MemStream`, or `OutputDev` not being recognized, you might need to include their respective headers.

2. If the error message is about `GBool` not being recognized, it might be because `GBool` is not a standard C++ type. You might need to replace `GBool` with a standard type like `bool`.

3. If the error message is about `PDFDoc` or `displayPages` not being recognized, you might need to include the correct headers or fix the method call.

Without the specific error message, it&#39;s impossible to provide a more accurate solution.
</pre>


<h3>Fixer prompt #2</h3>
<pre>

Given the following C++ fuzz harness and its build error message, fix the code to make it build for fuzzing.

If there is undeclared identifier or unknown type name error, fix it by finding and including the related libraries.

MUST RETURN THE FULL CODE, INCLUDING UNCHANGED PARTS.

Below is the code needs to be built:
&lt;code&gt;
The error message is missing, so it&#39;s impossible to provide a specific solution. However, I can suggest a few potential solutions based on common issues:

1. If the error message is about missing headers, you need to include them. For example, if the error message is about `Object`, `MemStream`, or `OutputDev` not being recognized, you might need to include their respective headers.

2. If the error message is about `GBool` not being recognized, it might be because `GBool` is not a standard C++ type. You might need to replace `GBool` with a standard type like `bool`.

3. If the error message is about `PDFDoc` or `displayPages` not being recognized, you might need to include the correct headers or fix the method call.

Without the specific error message, it&#39;s impossible to provide a more accurate solution.
&lt;/code&gt;

Below is the error to fix:
The code has the following build issues:
&lt;error&gt;
fuzz_JBIG2.cc:1:1: error: unknown type name &#39;The&#39;
    1 | The error message is missing, so it&#39;s impossible to provide a specific solution. However, I can suggest a few potential solutions based on common issues:
      | ^
fuzz_JBIG2.cc:1:10: error: expected &#39;;&#39; after top level declarator
    1 | The error message is missing, so it&#39;s impossible to provide a specific solution. However, I can suggest a few potential solutions based on common issues:
      |          ^
      |          ;
fuzz_JBIG2.cc:1:36: warning: missing terminating &#39; character [-Winvalid-pp-token]
    1 | The error message is missing, so it&#39;s impossible to provide a specific solution. However, I can suggest a few potential solutions based on common issues:
      |                                    ^
fuzz_JBIG2.cc:9:39: warning: missing terminating &#39; character [-Winvalid-pp-token]
    9 | Without the specific error message, it&#39;s impossible to provide a more accurate solution.
      |                                       ^
&lt;/error&gt;


Below are instructions to assist you in fixing the error.
&lt;instruction&gt;
IMPORTANT: ALWAYS INCLUDE STANDARD LIBRARIES BEFORE PROJECT-SPECIFIC (xpdf) LIBRARIES. This order prevents errors like &#34;unknown type name&#34; for basic types. Additionally, include project-specific libraries that contain declarations before those thatuse these declared symbols.
&lt;/instruction&gt;

Fix code:
1. Consider possible solutions for the issues listed above.
2. Choose a solution that can maximize fuzzing result, which is utilizing the function under test and feeding it not null input.
3. Apply the solutions to the original code.
It&#39;s important to show the complete code, not only the fixed line.
&lt;solution&gt;
</pre>



<h3>Code #2</h3>

<pre>
Apologies for the confusion but without the original C++ fuzz harness code and the specific build error message, it&#39;s impossible to provide a corrected version of the code. Please provide the original code and the error message for further assistance.
</pre>


<h3>Fixer prompt #3</h3>
<pre>

Given the following C++ fuzz harness and its build error message, fix the code to make it build for fuzzing.

If there is undeclared identifier or unknown type name error, fix it by finding and including the related libraries.

MUST RETURN THE FULL CODE, INCLUDING UNCHANGED PARTS.

Below is the code needs to be built:
&lt;code&gt;
Apologies for the confusion but without the original C++ fuzz harness code and the specific build error message, it&#39;s impossible to provide a corrected version of the code. Please provide the original code and the error message for further assistance.
&lt;/code&gt;

Below is the error to fix:
The code has the following build issues:
&lt;error&gt;
The target function `void PDFDoc::displayPages(OutputDev *, int, int, double, double, int, GBool, GBool, GBool, DW_TAG_subroutine_typeInfinite loop *, void *)` was not called by the fuzz target `LLVMFuzzerTestOneInput`.YOU MUST CALL FUNCTION `void PDFDoc::displayPages(OutputDev *, int, int, double, double, int, GBool, GBool, GBool, DW_TAG_subroutine_typeInfinite loop *, void *)` INSIDE FUNCTION `LLVMFuzzerTestOneInput`.
&lt;/error&gt;




Fix code:
1. Consider possible solutions for the issues listed above.
2. Choose a solution that can maximize fuzzing result, which is utilizing the function under test and feeding it not null input.
3. Apply the solutions to the original code.
It&#39;s important to show the complete code, not only the fixed line.
&lt;solution&gt;
</pre>



<h3>Code #3</h3>

<pre>
Apologies, but without the original C++ fuzz harness code, it&#39;s impossible to provide a corrected version of the code. Please provide the original code for further assistance.
</pre>


<h3>Fixer prompt #4</h3>
<pre>

Given the following C++ fuzz harness and its build error message, fix the code to make it build for fuzzing.

If there is undeclared identifier or unknown type name error, fix it by finding and including the related libraries.

MUST RETURN THE FULL CODE, INCLUDING UNCHANGED PARTS.

Below is the code needs to be built:
&lt;code&gt;
Apologies, but without the original C++ fuzz harness code, it&#39;s impossible to provide a corrected version of the code. Please provide the original code for further assistance.
&lt;/code&gt;

Below is the error to fix:
The code has the following build issues:
&lt;error&gt;
The target function `void PDFDoc::displayPages(OutputDev *, int, int, double, double, int, GBool, GBool, GBool, DW_TAG_subroutine_typeInfinite loop *, void *)` was not called by the fuzz target `LLVMFuzzerTestOneInput`.YOU MUST CALL FUNCTION `void PDFDoc::displayPages(OutputDev *, int, int, double, double, int, GBool, GBool, GBool, DW_TAG_subroutine_typeInfinite loop *, void *)` INSIDE FUNCTION `LLVMFuzzerTestOneInput`.
&lt;/error&gt;




Fix code:
1. Consider possible solutions for the issues listed above.
2. Choose a solution that can maximize fuzzing result, which is utilizing the function under test and feeding it not null input.
3. Apply the solutions to the original code.
It&#39;s important to show the complete code, not only the fixed line.
&lt;solution&gt;
</pre>



<h3>Code #4</h3>

<pre>
Apologies, but without the original C++ fuzz harness code, it&#39;s impossible to provide a corrected version of the code. Please provide the original code for further assistance.
</pre>


<h3>Fixer prompt #5</h3>
<pre>

Given the following C++ fuzz harness and its build error message, fix the code to make it build for fuzzing.

If there is undeclared identifier or unknown type name error, fix it by finding and including the related libraries.

MUST RETURN THE FULL CODE, INCLUDING UNCHANGED PARTS.

Below is the code needs to be built:
&lt;code&gt;
Apologies, but without the original C++ fuzz harness code, it&#39;s impossible to provide a corrected version of the code. Please provide the original code for further assistance.
&lt;/code&gt;

Below is the error to fix:
The code has the following build issues:
&lt;error&gt;
The target function `void PDFDoc::displayPages(OutputDev *, int, int, double, double, int, GBool, GBool, GBool, DW_TAG_subroutine_typeInfinite loop *, void *)` was not called by the fuzz target `LLVMFuzzerTestOneInput`.YOU MUST CALL FUNCTION `void PDFDoc::displayPages(OutputDev *, int, int, double, double, int, GBool, GBool, GBool, DW_TAG_subroutine_typeInfinite loop *, void *)` INSIDE FUNCTION `LLVMFuzzerTestOneInput`.
&lt;/error&gt;




Fix code:
1. Consider possible solutions for the issues listed above.
2. Choose a solution that can maximize fuzzing result, which is utilizing the function under test and feeding it not null input.
3. Apply the solutions to the original code.
It&#39;s important to show the complete code, not only the fixed line.
&lt;solution&gt;
</pre>



<h3>Code #5</h3>

<pre>
Apologies, but without the original C++ fuzz harness code, it&#39;s impossible to provide a corrected version of the code. Please provide the original code for further assistance.
</pre>


<h2>Logs</h2>
<pre>
Fixing /home/chyun/oss-fuzz-gen1/results7/output-xpdf-_zn6pdfdoc12displaypagesep9outputdeviiddiiiipfipves2_/fixed_targets/01.cc with gpt-4, attempt 1.
Fixing /home/chyun/oss-fuzz-gen1/results7/output-xpdf-_zn6pdfdoc12displaypagesep9outputdeviiddiiiipfipves2_/fixed_targets/01.cc with gpt-4, attempt 2.
Fixing /home/chyun/oss-fuzz-gen1/results7/output-xpdf-_zn6pdfdoc12displaypagesep9outputdeviiddiiiipfipves2_/fixed_targets/01.cc with gpt-4, attempt 3.
Fixing /home/chyun/oss-fuzz-gen1/results7/output-xpdf-_zn6pdfdoc12displaypagesep9outputdeviiddiiiipfipves2_/fixed_targets/01.cc with gpt-4, attempt 4.
Fixing /home/chyun/oss-fuzz-gen1/results7/output-xpdf-_zn6pdfdoc12displaypagesep9outputdeviiddiiiipfipves2_/fixed_targets/01.cc with gpt-4, attempt 5.
Failed to build /home/chyun/oss-fuzz-gen1/results7/output-xpdf-_zn6pdfdoc12displaypagesep9outputdeviiddiiiipfipves2_/fixed_targets/01.cc with gpt-4 in 5 iterations of fixing.

</pre>

<h2>Run logs</h2>
<pre>

</pre>


</body>